

 Parallel Execution: Process Information
 ==============================================================================
 Rank   Node Name                              NodeID   MyNodeRank  NodeMaster
    0   c011                                      0          0          0
    1   c011                                      1          0          1
    2   c011                                      0          1         -1
    3   c011                                      1          1         -1
    4   c011                                      0          2         -1
    5   c011                                      1          2         -1
    6   c011                                      0          3         -1
    7   c011                                      1          3         -1
    8   c011                                      0          4         -1
    9   c011                                      1          4         -1
   10   c011                                      0          5         -1
   11   c011                                      1          5         -1
   12   c011                                      0          6         -1
   13   c011                                      1          6         -1
   14   c011                                      0          7         -1
   15   c011                                      1          7         -1
   16   c011                                      0          8         -1
   17   c011                                      1          8         -1
   18   c011                                      0          9         -1
   19   c011                                      1          9         -1
   20   c011                                      0         10         -1
   21   c011                                      1         10         -1
   22   c011                                      0         11         -1
   23   c011                                      1         11         -1
   24   c011                                      0         12         -1
   25   c011                                      1         12         -1
   26   c011                                      0         13         -1
   27   c011                                      1         13         -1
   28   c011                                      0         14         -1
   29   c011                                      1         14         -1
   30   c011                                      0         15         -1
   31   c011                                      1         15         -1
   32   c011                                      2          0          2
   33   c011                                      3          0          3
   34   c011                                      2          1         -1
   35   c011                                      3          1         -1
   36   c011                                      2          2         -1
   37   c011                                      3          2         -1
   38   c011                                      2          3         -1
   39   c011                                      3          3         -1
   40   c011                                      2          4         -1
   41   c011                                      3          4         -1
   42   c011                                      2          5         -1
   43   c011                                      3          5         -1
   44   c011                                      2          6         -1
   45   c011                                      3          6         -1
   46   c011                                      2          7         -1
   47   c011                                      3          7         -1
   48   c011                                      2          8         -1
   49   c011                                      3          8         -1
   50   c011                                      2          9         -1
   51   c011                                      3          9         -1
   52   c011                                      2         10         -1
   53   c011                                      3         10         -1
   54   c011                                      2         11         -1
   55   c011                                      3         11         -1
   56   c011                                      2         12         -1
   57   c011                                      3         12         -1
   58   c011                                      2         13         -1
   59   c011                                      3         13         -1
   60   c011                                      2         14         -1
   61   c011                                      3         14         -1
   62   c011                                      2         15         -1
   63   c011                                      3         15         -1
   64   c011                                      4          0          4
   65   c011                                      5          0          5
   66   c011                                      4          1         -1
   67   c011                                      5          1         -1
   68   c011                                      4          2         -1
   69   c011                                      5          2         -1
   70   c011                                      4          3         -1
   71   c011                                      5          3         -1
   72   c011                                      4          4         -1
   73   c011                                      5          4         -1
   74   c011                                      4          5         -1
   75   c011                                      5          5         -1
   76   c011                                      4          6         -1
   77   c011                                      5          6         -1
   78   c011                                      4          7         -1
   79   c011                                      5          7         -1
   80   c011                                      4          8         -1
   81   c011                                      5          8         -1
   82   c011                                      4          9         -1
   83   c011                                      5          9         -1
   84   c011                                      4         10         -1
   85   c011                                      5         10         -1
   86   c011                                      4         11         -1
   87   c011                                      5         11         -1
   88   c011                                      4         12         -1
   89   c011                                      5         12         -1
   90   c011                                      4         13         -1
   91   c011                                      5         13         -1
   92   c011                                      4         14         -1
   93   c011                                      5         14         -1
   94   c011                                      4         15         -1
   95   c011                                      5         15         -1
   96   c011                                      6          0          6
   97   c011                                      7          0          7
   98   c011                                      6          1         -1
   99   c011                                      7          1         -1
  100   c011                                      6          2         -1
  101   c011                                      7          2         -1
  102   c011                                      6          3         -1
  103   c011                                      7          3         -1
  104   c011                                      6          4         -1
  105   c011                                      7          4         -1
  106   c011                                      6          5         -1
  107   c011                                      7          5         -1
  108   c011                                      6          6         -1
  109   c011                                      7          6         -1
  110   c011                                      6          7         -1
  111   c011                                      7          7         -1
  112   c011                                      6          8         -1
  113   c011                                      7          8         -1
  114   c011                                      6          9         -1
  115   c011                                      7          9         -1
  116   c011                                      6         10         -1
  117   c011                                      7         10         -1
  118   c011                                      6         11         -1
  119   c011                                      7         11         -1
  120   c011                                      6         12         -1
  121   c011                                      7         12         -1
  122   c011                                      6         13         -1
  123   c011                                      7         13         -1
  124   c011                                      6         14         -1
  125   c011                                      7         14         -1
  126   c011                                      6         15         -1
  127   c011                                      7         15         -1
 ==============================================================================


May use up to 14980MB of RAM as shared memory on node 0
May use up to 15377MB of RAM as shared memory on node 1
May use up to 15377MB of RAM as shared memory on node 2
May use up to 15377MB of RAM as shared memory on node 3
May use up to 15377MB of RAM as shared memory on node 4
May use up to 15377MB of RAM as shared memory on node 5
May use up to 15349MB of RAM as shared memory on node 6
May use up to 15377MB of RAM as shared memory on node 7

 *******************************************************************************
 *                                                                             *
 *  --------------------------------                                           *
 *   Amsterdam Modeling Suite (AMS)              2023.104                      *
 *  --------------------------------                                           *
 *                                               r115785 2023-10-06            *
 *                                                                             *
 *                                                                             *
 *                              =================                              *
 *                              |               |                              *
 *                              |     A M S     |                              *
 *                              |               |                              *
 *                              =================                              *
 *                                                                             *
 *                                                                             *
 *   Online information and documentation:  https://www.scm.com/support/       *
 *   E-mail:  support@scm.com   info@scm.com                                   *
 *                                                                             *
 *   Scientific publications using AMS results must be properly referenced     *
 *   See the User Manuals (or the web site) for recommended citations          *
 *   The terms and conditions of the End User License Agreement apply to       *
 *   the use of AMS, https://www.scm.com/license-terms/                        *
 *                                                                             *
 **********************  x86_64_linux_intel / intelmpi  ************************
 
 Licensed to: Dr. Amanda Morgenstern / University of Colorado / Colorado Springs / Colorado / USA 2024-12-20 19:21:38
 SCM User ID: u21568
  
 AMS 2023.104  RunTime: May22-2025 11:46:28  ShM Nodes: 8  Procs: 128

 AMS jobname: diSO2_2CHplus_B3LYP_TZP_KlamtWater_solvfrag_towardC.CH2
 AMS jobid  : 1362068667

 Start   directory: /home/amorgens/adf_calcs/tetramine/final_ams_calcs/fragments/
 Results directory: /home/amorgens/adf_calcs/tetramine/final_ams_calcs/fragments/diSO2_2CHplus_B3LYP_TZP_KlamtWater_solvfrag_towardC.CH2.results/
 Scratch directory: /tmp/amstmp_diSO2_2CHplus_B3LYP_TZP_KlamtWater_solvfrag_towardC.CH2_kid0.1362068667/


 Communication costs MPI_COMM_WORLD:      4.541 usec per message,   0.0472 usec per 8-byte item
 Communication costs for intra-node:      1.650 usec per message,   0.0065 usec per 8-byte item

 RNG seed: 925684921 -104252985 1075286985 -538229243 1494571385 458848628 -1040312601 -2012740855



                     **************************************************************************
                     *  ADF 2023.104  RunTime: May22-2025 11:46:29  ShM Nodes: 8  Procs: 128  *
                     **************************************************************************
  
 Geometry symmetrized to: Cs
 Geometry reoriented with symmetry: C(S)

       ****************************
       * SINGLE POINT CALCULATION *
       ****************************
 
--------
Geometry
--------
Formula: CH2
Atoms
  Index Symbol   x (angstrom)   y (angstrom)   z (angstrom)
      1      C    -2.50660630    -0.07437610     0.00000000       region=CH2 adf.R=2.00
      2      H    -3.09607294    -0.98866097     0.00000000       region=CH2 adf.R=1.30
      3      H    -3.20252473     0.76186094     0.00000000       region=CH2 adf.R=1.30
 
Total System Charge             0.00000
Bonding info available!
 
 
----------------
ADF Engine Input
----------------
 
 Basis
 Type TZP
 Core None
 End
 XC
 Hybrid B3LYP
 End
 Title CH2 fragment
 Relativity
 Level None
 End
 Symmetry NOSYM
 Solvation
 Surf Delley
 Solv name=Water cav0=0.0 cav1=0.0067639
 Charged method=CONJ
 C-Mat POT
 SCF VAR ALL
 CSMRSP
 End
 

 Title: CH2 fragment

 *** adf ***



 ===========================
 A T T A C H E D   F I L E S
 ===========================
  



 ===============================
 M O D E L   P A R A M E T E R S
 ===============================
  
 DENSITY FUNCTIONAL POTENTIAL (scf)
    Hybrid:                            B3LYP                                   == Not Default ==

 SPIN  (restricted / unrestr.)
    Molecule:                          Restricted                               
    Fragments:                         Restricted                               

 OTHER ASPECTS
    Relativistic Corrections:          ---                                     == Not Default ==

    Nuclear Charge Density Model:      Point Charge Nuclei                      
    Core Treatment:                    Frozen Orbital(s)                        

    Hyperfine or Zeeman Interaction:   ---                                      

 SOLVATION
-------------------------------------------

  The Delley construction of COSMO surface surface is calculated

       Division Level for Surface Triangles (NDIV)                  3
       Final Division Level for Triangles (NFDIV)                   1
       Radius of the Solvent (RSOL)                           1.93000 angstr
  Dielectric Constant (EPSL)                                 78.39000

       COSMO equation is solved iteratively-               conjugate-gradient

       Maximun of Iterations for Charges (NCIX)                  1000
       Criterion for Charge convergence (CCNV)                1.0E-08

  COSMO charges included variationally in SCF

       COSMO included at every SCF cycle

  Geometry-dependent empirical factor                         0.00000

  C-Matrix calculated in cspmtx

  In cspmtx, C-Matrix calculated using fitted potential

-------------------------------------------



 Fragment File(s)
 ----------------
 C:
         file : /home/amorgens/adf_calcs/tetramine/final_ams_calcs/fragments/diSO2_2CHplus_B3LYP_TZP_KlamtWater_solvfrag_towardC.CH2.results/t21.28079B0C.C
         jobid: 0
         title: Carbon (TZP)
 H:
         file : /home/amorgens/adf_calcs/tetramine/final_ams_calcs/fragments/diSO2_2CHplus_B3LYP_TZP_KlamtWater_solvfrag_towardC.CH2.results/t21.3526984.H
         jobid: 0
         title: Hydrogen (TZP)



 ===============
 G E O M E T R Y  ***  Planar Molecule  ***
 ===============
  

 ATOMS
 =====                            X Y Z                    CHARGE                     RADIUS
                                (Angstrom)             Nucl     +Core       At.Mass (Angstrom)
                       --------------------------    ----------------       ------- ----------
    1  C              -2.5066   -0.0744    0.0000      6.00      6.00       12.0000    2.0000
    2  H              -3.0961   -0.9887    0.0000      1.00      1.00        1.0078    1.3000
    3  H              -3.2025    0.7619    0.0000      1.00      1.00        1.0078    1.3000


 FRAGMENTS
 =========                                     Atoms in this Fragment     Cart. coord.s (Angstrom)
                                               -------------------------------------------------------
    1  C                                                 1  C           -2.5066   -0.0744    0.0000
    2  H                                                 2  H           -3.0961   -0.9887    0.0000
    3  H                                                 3  H           -3.2025    0.7619    0.0000


 Interatomic Distance Matrix (Angstrom)
 --------------------------------------

   1)     0.000
   2)     1.088   0.000
   3)     1.088   1.754   0.000

 Min. Distance =    1.0878
 Max. Distance =    1.7538



 =====================================
 S Y M M E T R Y ,   E L E C T R O N S
 =====================================
  
 Symmetry: NOSYM

 Irreducible Representations, including subspecies
 -------------------------------------------------
 A

 Symmetry is NOT used when fitting density


 Configuration of Valence Electrons
 ==================================
 ( determined in the SCF procedure )

 Total:   8

 Net Charge: 0 (Nuclei minus Electrons)

 Aufbau principle for MO occupations will be applied through SCF cycle no.     150
 Thereafter, the program will assign electrons to MOs that are spatially
 similar to the occupied MOs in a "reference" cycle ("KeepOrbitals").
 The reference cycle is always the PREVIOUS cycle: it will evolve with
 the SCF procedure.
1
 ***************************************************************************************************



                                      ****************************************
                                      *  B U I L D : (Fragments, Functions)  *
                                      ****************************************
  



 =======
 S F O s  ***  (Symmetrized Fragment Orbitals)  ***
 =======
  
 SFOs are linear combinations of (valence) Fragment Orbitals (FOs), such that the SFOs transform as the
 irreducible representations of the (molecular) symmetry group. Each SFO is therefore characterized by
 an irrep of the molecule and by a few (or only one) generating FOs.
 The SFOs constitute a symmetry-adapted basis for the Fock matrix. The MO eigenvector coefficients in
 this basis provide a direct interpretation of the MOs in terms of Frontier Orbital Theory.

 The SFOs are combined with auxiliary Core Functions (CFs) to ensure orthogonalization on the (frozen)
 Core Orbitals (COs). The Core-orthogonalized SFOs (CSFOs) constitute the true Fock basis.

 The FOs, and hence also the (C)SFOs are combinations of the elementary basis functions (BAS). The basis
 functions that participate in the description of the SFOs depend on the irrep. The indices of the
 involved functions are printed below for each irrep.
 (The complete list of primitive basis functions is printed in another section)

 Total nr. of (C)SFOs (summation over all irreps) :    31

 NOTE: a (C)SFO that is defined as a combination of more than one FO is usually NOT normalized.



                                       === A ===
 Nr. of SFOs :   31
 Cartesian basis functions that participate in this irrep (total number =    32) :
      1     2     3     4     5     6     9    12     7    10
     13     8    11    14    15    16    17    18    19    20
     21    22    23    24    25    26    27    28    29    30
     31    32

    SFO  (index         Fragment          Generating    Expansion in Fragment Orbitals
  indx  incl.CFs)   Occup   Orb.Energy   FragmentType  Coeff.   Orbital     on Fragment
 --------------------------------------------------------------------------------------
     1       1      2.000     -10.347 au  C             1.00      1 S               1
                        (    -281.544 eV)
     2       2      2.000      -0.564 au  C             1.00      2 S               1
                        (     -15.345 eV)
     3       3       --         0.402 au  C             1.00      3 S               1
                        (      10.943 eV)
     4       4       --         5.509 au  C             1.00      4 S               1
                        (     149.900 eV)
     5       5       --        50.546 au  C             1.00      5 S               1
                        (    1375.414 eV)
     6       6      0.667      -0.188 au  C             1.00      1 P:x             1
                        (      -5.110 eV)
     7       7       --         0.191 au  C             1.00      2 P:x             1
                        (       5.204 eV)
     8       8       --         2.089 au  C             1.00      3 P:x             1
                        (      56.851 eV)
     9       9      0.667      -0.188 au  C             1.00      1 P:y             1
                        (      -5.110 eV)
    10      10       --         0.191 au  C             1.00      2 P:y             1
                        (       5.204 eV)
    11      11       --         2.089 au  C             1.00      3 P:y             1
                        (      56.851 eV)
    12      12      0.667      -0.188 au  C             1.00      1 P:z             1
                        (      -5.110 eV)
    13      13       --         0.191 au  C             1.00      2 P:z             1
                        (       5.204 eV)
    14      14       --         2.089 au  C             1.00      3 P:z             1
                        (      56.851 eV)
    15      15       --         1.292 au  C             1.00      1 D:z2            1
                        (      35.150 eV)
    16      16       --         1.292 au  C             1.00      1 D:x2-y2         1
                        (      35.150 eV)
    17      17       --         1.292 au  C             1.00      1 D:xy            1
                        (      35.150 eV)
    18      18       --         1.292 au  C             1.00      1 D:xz            1
                        (      35.150 eV)
    19      19       --         1.292 au  C             1.00      1 D:yz            1
                        (      35.150 eV)
    20      20      1.000      -0.244 au  H             1.00      1 S               2
                        (      -6.641 eV)
    21      21       --         0.104 au  H             1.00      2 S               2
                        (       2.836 eV)
    22      22       --         1.564 au  H             1.00      3 S               2
                        (      42.568 eV)
    23      23       --         0.436 au  H             1.00      1 P:x             2
                        (      11.865 eV)
    24      24       --         0.436 au  H             1.00      1 P:y             2
                        (      11.865 eV)
    25      25       --         0.436 au  H             1.00      1 P:z             2
                        (      11.865 eV)
    26      26      1.000      -0.244 au  H             1.00      1 S               3
                        (      -6.641 eV)
    27      27       --         0.104 au  H             1.00      2 S               3
                        (       2.836 eV)
    28      28       --         1.564 au  H             1.00      3 S               3
                        (      42.568 eV)
    29      29       --         0.436 au  H             1.00      1 P:x             3
                        (      11.865 eV)
    30      30       --         0.436 au  H             1.00      1 P:y             3
                        (      11.865 eV)
    31      31       --         0.436 au  H             1.00      1 P:z             3
                        (      11.865 eV)



 ================================
 (Slater-type)  F U N C T I O N S  ***  (Basis and Fit)  ***
 ================================
  

 Atom Type    1  (C)
 ==============

 Valence Basis Sets:   9
 -----------------------
   1 S    7.680000
   1 S    5.000000
   2 S    1.280000
   2 S    2.100000
   2 S    4.600000
   2 P    0.820000
   2 P    1.480000
   2 P    2.940000
   3 D    2.200000

 Charge Fitting Sets (for the computation of the Coulomb Potential):  22
 -----------------------------------------------------------------------
   1 S   15.360000
   2 S   17.530000
   2 S   12.070000
   2 S    8.310000
   2 S    5.730000
   3 S    5.780000
   3 S    4.220000
   3 S    3.080000
   3 S    2.250000
   3 S    1.640000
   2 P    9.880000
   2 P    5.800000
   3 P    5.050000
   3 P    3.230000
   3 P    2.060000
   3 D    7.200000
   3 D    4.400000
   3 D    2.690000
   3 D    1.640000
   4 F    5.400000
   4 F    3.550000
   5 G    4.500000

 Atom Type    2  (H)
 ==============

 Valence Basis Sets:   4
 -----------------------
   1 S    0.690000
   1 S    0.920000
   1 S    1.580000
   2 P    1.250000

 Charge Fitting Sets (for the computation of the Coulomb Potential):  11
 -----------------------------------------------------------------------
   1 S    3.160000
   1 S    2.090000
   1 S    1.380000
   2 S    1.500000
   2 P    4.000000
   2 P    2.650000
   2 P    1.750000
   3 D    4.000000
   3 D    2.500000
   4 F    3.000000
   5 G    4.000000


 BAS: List of all Elementary Cartesian Basis Functions
 =====================================================

 The numbering in the list below (to the right of the function characteristics) is referred
 to in print-outs of MO eigenvectors and Mulliken populations in the BAS representation
 (as contrasted to the SFO representation).

 Notes:
 1. The functions are characterized by a polynomial prefactor (powers of x,y,z and r) and
    an exponential decay factor alpha.
 2. Since the basis sets are specific for an atom TYPE, the individual functions occur on
    all atoms of that type.
 3. The word 'Core' in the left margin signals that it is a Core Function (CF) : not a
    degree of freedom in the valence set, but only used to ensure orthogonalization of
    the other valence basis functions on the frozen Core Orbitals.


 (power of) X  Y  Z  R     Alpha  on Atom
            ==========     =====     ==========

 C                                    1
                                  ---------------------------------------------------------------------------
            0  0  0  0     7.680      1
            0  0  0  0     5.000      2
            0  0  0  1     1.280      3
            0  0  0  1     2.100      4
            0  0  0  1     4.600      5
            1  0  0  0     0.820      6
            0  1  0  0     0.820      7
            0  0  1  0     0.820      8
            1  0  0  0     1.480      9
            0  1  0  0     1.480     10
            0  0  1  0     1.480     11
            1  0  0  0     2.940     12
            0  1  0  0     2.940     13
            0  0  1  0     2.940     14
            2  0  0  0     2.200     15
            1  1  0  0     2.200     16
            1  0  1  0     2.200     17
            0  2  0  0     2.200     18
            0  1  1  0     2.200     19
            0  0  2  0     2.200     20

 H                                    2    3
                                  ---------------------------------------------------------------------------
            0  0  0  0     0.690     21   27
            0  0  0  0     0.920     22   28
            0  0  0  0     1.580     23   29
            1  0  0  0     1.250     24   30
            0  1  0  0     1.250     25   31
            0  0  1  0     1.250     26   32

 Total number of charge fitting functions (nprimf)       184
 Total number of Cartesian basis functions (naos)         32
 Total number of Cartesian core functions  (ncos)          0

1
 ***************************************************************************************************



                                              ***********************
                                              *  T E C H N I C A L  *
                                              ***********************
  



 =============================================================
 P A R A L L E L I Z A T I O N  and  V E C T O R I Z A T I O N
 =============================================================
  
 Nr of parallel processes:                              128
 Maximum vector length in NumInt loops:                 128



 =====================
 S C F   U P D A T E S
 =====================
  
 Max. nr. of cycles:                               300
 Convergence criterion:                              0.0000010000
   secondary criterion:                              0.0010000000

 Mix parameter (when DIIS does not apply):           0.2000000000
 Mixed ADIIS+SDIIS will be used                  
    Max number of expansion vectors:                10
    Pure ADIIS when Max([F,P]) is above              0.1000000000
    Pure SDIIS when Max([F,P]) is below              0.0010000000
 Automatic ElectronSmearing (in case of problematic SCF convergence) disabled



 =================
 P R E C I S I O N  ***  (General: NumInt, NeglectFunctionTails, ...)  ***
 =================
  

 NumInt:           Target precision:                 4.0000000000
 -------           Initial precision:                4.0000000000
                   Min. precision (optimization):    4.0000000000

 Neglect Functions:          Basis functions:        0.1000000000E-05
 ------------------          Fit functions:          0.1000000000E-05



 ===========================
 L I N E A R   S C A L I N G
 ===========================
  

 Cut-off radii density fit:                        0.1000000000E-07
 Overlap cut-off criterion AO matrix elements:     0.1000000000E-05
 Cut-offs for Coulomb potential and fitted density:0.1000000000E-07
 Cut-off criterion for Coulomb multipole terms:    0.1000000000E-07
 Progressive Convergence parameter:                 0.000000000    
1
 ***************************************************************************************************



                                            ***************************
                                            *  C O M P U T A T I O N  *
                                            ***************************
  

 Number of elements of the density matrix on this node (used, total):       210       528



 ===========================================
 Numerical Integration : Fuzzy Cells (Becke)
 ===========================================
  
 Becke grid quality: NORMAL         
  
 Lebedev angular grid order:             min:  11 max:  23
 Nr. of radial points:                   min:  46 max:  52

 Total nr. of points:      18527
 Nr. of blocks:              145
 Block length:               128
 Nr. of dummy points:         33


 Test of Precision of the Numerical Integration Grid
 ===================================================

 Integral of the Total Core Density:                   0.00000000000000


 -------------------------------------------
  COSMO surface
  Area             =          189.248
  Volume           =          240.665
  Number of Points =          402
 -------------------------------------------



 ========================
 Density Fitting (zlmFit)
 ========================
  
 ZlmFit Fit Quality: NORMAL         
  
 Max L-expansion:                        min:   5 max:   6
 Nr. of radial interpolation points:     min:  36 max:  48



 ======================
 RI Hartree-Fock Scheme
 ======================
  
 Fit Set Quality     : NORMAL
 Threshold Quality   : NORMAL
 Integration Quality : NORMAL
 Fit Generation Method : AUTO
 Response Quality    : DEFAULT
 Is Range Separated  :  F
 
 RIHartreeFock Dependency: number of modified vectors:           0



 =====
 S C F  ***  ScaSCF  ***
 =====
  
 Initial density matrix is calculated as sum of fragments

 CYCLE    1
 SCF Error: norm([F,P])=      1.543834214007, max([F,P])=      0.883312461899
 orbitals (Q,E):
 ---------------
 A :1...14           ( 2.00   -10.4281)  ( 2.00    -0.8257)  ( 2.00    -0.5145)  ( 2.00    -0.3302)
                     ( 0.00    -0.2648)  ( 0.00    -0.0188)  ( 0.00     0.0355)  ( 0.00     0.1252)
                     ( 0.00     0.1363)  ( 0.00     0.1567)  ( 0.00     0.1897)  ( 0.00     0.3276)
                     ( 0.00     0.4266)  ( 0.00     0.4580)

 CYCLE    2
  SDIIS (wt  0.000):  0.0433  0.9567
 A-DIIS (wt  1.000):  0.0000  1.0000
  DIIS coefficients:  0.0000  1.0000
 SCF Error: norm([F,P])=      0.233217743300, max([F,P])=      0.084951990955
 orbitals (Q,E):
 ---------------
 A :1...5            ( 2.00   -10.0757)  ( 2.00    -0.6106)  ( 2.00    -0.3691)  ( 2.00    -0.1968)
                     ( 0.00    -0.0810)

 CYCLE    3
  SDIIS (wt  0.000):  0.0040  0.4909  0.5051
 A-DIIS (wt  1.000):  0.0000  0.4370  0.5630
  DIIS coefficients:  0.0000  0.4370  0.5630
 SCF Error: norm([F,P])=      0.225176135228, max([F,P])=      0.073191045756
 orbitals (Q,E):
 ---------------
 A :1...5            ( 2.00   -10.2568)  ( 2.00    -0.6709)  ( 2.00    -0.4209)  ( 2.00    -0.2586)
                     ( 0.00    -0.1361)

 CYCLE    4
  SDIIS (wt  0.925):  0.0334  0.1301  0.8365
 A-DIIS (wt  0.075):  0.0000  0.0000  1.0000
  DIIS coefficients:  0.0309  0.1203  0.8488
 SCF Error: norm([F,P])=      0.026700109226, max([F,P])=      0.008432463707
 orbitals (Q,E):
 ---------------
 A :1...5            ( 2.00   -10.2382)  ( 2.00    -0.6670)  ( 2.00    -0.4185)  ( 2.00    -0.2538)
                     ( 0.00    -0.1312)

 CYCLE    5
  SDIIS (wt  1.000): -0.0062 -0.0205 -0.0488  1.0755
  DIIS coefficients: -0.0062 -0.0205 -0.0488  1.0755
 SCF Error: norm([F,P])=      0.002015621407, max([F,P])=      0.000763136290
 orbitals (Q,E):
 ---------------
 A :1...5            ( 2.00   -10.2395)  ( 2.00    -0.6671)  ( 2.00    -0.4186)  ( 2.00    -0.2543)
                     ( 0.00    -0.1315)

 CYCLE    6
  SDIIS (wt  1.000): -0.0007 -0.0040 -0.0153  0.1149  0.9051
  DIIS coefficients: -0.0007 -0.0040 -0.0153  0.1149  0.9051
 SCF Error: norm([F,P])=      0.000202692056, max([F,P])=      0.000056885099
 orbitals (Q,E):
 ---------------
 A :1...5            ( 2.00   -10.2396)  ( 2.00    -0.6672)  ( 2.00    -0.4187)  ( 2.00    -0.2543)
                     ( 0.00    -0.1315)

 CYCLE    7
  SDIIS (wt  1.000):  0.0000 -0.0001 -0.0019 -0.0175  0.0751  0.9444
  DIIS coefficients:  0.0000 -0.0001 -0.0019 -0.0175  0.0751  0.9444
 SCF Error: norm([F,P])=      0.000031076545, max([F,P])=      0.000014285949
 orbitals (Q,E):
 ---------------
 A :1...5            ( 2.00   -10.2396)  ( 2.00    -0.6672)  ( 2.00    -0.4187)  ( 2.00    -0.2543)
                     ( 0.00    -0.1315)

 CYCLE    8
  SDIIS (wt  1.000): -0.0000  0.0000  0.0000  0.0002 -0.0071 -0.0324  1.0393
  DIIS coefficients: -0.0000  0.0000  0.0000  0.0002 -0.0071 -0.0324  1.0393
 SCF Error: norm([F,P])=      0.000003046635, max([F,P])=      0.000001071910
 orbitals (Q,E):
 ---------------
 A :1...5            ( 2.00   -10.2396)  ( 2.00    -0.6672)  ( 2.00    -0.4187)  ( 2.00    -0.2543)
                     ( 0.00    -0.1315)

 CYCLE    9
  SDIIS (wt  1.000):  0.0000  0.0000  0.0000  0.0001 -0.0004 -0.0075 -0.0075  1.0153
  DIIS coefficients:  0.0000  0.0000  0.0000  0.0001 -0.0004 -0.0075 -0.0075  1.0153
 SCF Error: norm([F,P])=      0.000000160724, max([F,P])=      0.000000075922
 orbitals (Q,E):
 ---------------
 A :1...5            ( 2.00   -10.2396)  ( 2.00    -0.6672)  ( 2.00    -0.4187)  ( 2.00    -0.2543)
                     ( 0.00    -0.1315)

 SCF CONVERGED
 cosmo_calcen: 0.5 (esolb+esolc) (Hartrees) =   -0.008814

 Solvation energy (screening term,uncorrected) =     -5.530859 kcal/mol

 Solvation energy (dispersion and cavitation terms) =      0.353880 kcal/mol
 Solvation Energy Contributions (Hartrees)
          esola   esolb+esolc
     0.00881398   -0.01762797
 esol last cycle   -0.00881398

 CYCLE   10
1
 ***************************************************************************************************



                                                *******************
                                                *  R E S U L T S  *
                                                *******************
  
  
 Hartree-Fock exchange energy:   -5.78625739863535     
 *** Using FIT density in Focky
  SDIIS (wt  1.000):  0.0000 -0.0000 -0.0000 -0.0000  0.0000  0.0003 -0.0080 -0.0548  1.0624
  DIIS coefficients:  0.0000 -0.0000 -0.0000 -0.0000  0.0000  0.0003 -0.0080 -0.0548  1.0624
 SCF Error: norm([F,P])=      0.000000015447, max([F,P])=      0.000000004859

 Orbital Energies, per Irrep and Spin:
 ======================================
                        Occup              E (au)              E (eV)       Diff (eV) with prev. cycle
                        -----      --------------------        ------       --------------------------
 A
               1        2.000     -0.10239639996068E+02      -278.635               8.78E-08
               2        2.000     -0.66722664959280E+00       -18.156               3.28E-08
               3        2.000     -0.41873693881941E+00       -11.394               1.69E-08
               4        2.000     -0.25432015314219E+00        -6.920              -2.78E-08
               5        0.000     -0.13153153789647E+00        -3.579
               6        0.000      0.28660684862045E-01         0.780
               7        0.000      0.86917759652818E-01         2.365
               8        0.000      0.17350091008619E+00         4.721
               9        0.000      0.17802043569984E+00         4.844
              10        0.000      0.21432494719740E+00         5.832
              11        0.000      0.28472647312882E+00         7.748
              12        0.000      0.41803550103297E+00        11.375
              13        0.000      0.51123295789306E+00        13.911
              14        0.000      0.53678957922831E+00        14.607
  
 HOMO :        4 A                -0.25432015314219E+00
 LUMO :        5 A                -0.13153153789647E+00
  
 cosmo_calcen: 0.5 (esolb+esolc) (Hartrees) =   -0.008814

 Solvation energy (screening term,uncorrected) =     -5.530859 kcal/mol

 Solvation energy (dispersion and cavitation terms) =      0.353880 kcal/mol
 Solvation Energy Contributions (Hartrees)
          esola   esolb+esolc
     0.00881398   -0.01762797
 esol last cycle   -0.00881398


 All Electron Calculation, thus no Orbital Energies of the Core Orbitals are calculated


 Fit test: (difference of exact and fit density, squared integrated, result summed over spins)
         Sum-of-Fragments:                             0.00000000007930
         Orthogonalized Fragments:                     0.00001452114723
         SCF:                                          0.00010497536736



 ==========================
 Electron Density at Nuclei
 ==========================
  
 The electron density is calculated at points on a small sphere around the center of a nucleus.
 The printed electron density is the average electron density on these points.
 The radius of the sphere is the printed approximate finite nuclear radius.

         Atom        Nuclear Radius (Angstrom)             Electron Density (a.u.)
         ----        -------------------------             -----------------------
     1)   C                 0.0000320678                              126.86587
     2)   H                 0.0000181514                                0.51138
     3)   H                 0.0000181514                                0.51142



 =======================================
 M U L L I K E N   P O P U L A T I O N S
 =======================================
  
 The survey below gives for each atom:
 a) the total charge (Z minus electrons)
 b) the net spin polarization (nr of electrons spin-A minus spin-B)
 c) for each spin the atomic electron valence density (integrated) per L-value.

 Atom              Charge    Spin density          S         P         D         F
 ----              ------    ------------       ------    ------    ------    ------
 1 C               0.0200                       3.4996    2.4539    0.0265    0.0000
 2 H              -0.0101                       0.9493    0.0609    0.0000    0.0000
 3 H              -0.0098                       0.9490    0.0608    0.0000    0.0000

 Populations of individual BAS functions
 ----------------------------------------
 1 C            0.4764  1.5287  0.5608  0.9914 -0.0577  0.3768 -0.0878  0.0000  0.8565  0.8507
                0.0000  0.2551  0.2026  0.0000 -0.0050  0.0202  0.0000  0.0145 -0.0000 -0.0032
 2 H           -0.0261  0.6268  0.3486  0.0349  0.0260  0.0000
 3 H           -0.0259  0.6261  0.3488  0.0353  0.0255  0.0000

 Gross Charges per Atom (Z minus electrons)
 ==========================================
             0.0200   -0.0101   -0.0098
 Net Total: -0.00000000


 Atom-Atom Population Matrix (off-diagonal elements not doubled)
 ===============================================================

     1 :     5.2230
     2 :     0.3785    0.7162
     3 :     0.3785   -0.0846    0.7159



 =================================================
 H I R S H F E L D   C H A R G E   A N A L Y S I S
 =================================================
  
 For each fragment: the (numerical) integral of rho(scf) * rho(fragment)/rho(sum-of-fragments)
 (nuclear charges are included, electrons are counted negative)

 The fragments and their ordering are defined in the early G E O M E T R Y output section.
 If you use single-atom fragments, this usually implies that all atoms of the same
 chemical type are grouped together. This may not be the order in which you listed them
 in the input file!

    1  C                        -0.0932
    2  H                         0.0466
    3  H                         0.0466

 Sum of these charges (accuracy NumInt/Tails) =           0.00000940



 =============================
 V O R O N O I   C H A R G E S
 =============================
  
 For each atom: the (numerical) integral of the total electronic charge density in its Voronoi cell,
 i.e. the region of space that is closer to that atom than to any other atom.
 (cf. Wigner-Seitz cells in crystals)

 Within the Voronoi cell the subintegrals over the atomic sphere and the remaining part are evaluated
 separately to give the numbers of electrons (negative charge) in these regions.
 The net total charge in the cell (including the nuclear charge) is also given.

 Values are provided for
    a) the Initial (sum-of-fragments) density
    b) the Orthogonalized-Fragments density
    c) the SCF density
    d) the Voronoi Deformation Density (VDD): the difference SCF-Initial for the complete atomic cell


  Atom                Initial                    OrthFrag                   SCF
             Sphere RestCell NetTotal   Sphere RestCell NetTotal   Sphere RestCell NetTotal      VDD
 -----       ------------------------   ------------------------   ------------------------    -----
    1 C      -2.249   -2.793    0.958   -2.336   -2.942    0.722   -2.272   -2.837    0.891   -0.068
    2 H      -0.072   -1.408   -0.480   -0.092   -1.271   -0.363   -0.110   -1.339   -0.449    0.031
    3 H      -0.072   -1.406   -0.478   -0.092   -1.268   -0.359   -0.110   -1.331   -0.442    0.037
 ---------------------------------------------------------------------------------------------------
 Total NetCharge:               0.000                      0.000                      0.000    0.000
 (accuracy NumInt/Tails)

 Remark: the 'NetTotal' Voronoi charges often do not match the Mulliken and/or Hirshfeld charges very
 well. This is caused by the fact that chemically different atoms are not treated in accordance with
 their relative sizes. (Voronoi cells are defined by boundary planes halfway between the atoms.)
 However, the CHANGES in charge, comparing 'Initial' to 'SCF' for instance, do give a fair indication
 of the flow of charge caused by the relaxation from sum-of-fragments to self-consistency.

 Warning: the absolute accuracy of the VDD charges obtained using the Fuzzy Cells (Becke) integration
 scheme is much poorer than the one obtained with an 'equivalent' Voronoi integration grid. 



 =================================================================
 M U L T I P O L E   D E R I V E D   C H A R G E   A N A L Y S I S
 =================================================================

 This charge analysis uses the atomic multipoles (obtained from the fitted density) up to some level X,
 and reconstructs these multipoles exactly (up to level X) by distributing charges over all atoms.
 This is achieved by using Lagrange multipliers and a weight function to keep the multipoles local.

 Dummy atoms can be included (by setting INCDUM in MDC-block to 1) to obtain a fractional charge.
 This is generally useful and necessary only for small symmetrical molecules, when there are not
 enough degrees of freedom to reconstruct the multipoles.

 Since the atomic multipoles are reconstructed up to level X,
 the molecular multipoles are represented also up to level X.
 The recommended level is to reconstruct up to quadrupole : -> MDC-q charges.

 See: M. Swart, P.Th. van Duijnen, J.G. Snijders, J.Comput.Chem., (2001), p. 79-88.

 ------------------------------------------------------------- 
 Atomic electronic multipole moments from SCF equations (a.u.)
 ------------------------------------------------------------- 

   atom        charge        dip-x     dip-y     dip-z      quad-xx   quad-xy   quad-xz   quad-yy   quad-yz   quad-zz
 --------------------------------------------------------------------------------------------------------------------
    1 C      0.106237    -1.021211 -0.062156 -0.000000    -1.636936 -0.088342 -0.000000  0.542656 -0.000000  1.094279
    2 H     -0.053074    -0.011649 -0.024245  0.000000    -0.171452  0.124171 -0.000000  0.170871  0.000000  0.000581
    3 H     -0.053163    -0.014518  0.022846  0.000000    -0.121084 -0.147507  0.000000  0.120354 -0.000000  0.000731

 --------------------------------------- 
 Multipole derived atomic charges (a.u.)
 --------------------------------------- 

 The MDC-m charges are just the Monopole terms in the multipole expansion, while for the MDC-d charges
 also the Dipoles are reconstructed. The usually preferred charges are the MDC-q charges.
 These reconstruct the Monopoles, Dipoles and Quadrupoles (both atomic AND molecular).

        Atom    Level:     MDC-m        MDC-d        MDC-q
 ---------------------------------------------------------
     1     C            0.106237    -0.756146     0.149568
     2     H           -0.053074     0.378105    -0.074997
     3     H           -0.053163     0.378041    -0.074571

 ------------------------------------------------ 
 Average absolute deviations in atomic multipoles
 ------------------------------------------------ 

 Stated here are the average differences between the atomic multipoles
 and the reconstructed atomic multipoles (from the distributed charges).
 If these values are not zero, this means there are not enough degrees of freedom,
 to be able to reconstruct the atomic multipoles. (This usually happens only
 for small and/or highly symmetric molecules). If this is the case, one could add
 dummy atoms as extra point charges (and setting INCDUM in MDC-block to 1).

 Level:                                 MDC-d        MDC-q
 ---------------------------------------------------------
 Charge   (a.u.)                       0.0000       0.0000
 Dipole   (Debye)                      0.0000       0.3694
 Quad.    (a.u.)                       0.3744       0.2096

 --------------------------------------- 
 Represented molecular multipole moments
 --------------------------------------- 

 Given here are the Molecular multipole moments from the atomic charges, and from the Fit Density.
 Note that the atomic charges represent the latter, NOT the ones from the Exact density.

            Q (a.u.)             Dipole moment (Debye)                                          Quadrupole moment (a.u.)
                                 x         y         z              xx        xy        xz        yy        yz        zz
------------------------------------------------------------------------------------------------------------------------
MDC-m        -0.0000        0.3280    0.0195    0.0000         -1.2336   -0.0693    0.0000    0.3968    0.0000    0.8368
MDC-d        -0.0000       -2.3342   -0.1420    0.0000          8.7788    0.5036    0.0000   -2.8231    0.0000   -5.9557
MDC-q        -0.0000        0.4616    0.0298    0.0000         -1.7358   -0.1057    0.0000    0.5579    0.0000    1.1780
 
Fit.Dens.    -0.0000       -2.3342   -0.1420   -0.0000          6.7366    0.4826    0.0000   -3.5888    0.0000   -3.1478



 =============
 Dipole Moment  ***  (Debye)  ***
 =============
  
 Vector   :        -2.33665982     -0.14229984     -0.00000013
 Magnitude:         2.34098876

 This molecular dipole moment is calculated with analytic integration



 =========================================
 Quadrupole Moment (Buckingham convention)  ***  (a.u.)  ***
 =========================================
  
      quad-xx        quad-xy        quad-xz        quad-yy        quad-yz        quad-zz
      6.74561017     0.42719753    -0.00000003    -3.59167637     0.00000001    -3.15393380

 This molecular quadrupole moment is calculated with analytic integration
1



 ===========================
 B O N D I N G   E N E R G Y  ***  (decomposition)  ***
 ===========================
  
*** IMPORTANT NOTE ***

The bond energy is computed as an energy difference between molecule and
fragments. In particular when the fragments are single atoms, they are usually
computed as SPHERICALLY SYMMETRIC and SPIN-RESTRICTED. Obviously, this usually
does NOT represent the true atomic groundstate.

To obtain the 'real' bond energy, (atomic) correction terms must be applied
for the true (multiplet) fragment ground state. See ref: E.J.Baerends,
V.Branchadell, M.Sodupe, Chem.Phys.Lett.265 (1997) 481

General theoretical background on the bond energy decomposition scheme used
here (Morokuma-Ziegler) can be found in the review paper:
F.M. Bickelhaupt and E.J. Baerends,
"Kohn-Sham Density Functional Theory: Predicting and Understanding Chemistry"
In: Rev. Comput. Chem.; Lipkowitz, K. B. and Boyd, D. B., Eds.;
Wiley-VCH: New York, 2000, Vol. 15, 1-86.

Symbols used in the Bickelhaupt-Baerends (BB) paper are given below to make
the direct connection to that paper, where detailed explanations can be found
on the meaning of the various terms.


                                                   hartree              eV         kcal/mol           kJ/mol
                                      --------------------     -----------       ----------      -----------
  pauli hf:                              0.068402787685983          1.8613            42.92           179.59
  elstat hf:                            -0.113266935166045         -3.0822           -71.08          -297.38

Pauli Repulsion
  Kinetic (Delta T^0):                   2.753209778002755         74.9186          1727.67          7228.55
  Delta V^Pauli Coulomb:                -1.177897831400875        -32.0522          -739.14         -3092.57
  Delta V^Pauli Hybrid-X:               -0.262175579464939         -7.1342          -164.52          -688.34
  Delta V^Pauli Hybrid-C:               -0.025794982948649         -0.7019           -16.19           -67.72
  Delta V^Pauli HF-Exchange:            -0.044864147480063         -1.2208           -28.15          -117.79
                                      --------------------     -----------       ----------      -----------
  Total Pauli Repulsion:                 1.242477236708229         33.8095           779.67          3262.12
 (Total Pauli Repulsion =
  Delta E^Pauli in BB paper)

Steric Interaction
  Pauli Repulsion (Delta E^Pauli):       1.242477236708229         33.8095           779.67          3262.12
  Electrostatic Interaction:            -0.162032079107422         -4.4091          -101.68          -425.42
 (Electrostatic Interaction =
  Delta V_elstat in the BB paper)
                                      --------------------     -----------       ----------      -----------
  Total Steric Interaction:              1.080445157600807         29.4004           677.99          2836.71
 (Total Steric Interaction =
  Delta E^0 in the BB paper)

Orbital Interactions
  A:                                    -1.578881612499341        -42.9636          -990.76         -4145.35
  HF orbital correction:                -0.000000000306819         -0.0000            -0.00            -0.00
                                      --------------------     -----------       ----------      -----------
  Total Orbital Interactions:           -1.578881612806160        -42.9636          -990.76         -4145.35

Alternative Decomposition Orb.Int.
  Kinetic:                              -2.241834056557667        -61.0034         -1406.77         -5885.93
  Coulomb:                               0.837863679804465         22.7994           525.77          2199.81
  XC+HF:                                -0.174911236052959         -4.7596          -109.76          -459.23
  XC only:                              -0.048029852206753         -1.3070           -30.14          -126.10
  HF Orbital:                           -0.126881383846206         -3.4526           -79.62          -333.13
                                      --------------------     -----------       ----------      -----------
  Total Orbital Interactions:           -1.578881612806160        -42.9636          -990.76         -4145.35

  Residu (E=Steric+OrbInt+Res):         -0.000011006850972         -0.0003            -0.01            -0.03


  Solvation Energy (el):                -0.008813984206415         -0.2398            -5.53           -23.14

Post-SCF Solvation Energies
  Solvation Energy (cd):                 0.000563943441426          0.0153             0.35             1.48

Total Bonding Energy:                   -0.506697502821314        -13.7879          -317.96         -1330.33


Summary of Bonding Energy (energy terms are taken from the energy decomposition above)
======================================================================================

  Electrostatic Energy:                 -0.162032079107422         -4.4091          -101.68          -425.42
  Kinetic Energy:                        0.511375721445088         13.9152           320.89          1342.62
  Coulomb (Steric+OrbInt) Energy:       -0.340045158447382         -9.2531          -213.38          -892.79
  XC Energy:                            -0.507745945946609        -13.8165          -318.62         -1333.09
  Solvation:                            -0.008250040764988         -0.2245            -5.18           -21.66
                                      --------------------     -----------       ----------      -----------
  Total Bonding Energy:                 -0.506697502821314        -13.7879          -317.96         -1330.33


Correction terms (incorporated in energies above; only for test purposes):

1. Indication of fit-quality: 1st-order fit-correction used in the energy (hartree):   0.0000799342
2. Electrostatic (Fit correction):   0.0000000000
1



 =======================================================
 S F O   P O P U L A T I O N S ,   M O   A N A L Y S I S
 =======================================================
  
 A Mulliken population analysis is performed on (input-)selected MOs. All populations refer to SFOs.
 BAS populations may have been printed directly after the SCF part.


                                       === A ===


 SFO contributions (%) per orbital
 (multiplication by the orbital occupation yields the SFO Gross Populations)

 Orb.:        1      2      3      4      5      6      7      8
 occup:     2.00   2.00   2.00   2.00   0.00   0.00   0.00   0.00
 CF+SFO     ----   ----   ----   ----   ----   ----   ----   ----
 ------
      1:   99.96   0.00  -0.00   0.00   0.00  -0.01  -0.00   0.01
      2:   -0.00  54.99   0.00  20.61   0.00   2.01   0.00  10.87
      3:    0.00  -0.41   0.00  -0.16   0.00 -18.50   0.00  -9.33
      6:    0.00   4.53   0.18  69.77   0.00   0.31   0.00   3.07
      7:    0.00   0.16   0.00  -0.06   0.00  -2.92  -0.11 110.81
      9:    0.00   0.02  48.12   0.26   0.00   0.00   1.23   0.02
     10:    0.00   0.00   0.23  -0.00  -0.00  -0.01 -30.90   0.45
     12:    0.00   0.00  -0.00   0.00  93.80   0.00   0.00   0.00
     17:    0.00   0.00   1.01   0.00  -0.00   0.00   0.01  -0.00
     20:    0.01  18.99  23.72   2.35   0.00  23.26  33.19  -3.36
     21:   -0.00  -0.30   1.44   1.37   0.00  37.11  28.34  -0.39
     22:    0.00  -0.36   0.16   0.07   0.00  -1.31   2.83  -2.97
     24:    0.01   1.68  -0.48   0.09  -0.00   0.24  -0.04  -1.12
     25:    0.00   0.00   0.00   0.00   2.88   0.00   0.00   0.00
     26:    0.01  18.97  23.73   2.36   0.00  23.26  33.20  -3.35
     27:   -0.00  -0.30   1.44   1.37  -0.00  37.10  28.35  -0.35
     28:    0.00  -0.36   0.16   0.07  -0.00  -1.31   2.83  -2.91
     30:    0.01   1.47  -0.46   0.25  -0.00   0.19  -0.08  -1.48
     31:   -0.00   0.00   0.00   0.00   2.88  -0.00  -0.00  -0.00


 Summation over all MOs, multiplied by occupation: Total SFO Gross Populations in this Irrep
 ===========================================================================================

     2.00    1.51   -0.01   -0.00   -0.00    1.49    0.00   -0.00    0.97    0.00   -0.01    0.00
     0.00   -0.00    0.01    0.00    0.02    0.00   -0.00    0.90    0.05   -0.00    0.03    0.03
     0.00    0.90    0.05   -0.00    0.04    0.03    0.00



 List of selected MOs, ordered by energy, with the most significant SFO gross populations
 ========================================================================================

 Each percentage contribution in the table below corres ponds to the indicated SFO.
 In general, a SFO may be a linear combination of several Fragment Orbitals on the same,
 or on symmetry-related Fragments. Only the first 'member' of such a combination is
 specified here. A full definition of all SFOs is given in an earlier part of the output.
 The numbering of the SFOs in this table does NOT include the Core Orbitals, and starts
 from one for each symmetry representation, as in the SFO definition list earlier.

       E(eV)  Occ       MO           %     SFO (first member)   E(eV)  Occ   Fragment
 -------------------------------------------------------------------------------------

     -18.156  2.00     2 A         54.99%     2 S             -15.345  2.00     1 C
                                   18.99%     1 S              -6.641  1.00     2 H
                                   18.97%     1 S              -6.641  1.00     3 H
                                    4.53%     1 P:x            -5.110  0.67     1 C
                                    1.68%     1 P:y            11.865  0.00     2 H
                                    1.47%     1 P:y            11.865  0.00     3 H
     -11.394  2.00     3 A         48.12%     1 P:y            -5.110  0.67     1 C
                                   23.73%     1 S              -6.641  1.00     3 H
                                   23.72%     1 S              -6.641  1.00     2 H
                                    1.44%     2 S               2.836  0.00     2 H
                                    1.44%     2 S               2.836  0.00     3 H
                                    1.01%     1 D:xy           35.150  0.00     1 C
      -6.920  2.00     4 A         69.77%     1 P:x            -5.110  0.67     1 C
                                   20.61%     2 S             -15.345  2.00     1 C
                                    2.36%     1 S              -6.641  1.00     3 H
                                    2.35%     1 S              -6.641  1.00     2 H
                                    1.37%     2 S               2.836  0.00     2 H
                                    1.37%     2 S               2.836  0.00     3 H
      -3.579  0.00     5 A         93.80%     1 P:z            -5.110  0.67     1 C
                                    2.88%     1 P:z            11.865  0.00     2 H
                                    2.88%     1 P:z            11.865  0.00     3 H
       0.780  0.00     6 A         37.11%     2 S               2.836  0.00     2 H
                                   37.10%     2 S               2.836  0.00     3 H
                                   23.26%     1 S              -6.641  1.00     3 H
                                   23.26%     1 S              -6.641  1.00     2 H
                                  -18.50%     3 S              10.943  0.00     1 C
                                   -2.92%     2 P:x             5.204  0.00     1 C
                                    2.01%     2 S             -15.345  2.00     1 C
                                   -1.31%     3 S              42.568  0.00     3 H
                                   -1.31%     3 S              42.568  0.00     2 H



 =======================================================================
 Electrostatic potential at the Nuclei due to electrons and other nuclei
 =======================================================================
  
         Atom                  Potential
         ----                  ---------
     1)   C                  14.72376066
     2)   H                   1.07059623
     3)   H                   1.07093591
 Mulliken charges used for AMS results%charges...


    =====================
     CALCULATION RESULTS
    =====================

Energy (hartree)            -0.50669750


--------------
Atomic charges
--------------
  Index   Atom    Charge
      1      C    0.0200
      2      H   -0.0101
      3      H   -0.0098


Dipole moment vector    (Debye):    -2.33665982   -0.14229984   -0.00000013
              magnitude (Debye):     2.34098876


-----------------------
Molecular orbitals info
-----------------------
n orbitals:               31
n spin:                    1

Note: only printing virtual orbitals with
      energy smaller than HOMO + 100. eV

HOMO (eV):              -6.9204
LUMO (eV):              -3.5792
HOMO-LUMO gap (eV):      3.3412

   Index   Energy (eV)    Occupation
      27       64.3833         0.000       
      26       61.6856         0.000       
      25       58.3409         0.000       
      24       56.9947         0.000       
      23       54.7640         0.000       
      22       47.9842         0.000       
      21       46.0839         0.000       
      20       44.8840         0.000       
      19       34.0416         0.000       
      18       32.7405         0.000       
      17       24.5216         0.000       
      16       20.4711         0.000       
      15       17.9800         0.000       
      14       14.6068         0.000       
      13       13.9114         0.000       
      12       11.3753         0.000       
      11        7.7478         0.000       
      10        5.8321         0.000       
       9        4.8442         0.000       
       8        4.7212         0.000       
       7        2.3652         0.000       
       6        0.7799         0.000       
       5       -3.5792         0.000 < LUMO
       4       -6.9204         2.000 < HOMO
       3      -11.3944         2.000       
       2      -18.1562         2.000       
       1     -278.6348         2.000       

AMS application finished. Exiting.
NORMAL TERMINATION
     Total cpu time:       3.17
  Total system time:      20.65
 Total elapsed time:      26.95
