

 Parallel Execution: Process Information
 ==============================================================================
 Rank   Node Name                              NodeID   MyNodeRank  NodeMaster
    0   c002                                      0          0          0
    1   c002                                      1          0          1
    2   c002                                      0          1         -1
    3   c002                                      1          1         -1
    4   c002                                      0          2         -1
    5   c002                                      1          2         -1
    6   c002                                      0          3         -1
    7   c002                                      1          3         -1
    8   c002                                      0          4         -1
    9   c002                                      1          4         -1
   10   c002                                      0          5         -1
   11   c002                                      1          5         -1
   12   c002                                      0          6         -1
   13   c002                                      1          6         -1
   14   c002                                      0          7         -1
   15   c002                                      1          7         -1
   16   c002                                      0          8         -1
   17   c002                                      1          8         -1
   18   c002                                      0          9         -1
   19   c002                                      1          9         -1
   20   c002                                      0         10         -1
   21   c002                                      1         10         -1
   22   c002                                      0         11         -1
   23   c002                                      1         11         -1
   24   c002                                      0         12         -1
   25   c002                                      1         12         -1
   26   c002                                      0         13         -1
   27   c002                                      1         13         -1
   28   c002                                      0         14         -1
   29   c002                                      1         14         -1
   30   c002                                      0         15         -1
   31   c002                                      1         15         -1
   32   c002                                      2          0          2
   33   c002                                      3          0          3
   34   c002                                      2          1         -1
   35   c002                                      3          1         -1
   36   c002                                      2          2         -1
   37   c002                                      3          2         -1
   38   c002                                      2          3         -1
   39   c002                                      3          3         -1
   40   c002                                      2          4         -1
   41   c002                                      3          4         -1
   42   c002                                      2          5         -1
   43   c002                                      3          5         -1
   44   c002                                      2          6         -1
   45   c002                                      3          6         -1
   46   c002                                      2          7         -1
   47   c002                                      3          7         -1
   48   c002                                      2          8         -1
   49   c002                                      3          8         -1
   50   c002                                      2          9         -1
   51   c002                                      3          9         -1
   52   c002                                      2         10         -1
   53   c002                                      3         10         -1
   54   c002                                      2         11         -1
   55   c002                                      3         11         -1
   56   c002                                      2         12         -1
   57   c002                                      3         12         -1
   58   c002                                      2         13         -1
   59   c002                                      3         13         -1
   60   c002                                      2         14         -1
   61   c002                                      3         14         -1
   62   c002                                      2         15         -1
   63   c002                                      3         15         -1
   64   c002                                      4          0          4
   65   c002                                      5          0          5
   66   c002                                      4          1         -1
   67   c002                                      5          1         -1
   68   c002                                      4          2         -1
   69   c002                                      5          2         -1
   70   c002                                      4          3         -1
   71   c002                                      5          3         -1
   72   c002                                      4          4         -1
   73   c002                                      5          4         -1
   74   c002                                      4          5         -1
   75   c002                                      5          5         -1
   76   c002                                      4          6         -1
   77   c002                                      5          6         -1
   78   c002                                      4          7         -1
   79   c002                                      5          7         -1
   80   c002                                      4          8         -1
   81   c002                                      5          8         -1
   82   c002                                      4          9         -1
   83   c002                                      5          9         -1
   84   c002                                      4         10         -1
   85   c002                                      5         10         -1
   86   c002                                      4         11         -1
   87   c002                                      5         11         -1
   88   c002                                      4         12         -1
   89   c002                                      5         12         -1
   90   c002                                      4         13         -1
   91   c002                                      5         13         -1
   92   c002                                      4         14         -1
   93   c002                                      5         14         -1
   94   c002                                      4         15         -1
   95   c002                                      5         15         -1
   96   c002                                      6          0          6
   97   c002                                      7          0          7
   98   c002                                      6          1         -1
   99   c002                                      7          1         -1
  100   c002                                      6          2         -1
  101   c002                                      7          2         -1
  102   c002                                      6          3         -1
  103   c002                                      7          3         -1
  104   c002                                      6          4         -1
  105   c002                                      7          4         -1
  106   c002                                      6          5         -1
  107   c002                                      7          5         -1
  108   c002                                      6          6         -1
  109   c002                                      7          6         -1
  110   c002                                      6          7         -1
  111   c002                                      7          7         -1
  112   c002                                      6          8         -1
  113   c002                                      7          8         -1
  114   c002                                      6          9         -1
  115   c002                                      7          9         -1
  116   c002                                      6         10         -1
  117   c002                                      7         10         -1
  118   c002                                      6         11         -1
  119   c002                                      7         11         -1
  120   c002                                      6         12         -1
  121   c002                                      7         12         -1
  122   c002                                      6         13         -1
  123   c002                                      7         13         -1
  124   c002                                      6         14         -1
  125   c002                                      7         14         -1
  126   c002                                      6         15         -1
  127   c002                                      7         15         -1
 ==============================================================================


May use up to 14980MB of RAM as shared memory on node 0
May use up to 15377MB of RAM as shared memory on node 4
May use up to 15377MB of RAM as shared memory on node 7
May use up to 15377MB of RAM as shared memory on node 1
May use up to 15359MB of RAM as shared memory on node 2
May use up to 15377MB of RAM as shared memory on node 3
May use up to 15377MB of RAM as shared memory on node 5
May use up to 15372MB of RAM as shared memory on node 6

 *******************************************************************************
 *                                                                             *
 *  --------------------------------                                           *
 *   Amsterdam Modeling Suite (AMS)              2023.104                      *
 *  --------------------------------                                           *
 *                                               r115785 2023-10-06            *
 *                                                                             *
 *                                                                             *
 *                              =================                              *
 *                              |               |                              *
 *                              |     A M S     |                              *
 *                              |               |                              *
 *                              =================                              *
 *                                                                             *
 *                                                                             *
 *   Online information and documentation:  https://www.scm.com/support/       *
 *   E-mail:  support@scm.com   info@scm.com                                   *
 *                                                                             *
 *   Scientific publications using AMS results must be properly referenced     *
 *   See the User Manuals (or the web site) for recommended citations          *
 *   The terms and conditions of the End User License Agreement apply to       *
 *   the use of AMS, https://www.scm.com/license-terms/                        *
 *                                                                             *
 **********************  x86_64_linux_intel / intelmpi  ************************
 
 Licensed to: Dr. Amanda Morgenstern / University of Colorado / Colorado Springs / Colorado / USA 2024-12-20 19:21:38
 SCM User ID: u21568
  
 AMS 2023.104  RunTime: Jun02-2025 15:48:30  ShM Nodes: 8  Procs: 128

 AMS jobname: HEXS_I2_B3LYP_TZP_gas_fragments_noH2O.CH2OH
 AMS jobid  : 478028213

 Start   directory: /home/amorgens/adf_calcs/tetramine/final_ams_calcs/Intermediate2_stabilities/fragments/
 Results directory: /home/amorgens/adf_calcs/tetramine/final_ams_calcs/Intermediate2_stabilities/fragments/HEXS_I2_B3LYP_TZP_gas_fragments_noH2O.CH2OH.results/
 Scratch directory: /tmp/amstmp_HEXS_I2_B3LYP_TZP_gas_fragments_noH2O.CH2OH_kid0.478028213/


 Communication costs MPI_COMM_WORLD:      4.378 usec per message,   0.0534 usec per 8-byte item
 Communication costs for intra-node:      1.628 usec per message,   0.0064 usec per 8-byte item

 RNG seed: 2017837034 225560445 2116666768 1207828550 -1169770323 995615192 1122746789 1083437852



                     **************************************************************************
                     *  ADF 2023.104  RunTime: Jun02-2025 15:48:30  ShM Nodes: 8  Procs: 128  *
                     **************************************************************************
  
 Geometry symmetrized to: C1
 Geometry reoriented with symmetry: NOSYM

       ****************************
       * SINGLE POINT CALCULATION *
       ****************************
 
--------
Geometry
--------
Formula: CH3O
Atoms
  Index Symbol   x (angstrom)   y (angstrom)   z (angstrom)
      1      H    -0.06229650    -2.00150219     4.34019334       region=CH2OH
      2      H    -0.25536184    -3.17098347     1.80489707       region=CH2OH
      3      H    -1.04960697    -1.66932900     2.36670810       region=CH2OH
      4      C    -0.15434764    -2.27898461     2.42199714       region=CH2OH
      5      O     0.20585903    -2.67110854     3.69268078       region=CH2OH
 
Total System Charge             1.00000
Bonding info available!
 
 
----------------
ADF Engine Input
----------------
 
 Basis
 Type TZP
 Core None
 End
 XC
 Hybrid B3LYP
 End
 Title CH2OH fragment
 Relativity
 Level None
 End
 Symmetry NOSYM
 

 Title: CH2OH fragment

 *** adf ***



 ===========================
 A T T A C H E D   F I L E S
 ===========================
  



 ===============================
 M O D E L   P A R A M E T E R S
 ===============================
  
 DENSITY FUNCTIONAL POTENTIAL (scf)
    Hybrid:                            B3LYP                                   == Not Default ==

 SPIN  (restricted / unrestr.)
    Molecule:                          Restricted                               
    Fragments:                         Restricted                               

 OTHER ASPECTS
    Relativistic Corrections:          ---                                     == Not Default ==

    Nuclear Charge Density Model:      Point Charge Nuclei                      
    Core Treatment:                    Frozen Orbital(s)                        

    Hyperfine or Zeeman Interaction:   ---                                      


 Fragment File(s)
 ----------------
 H:
         file : /home/amorgens/adf_calcs/tetramine/final_ams_calcs/Intermediate2_stabilities/fragments/HEXS_I2_B3LYP_TZP_gas_fragments_noH2O.CH2OH.results/t21.3526984.H
         jobid: 0
         title: Hydrogen (TZP)
 C:
         file : /home/amorgens/adf_calcs/tetramine/final_ams_calcs/Intermediate2_stabilities/fragments/HEXS_I2_B3LYP_TZP_gas_fragments_noH2O.CH2OH.results/t21.28079B0C.C
         jobid: 0
         title: Carbon (TZP)
 O:
         file : /home/amorgens/adf_calcs/tetramine/final_ams_calcs/Intermediate2_stabilities/fragments/HEXS_I2_B3LYP_TZP_gas_fragments_noH2O.CH2OH.results/t21.5DEA99D5.O
         jobid: 0
         title: Oxygen (TZP)



 ===============
 G E O M E T R Y  ***  3D  Molecule  ***
 ===============
  

 ATOMS
 =====                            X Y Z                    CHARGE
                                (Angstrom)             Nucl     +Core       At.Mass
                       --------------------------    ----------------       -------
    1  H              -0.0623   -2.0015    4.3402      1.00      1.00        1.0078
    2  H              -0.2554   -3.1710    1.8049      1.00      1.00        1.0078
    3  H              -1.0496   -1.6693    2.3667      1.00      1.00        1.0078
    4  C              -0.1543   -2.2790    2.4220      6.00      6.00       12.0000
    5  O               0.2059   -2.6711    3.6927      8.00      8.00       15.9949


 FRAGMENTS
 =========                                     Atoms in this Fragment     Cart. coord.s (Angstrom)
                                               -------------------------------------------------------
    1  H                                                 1  H           -0.0623   -2.0015    4.3402
    2  H                                                 2  H           -0.2554   -3.1710    1.8049
    3  H                                                 3  H           -1.0496   -1.6693    2.3667
    4  C                                                 4  C           -0.1543   -2.2790    2.4220
    5  O                                                 5  O            0.2059   -2.6711    3.6927


 Interatomic Distance Matrix (Angstrom)
 --------------------------------------

   1)     0.000
   2)     2.799   0.000
   3)     2.232   1.789   0.000
   4)     1.940   1.089   1.085   0.000
   5)     0.969   2.007   2.083   1.378   0.000

 Min. Distance =    0.9693
 Max. Distance =    2.7987



 =====================================
 S Y M M E T R Y ,   E L E C T R O N S
 =====================================
  
 Symmetry: NOSYM

 Irreducible Representations, including subspecies
 -------------------------------------------------
 A

 Symmetry is NOT used when fitting density


 Configuration of Valence Electrons
 ==================================
 ( determined in the SCF procedure )

 Total:   16

 Net Charge: 1 (Nuclei minus Electrons)

 Aufbau principle for MO occupations will be applied through SCF cycle no.     150
 Thereafter, the program will assign electrons to MOs that are spatially
 similar to the occupied MOs in a "reference" cycle ("KeepOrbitals").
 The reference cycle is always the PREVIOUS cycle: it will evolve with
 the SCF procedure.
1
 ***************************************************************************************************



                                      ****************************************
                                      *  B U I L D : (Fragments, Functions)  *
                                      ****************************************
  



 =======
 S F O s  ***  (Symmetrized Fragment Orbitals)  ***
 =======
  
 SFOs are linear combinations of (valence) Fragment Orbitals (FOs), such that the SFOs transform as the
 irreducible representations of the (molecular) symmetry group. Each SFO is therefore characterized by
 an irrep of the molecule and by a few (or only one) generating FOs.
 The SFOs constitute a symmetry-adapted basis for the Fock matrix. The MO eigenvector coefficients in
 this basis provide a direct interpretation of the MOs in terms of Frontier Orbital Theory.

 The SFOs are combined with auxiliary Core Functions (CFs) to ensure orthogonalization on the (frozen)
 Core Orbitals (COs). The Core-orthogonalized SFOs (CSFOs) constitute the true Fock basis.

 The FOs, and hence also the (C)SFOs are combinations of the elementary basis functions (BAS). The basis
 functions that participate in the description of the SFOs depend on the irrep. The indices of the
 involved functions are printed below for each irrep.
 (The complete list of primitive basis functions is printed in another section)

 Total nr. of (C)SFOs (summation over all irreps) :    56

 NOTE: a (C)SFO that is defined as a combination of more than one FO is usually NOT normalized.



                                       === A ===
 Nr. of SFOs :   56
 Cartesian basis functions that participate in this irrep (total number =    58) :
      1     2     3     4     5     6     7     8     9    10
     11    12    13    14    15    16    17    18    19    20
     21    22    23    24    27    30    25    28    31    26
     29    32    33    34    35    36    37    38    39    40
     41    42    43    44    47    50    45    48    51    46
     49    52    53    54    55    56    57    58

    SFO  (index         Fragment          Generating    Expansion in Fragment Orbitals
  indx  incl.CFs)   Occup   Orb.Energy   FragmentType  Coeff.   Orbital     on Fragment
 --------------------------------------------------------------------------------------
     1       1      1.000      -0.244 au  H             1.00      1 S               1
                        (      -6.641 eV)
     2       2       --         0.104 au  H             1.00      2 S               1
                        (       2.836 eV)
     3       3       --         1.564 au  H             1.00      3 S               1
                        (      42.568 eV)
     4       4       --         0.436 au  H             1.00      1 P:x             1
                        (      11.865 eV)
     5       5       --         0.436 au  H             1.00      1 P:y             1
                        (      11.865 eV)
     6       6       --         0.436 au  H             1.00      1 P:z             1
                        (      11.865 eV)
     7       7      1.000      -0.244 au  H             1.00      1 S               2
                        (      -6.641 eV)
     8       8       --         0.104 au  H             1.00      2 S               2
                        (       2.836 eV)
     9       9       --         1.564 au  H             1.00      3 S               2
                        (      42.568 eV)
    10      10       --         0.436 au  H             1.00      1 P:x             2
                        (      11.865 eV)
    11      11       --         0.436 au  H             1.00      1 P:y             2
                        (      11.865 eV)
    12      12       --         0.436 au  H             1.00      1 P:z             2
                        (      11.865 eV)
    13      13      1.000      -0.244 au  H             1.00      1 S               3
                        (      -6.641 eV)
    14      14       --         0.104 au  H             1.00      2 S               3
                        (       2.836 eV)
    15      15       --         1.564 au  H             1.00      3 S               3
                        (      42.568 eV)
    16      16       --         0.436 au  H             1.00      1 P:x             3
                        (      11.865 eV)
    17      17       --         0.436 au  H             1.00      1 P:y             3
                        (      11.865 eV)
    18      18       --         0.436 au  H             1.00      1 P:z             3
                        (      11.865 eV)
    19      19      2.000     -10.347 au  C             1.00      1 S               4
                        (    -281.544 eV)
    20      20      2.000      -0.564 au  C             1.00      2 S               4
                        (     -15.345 eV)
    21      21       --         0.402 au  C             1.00      3 S               4
                        (      10.943 eV)
    22      22       --         5.509 au  C             1.00      4 S               4
                        (     149.900 eV)
    23      23       --        50.546 au  C             1.00      5 S               4
                        (    1375.414 eV)
    24      24      0.667      -0.188 au  C             1.00      1 P:x             4
                        (      -5.110 eV)
    25      25       --         0.191 au  C             1.00      2 P:x             4
                        (       5.204 eV)
    26      26       --         2.089 au  C             1.00      3 P:x             4
                        (      56.851 eV)
    27      27      0.667      -0.188 au  C             1.00      1 P:y             4
                        (      -5.110 eV)
    28      28       --         0.191 au  C             1.00      2 P:y             4
                        (       5.204 eV)
    29      29       --         2.089 au  C             1.00      3 P:y             4
                        (      56.851 eV)
    30      30      0.667      -0.188 au  C             1.00      1 P:z             4
                        (      -5.110 eV)
    31      31       --         0.191 au  C             1.00      2 P:z             4
                        (       5.204 eV)
    32      32       --         2.089 au  C             1.00      3 P:z             4
                        (      56.851 eV)
    33      33       --         1.292 au  C             1.00      1 D:z2            4
                        (      35.150 eV)
    34      34       --         1.292 au  C             1.00      1 D:x2-y2         4
                        (      35.150 eV)
    35      35       --         1.292 au  C             1.00      1 D:xy            4
                        (      35.150 eV)
    36      36       --         1.292 au  C             1.00      1 D:xz            4
                        (      35.150 eV)
    37      37       --         1.292 au  C             1.00      1 D:yz            4
                        (      35.150 eV)
    38      38      2.000     -19.301 au  O             1.00      1 S               5
                        (    -525.210 eV)
    39      39      2.000      -0.971 au  O             1.00      2 S               5
                        (     -26.409 eV)
    40      40       --         0.840 au  O             1.00      3 S               5
                        (      22.860 eV)
    41      41       --        13.636 au  O             1.00      4 S               5
                        (     371.062 eV)
    42      42       --       123.735 au  O             1.00      5 S               5
                        (    3367.004 eV)
    43      43      1.333      -0.361 au  O             1.00      1 P:x             5
                        (      -9.826 eV)
    44      44       --         0.380 au  O             1.00      2 P:x             5
                        (      10.335 eV)
    45      45       --         3.936 au  O             1.00      3 P:x             5
                        (     107.096 eV)
    46      46      1.333      -0.361 au  O             1.00      1 P:y             5
                        (      -9.826 eV)
    47      47       --         0.380 au  O             1.00      2 P:y             5
                        (      10.335 eV)
    48      48       --         3.936 au  O             1.00      3 P:y             5
                        (     107.096 eV)
    49      49      1.333      -0.361 au  O             1.00      1 P:z             5
                        (      -9.826 eV)
    50      50       --         0.380 au  O             1.00      2 P:z             5
                        (      10.335 eV)
    51      51       --         3.936 au  O             1.00      3 P:z             5
                        (     107.096 eV)
    52      52       --         1.117 au  O             1.00      1 D:z2            5
                        (      30.395 eV)
    53      53       --         1.117 au  O             1.00      1 D:x2-y2         5
                        (      30.395 eV)
    54      54       --         1.117 au  O             1.00      1 D:xy            5
                        (      30.395 eV)
    55      55       --         1.117 au  O             1.00      1 D:xz            5
                        (      30.395 eV)
    56      56       --         1.117 au  O             1.00      1 D:yz            5
                        (      30.395 eV)



 ================================
 (Slater-type)  F U N C T I O N S  ***  (Basis and Fit)  ***
 ================================
  

 Atom Type    1  (H)
 ==============

 Valence Basis Sets:   4
 -----------------------
   1 S    0.690000
   1 S    0.920000
   1 S    1.580000
   2 P    1.250000

 Charge Fitting Sets (for the computation of the Coulomb Potential):  11
 -----------------------------------------------------------------------
   1 S    3.160000
   1 S    2.090000
   1 S    1.380000
   2 S    1.500000
   2 P    4.000000
   2 P    2.650000
   2 P    1.750000
   3 D    4.000000
   3 D    2.500000
   4 F    3.000000
   5 G    4.000000

 Atom Type    2  (C)
 ==============

 Valence Basis Sets:   9
 -----------------------
   1 S    7.680000
   1 S    5.000000
   2 S    1.280000
   2 S    2.100000
   2 S    4.600000
   2 P    0.820000
   2 P    1.480000
   2 P    2.940000
   3 D    2.200000

 Charge Fitting Sets (for the computation of the Coulomb Potential):  22
 -----------------------------------------------------------------------
   1 S   15.360000
   2 S   17.530000
   2 S   12.070000
   2 S    8.310000
   2 S    5.730000
   3 S    5.780000
   3 S    4.220000
   3 S    3.080000
   3 S    2.250000
   3 S    1.640000
   2 P    9.880000
   2 P    5.800000
   3 P    5.050000
   3 P    3.230000
   3 P    2.060000
   3 D    7.200000
   3 D    4.400000
   3 D    2.690000
   3 D    1.640000
   4 F    5.400000
   4 F    3.550000
   5 G    4.500000

 Atom Type    3  (O)
 ==============

 Valence Basis Sets:   9
 -----------------------
   1 S    9.800000
   1 S    6.800000
   2 S    7.580000
   2 S    2.880000
   2 S    1.720000
   2 P    4.080000
   2 P    2.080000
   2 P    1.120000
   3 D    2.000000

 Charge Fitting Sets (for the computation of the Coulomb Potential):  22
 -----------------------------------------------------------------------
   1 S   19.600000
   2 S   22.600000
   2 S   15.680000
   2 S   10.890000
   2 S    7.560000
   3 S    7.690000
   3 S    5.650000
   3 S    4.150000
   3 S    3.050000
   3 S    2.240000
   2 P   12.860000
   2 P    7.680000
   3 P    6.780000
   3 P    4.390000
   3 P    2.840000
   3 D    8.800000
   3 D    5.580000
   3 D    3.530000
   3 D    2.240000
   4 F    6.200000
   4 F    3.700000
   5 G    4.500000


 BAS: List of all Elementary Cartesian Basis Functions
 =====================================================

 The numbering in the list below (to the right of the function characteristics) is referred
 to in print-outs of MO eigenvectors and Mulliken populations in the BAS representation
 (as contrasted to the SFO representation).

 Notes:
 1. The functions are characterized by a polynomial prefactor (powers of x,y,z and r) and
    an exponential decay factor alpha.
 2. Since the basis sets are specific for an atom TYPE, the individual functions occur on
    all atoms of that type.
 3. The word 'Core' in the left margin signals that it is a Core Function (CF) : not a
    degree of freedom in the valence set, but only used to ensure orthogonalization of
    the other valence basis functions on the frozen Core Orbitals.


 (power of) X  Y  Z  R     Alpha  on Atom
            ==========     =====     ==========

 H                                    1    2    3
                                  ---------------------------------------------------------------------------
            0  0  0  0     0.690      1    7   13
            0  0  0  0     0.920      2    8   14
            0  0  0  0     1.580      3    9   15
            1  0  0  0     1.250      4   10   16
            0  1  0  0     1.250      5   11   17
            0  0  1  0     1.250      6   12   18

 C                                    4
                                  ---------------------------------------------------------------------------
            0  0  0  0     7.680     19
            0  0  0  0     5.000     20
            0  0  0  1     1.280     21
            0  0  0  1     2.100     22
            0  0  0  1     4.600     23
            1  0  0  0     0.820     24
            0  1  0  0     0.820     25
            0  0  1  0     0.820     26
            1  0  0  0     1.480     27
            0  1  0  0     1.480     28
            0  0  1  0     1.480     29
            1  0  0  0     2.940     30
            0  1  0  0     2.940     31
            0  0  1  0     2.940     32
            2  0  0  0     2.200     33
            1  1  0  0     2.200     34
            1  0  1  0     2.200     35
            0  2  0  0     2.200     36
            0  1  1  0     2.200     37
            0  0  2  0     2.200     38

 O                                    5
                                  ---------------------------------------------------------------------------
            0  0  0  0     9.800     39
            0  0  0  0     6.800     40
            0  0  0  1     7.580     41
            0  0  0  1     2.880     42
            0  0  0  1     1.720     43
            1  0  0  0     4.080     44
            0  1  0  0     4.080     45
            0  0  1  0     4.080     46
            1  0  0  0     2.080     47
            0  1  0  0     2.080     48
            0  0  1  0     2.080     49
            1  0  0  0     1.120     50
            0  1  0  0     1.120     51
            0  0  1  0     1.120     52
            2  0  0  0     2.000     53
            1  1  0  0     2.000     54
            1  0  1  0     2.000     55
            0  2  0  0     2.000     56
            0  1  1  0     2.000     57
            0  0  2  0     2.000     58

 Total number of charge fitting functions (nprimf)       318
 Total number of Cartesian basis functions (naos)         58
 Total number of Cartesian core functions  (ncos)          0

1
 ***************************************************************************************************



                                              ***********************
                                              *  T E C H N I C A L  *
                                              ***********************
  



 =============================================================
 P A R A L L E L I Z A T I O N  and  V E C T O R I Z A T I O N
 =============================================================
  
 Nr of parallel processes:                              128
 Maximum vector length in NumInt loops:                 128



 =====================
 S C F   U P D A T E S
 =====================
  
 Max. nr. of cycles:                               300
 Convergence criterion:                              0.0000010000
   secondary criterion:                              0.0010000000

 Mix parameter (when DIIS does not apply):           0.2000000000
 Mixed ADIIS+SDIIS will be used                  
    Max number of expansion vectors:                10
    Pure ADIIS when Max([F,P]) is above              0.1000000000
    Pure SDIIS when Max([F,P]) is below              0.0010000000
 Automatic ElectronSmearing (in case of problematic SCF convergence) disabled



 =================
 P R E C I S I O N  ***  (General: NumInt, NeglectFunctionTails, ...)  ***
 =================
  

 NumInt:           Target precision:                 4.0000000000
 -------           Initial precision:                4.0000000000
                   Min. precision (optimization):    4.0000000000

 Neglect Functions:          Basis functions:        0.1000000000E-05
 ------------------          Fit functions:          0.1000000000E-05



 ===========================
 L I N E A R   S C A L I N G
 ===========================
  

 Cut-off radii density fit:                        0.1000000000E-07
 Overlap cut-off criterion AO matrix elements:     0.1000000000E-05
 Cut-offs for Coulomb potential and fitted density:0.1000000000E-07
 Cut-off criterion for Coulomb multipole terms:    0.1000000000E-07
 Progressive Convergence parameter:                 0.000000000    
1
 ***************************************************************************************************



                                            ***************************
                                            *  C O M P U T A T I O N  *
                                            ***************************
  

 Number of elements of the density matrix on this node (used, total):       210      1711



 ===========================================
 Numerical Integration : Fuzzy Cells (Becke)
 ===========================================
  
 Becke grid quality: NORMAL         
  
 Lebedev angular grid order:             min:  11 max:  23
 Nr. of radial points:                   min:  46 max:  52

 Total nr. of points:      30779
 Nr. of blocks:              241
 Block length:               128
 Nr. of dummy points:         69


 Test of Precision of the Numerical Integration Grid
 ===================================================

 Integral of the Total Core Density:                   0.00000000000000



 ========================
 Density Fitting (zlmFit)
 ========================
  
 ZlmFit Fit Quality: NORMAL         
  
 Max L-expansion:                        min:   5 max:   6
 Nr. of radial interpolation points:     min:  36 max:  54



 ======================
 RI Hartree-Fock Scheme
 ======================
  
 Fit Set Quality     : NORMAL
 Threshold Quality   : NORMAL
 Integration Quality : NORMAL
 Fit Generation Method : AUTO
 Response Quality    : DEFAULT
 Is Range Separated  :  F
 
 RIHartreeFock Dependency: number of modified vectors:           1



 =====
 S C F  ***  ScaSCF  ***
 =====
  
 Initial density matrix is calculated as sum of fragments

 CYCLE    1
 SCF Error: norm([F,P])=      3.255173739113, max([F,P])=      1.374078571488
 orbitals (Q,E):
 ---------------
 A :1...18           ( 2.00   -19.4129)  ( 2.00   -10.4518)  ( 2.00    -1.2638)  ( 2.00    -0.8488)
                     ( 2.00    -0.6682)  ( 2.00    -0.5841)  ( 2.00    -0.5119)  ( 2.00    -0.4757)
                     ( 0.00    -0.2622)  ( 0.00    -0.0553)  ( 0.00    -0.0139)  ( 0.00     0.0188)
                     ( 0.00     0.0637)  ( 0.00     0.1299)  ( 0.00     0.1412)  ( 0.00     0.1633)
                     ( 0.00     0.2012)  ( 0.00     0.2300)

 CYCLE    2
   MIX coefficients:  0.8000  0.2000
 SCF Error: norm([F,P])=      0.417320109909, max([F,P])=      0.110300988568
 orbitals (Q,E):
 ---------------
 A :1...9            ( 2.00   -19.3904)  ( 2.00   -10.5063)  ( 2.00    -1.2769)  ( 2.00    -0.8798)
                     ( 2.00    -0.7014)  ( 2.00    -0.6179)  ( 2.00    -0.5395)  ( 2.00    -0.5105)
                     ( 0.00    -0.3011)

 CYCLE    3
  SDIIS (wt  0.000): -0.4275  1.4275
 A-DIIS (wt  1.000):  0.0000  1.0000
  DIIS coefficients:  0.0000  1.0000
 SCF Error: norm([F,P])=      0.161879971375, max([F,P])=      0.036139987573
 orbitals (Q,E):
 ---------------
 A :1...9            ( 2.00   -19.4775)  ( 2.00   -10.6508)  ( 2.00    -1.3891)  ( 2.00    -1.0097)
                     ( 2.00    -0.8615)  ( 2.00    -0.7801)  ( 2.00    -0.7057)  ( 2.00    -0.6717)
                     ( 0.00    -0.4459)

 CYCLE    4
  SDIIS (wt  0.000):  0.8208 -0.7406  0.9198
 A-DIIS (wt  1.000):  0.0000  0.7039  0.2961
  DIIS coefficients:  0.0000  0.7039  0.2961
 SCF Error: norm([F,P])=      0.265107112457, max([F,P])=      0.077076601707
 orbitals (Q,E):
 ---------------
 A :1...9            ( 2.00   -19.5436)  ( 2.00   -10.6237)  ( 2.00    -1.4088)  ( 2.00    -1.0121)
                     ( 2.00    -0.8673)  ( 2.00    -0.7857)  ( 2.00    -0.7211)  ( 2.00    -0.6848)
                     ( 0.00    -0.4437)

 CYCLE    5
  SDIIS (wt  0.930): -0.1119  0.3014  0.0179  0.7926
 A-DIIS (wt  0.070):  0.0000  0.0000  0.0000  1.0000
  DIIS coefficients: -0.1041  0.2802  0.0167  0.8072
 SCF Error: norm([F,P])=      0.033708703319, max([F,P])=      0.007964819764
 orbitals (Q,E):
 ---------------
 A :1...9            ( 2.00   -19.5368)  ( 2.00   -10.6318)  ( 2.00    -1.4010)  ( 2.00    -1.0117)
                     ( 2.00    -0.8659)  ( 2.00    -0.7861)  ( 2.00    -0.7168)  ( 2.00    -0.6849)
                     ( 0.00    -0.4426)

 CYCLE    6
  SDIIS (wt  0.984):  0.0012  0.0007 -0.0099  0.1612  0.8468
 A-DIIS (wt  0.016):  0.0000  0.0000  0.0000  0.0000  1.0000
  DIIS coefficients:  0.0012  0.0007 -0.0097  0.1586  0.8492
 SCF Error: norm([F,P])=      0.008965702279, max([F,P])=      0.002592332949
 orbitals (Q,E):
 ---------------
 A :1...9            ( 2.00   -19.5379)  ( 2.00   -10.6300)  ( 2.00    -1.4015)  ( 2.00    -1.0110)
                     ( 2.00    -0.8655)  ( 2.00    -0.7853)  ( 2.00    -0.7168)  ( 2.00    -0.6845)
                     ( 0.00    -0.4419)

 CYCLE    7
  SDIIS (wt  1.000):  0.0021 -0.0045 -0.0023  0.0303  0.2381  0.7362
  DIIS coefficients:  0.0021 -0.0045 -0.0023  0.0303  0.2381  0.7362
 SCF Error: norm([F,P])=      0.000918550485, max([F,P])=      0.000196887211
 orbitals (Q,E):
 ---------------
 A :1...9            ( 2.00   -19.5380)  ( 2.00   -10.6303)  ( 2.00    -1.4016)  ( 2.00    -1.0111)
                     ( 2.00    -0.8656)  ( 2.00    -0.7855)  ( 2.00    -0.7169)  ( 2.00    -0.6845)
                     ( 0.00    -0.4421)

 CYCLE    8
  SDIIS (wt  1.000): -0.0006  0.0000 -0.0017  0.0046  0.0433  0.2202  0.7342
  DIIS coefficients: -0.0006  0.0000 -0.0017  0.0046  0.0433  0.2202  0.7342
 SCF Error: norm([F,P])=      0.000205391477, max([F,P])=      0.000049154869
 orbitals (Q,E):
 ---------------
 A :1...9            ( 2.00   -19.5379)  ( 2.00   -10.6302)  ( 2.00    -1.4016)  ( 2.00    -1.0111)
                     ( 2.00    -0.8655)  ( 2.00    -0.7854)  ( 2.00    -0.7169)  ( 2.00    -0.6845)
                     ( 0.00    -0.4420)

 CYCLE    9
  SDIIS (wt  1.000):  0.0001 -0.0002 -0.0000 -0.0005 -0.0002  0.0210  0.2305  0.7493
  DIIS coefficients:  0.0001 -0.0002 -0.0000 -0.0005 -0.0002  0.0210  0.2305  0.7493
 SCF Error: norm([F,P])=      0.000050409031, max([F,P])=      0.000013010006
 orbitals (Q,E):
 ---------------
 A :1...9            ( 2.00   -19.5379)  ( 2.00   -10.6302)  ( 2.00    -1.4016)  ( 2.00    -1.0111)
                     ( 2.00    -0.8655)  ( 2.00    -0.7855)  ( 2.00    -0.7169)  ( 2.00    -0.6845)
                     ( 0.00    -0.4420)

 CYCLE   10
  SDIIS (wt  1.000): -0.0000  0.0000 -0.0000 -0.0001 -0.0012 -0.0033  0.0083  0.0935  0.9027
  DIIS coefficients: -0.0000  0.0000 -0.0000 -0.0001 -0.0012 -0.0033  0.0083  0.0935  0.9027
 SCF Error: norm([F,P])=      0.000007863789, max([F,P])=      0.000002295921
 orbitals (Q,E):
 ---------------
 A :1...9            ( 2.00   -19.5379)  ( 2.00   -10.6302)  ( 2.00    -1.4016)  ( 2.00    -1.0111)
                     ( 2.00    -0.8655)  ( 2.00    -0.7855)  ( 2.00    -0.7169)  ( 2.00    -0.6845)
                     ( 0.00    -0.4420)

 CYCLE   11
  SDIIS (wt  1.000):  0.0000  0.0000 -0.0000  0.0000 -0.0001 -0.0010 -0.0072 -0.0124  0.1574  0.8634
  DIIS coefficients:  0.0000  0.0000 -0.0000  0.0000 -0.0001 -0.0010 -0.0072 -0.0124  0.1574  0.8634
 SCF Error: norm([F,P])=      0.000001039107, max([F,P])=      0.000000299121
 orbitals (Q,E):
 ---------------
 A :1...9            ( 2.00   -19.5379)  ( 2.00   -10.6302)  ( 2.00    -1.4016)  ( 2.00    -1.0111)
                     ( 2.00    -0.8655)  ( 2.00    -0.7855)  ( 2.00    -0.7169)  ( 2.00    -0.6845)
                     ( 0.00    -0.4420)

 SCF CONVERGED

 CYCLE   12
1
 ***************************************************************************************************



                                                *******************
                                                *  R E S U L T S  *
                                                *******************
  
  
 Hartree-Fock exchange energy:   -14.0434033352710     
 *** Using FIT density in Focky
  SDIIS (wt  1.000):  0.0000  0.0000  0.0000  0.0000 -0.0001 -0.0012 -0.0038 -0.0077  0.1168  0.8959
  DIIS coefficients:  0.0000  0.0000  0.0000  0.0000 -0.0001 -0.0012 -0.0038 -0.0077  0.1168  0.8959
 SCF Error: norm([F,P])=      0.000000144122, max([F,P])=      0.000000030709

 Orbital Energies, per Irrep and Spin:
 ======================================
                        Occup              E (au)              E (eV)       Diff (eV) with prev. cycle
                        -----      --------------------        ------       --------------------------
 A
               1        2.000     -0.19537933106927E+02      -531.654              -5.49E-07
               2        2.000     -0.10630226938609E+02      -289.263              -5.32E-07
               3        2.000     -0.14015745554099E+01       -38.139              -3.81E-07
               4        2.000     -0.10110621905808E+01       -27.512              -6.08E-07
               5        2.000     -0.86554462670671E+00       -23.553              -4.35E-07
               6        2.000     -0.78545055567380E+00       -21.373              -1.74E-07
               7        2.000     -0.71687647514711E+00       -19.507              -1.16E-07
               8        2.000     -0.68450610771040E+00       -18.626              -1.93E-07
               9        0.000     -0.44201561079518E+00       -12.028
              10        0.000     -0.22788111390000E+00        -6.201
              11        0.000     -0.17193096265492E+00        -4.678
              12        0.000     -0.14755594025593E+00        -4.015
              13        0.000     -0.10578152664416E+00        -2.878
              14        0.000     -0.55444324112966E-01        -1.509
              15        0.000     -0.41150794895051E-01        -1.120
              16        0.000     -0.94031502825223E-02        -0.256
              17        0.000      0.28505714200249E-01         0.776
              18        0.000      0.55808082983973E-01         1.519
  
 HOMO :        8 A                -0.68450610771040E+00
 LUMO :        9 A                -0.44201561079518E+00
  


 All Electron Calculation, thus no Orbital Energies of the Core Orbitals are calculated


 Fit test: (difference of exact and fit density, squared integrated, result summed over spins)
         Sum-of-Fragments:                             0.00000000026336
         Orthogonalized Fragments:                     0.00004475672011
         SCF:                                          0.00019320812248



 ==========================
 Electron Density at Nuclei
 ==========================
  
 The electron density is calculated at points on a small sphere around the center of a nucleus.
 The printed electron density is the average electron density on these points.
 The radius of the sphere is the printed approximate finite nuclear radius.

         Atom        Nuclear Radius (Angstrom)             Electron Density (a.u.)
         ----        -------------------------             -----------------------
     1)   H                 0.0000181514                                0.46290
     2)   H                 0.0000181514                                0.48386
     3)   H                 0.0000181514                                0.48724
     4)   C                 0.0000320678                              126.45106
     5)   O                 0.0000345546                              310.79926



 =======================================
 M U L L I K E N   P O P U L A T I O N S
 =======================================
  
 The survey below gives for each atom:
 a) the total charge (Z minus electrons)
 b) the net spin polarization (nr of electrons spin-A minus spin-B)
 c) for each spin the atomic electron valence density (integrated) per L-value.

 Atom              Charge    Spin density          S         P         D         F
 ----              ------    ------------       ------    ------    ------    ------
 1 H               0.3772                       0.5419    0.0809    0.0000    0.0000
 2 H               0.0476                       0.8928    0.0596    0.0000    0.0000
 3 H               0.0384                       0.8968    0.0649    0.0000    0.0000
 4 C               0.8019                       3.0035    2.1259    0.0687    0.0000
 5 O              -0.2651                       3.8169    4.3876    0.0605    0.0000

 Populations of individual BAS functions
 ----------------------------------------
 1 H            0.0443  0.0733  0.4243  0.0293  0.0292  0.0224
 2 H            0.0063  0.5335  0.3530  0.0089  0.0347  0.0160
 3 H           -0.0163  0.5605  0.3526  0.0358  0.0185  0.0106
 4 C            0.4797  1.5296  0.0310  1.0379 -0.0747 -0.0989 -0.1565 -0.1378  0.5758  0.8162
                0.6608  0.1213  0.1810  0.1640  0.0063  0.0080  0.0127  0.0065  0.0218  0.0134
 5 O            0.6109  1.3836 -0.0261  1.0608  0.7878  0.2726  0.2784  0.2279  0.9553  0.9739
                0.9068  0.3437  0.3164  0.1128 -0.0092  0.0071  0.0100 -0.0012  0.0248  0.0290

 Gross Charges per Atom (Z minus electrons)
 ==========================================
             0.3772    0.0476    0.0384    0.8019   -0.2651
 Net Total:  1.00000000


 Atom-Atom Population Matrix (off-diagonal elements not doubled)
 ===============================================================

     1 :     0.3044
     2 :    -0.0041    0.6517
     3 :    -0.0123   -0.0710    0.6518
     4 :    -0.0279    0.4107    0.4096    4.0712
     5 :     0.3628   -0.0348   -0.0163    0.3346    7.6188



 =================================================
 H I R S H F E L D   C H A R G E   A N A L Y S I S
 =================================================
  
 For each fragment: the (numerical) integral of rho(scf) * rho(fragment)/rho(sum-of-fragments)
 (nuclear charges are included, electrons are counted negative)

 The fragments and their ordering are defined in the early G E O M E T R Y output section.
 If you use single-atom fragments, this usually implies that all atoms of the same
 chemical type are grouped together. This may not be the order in which you listed them
 in the input file!

    1  H                         0.2702
    2  H                         0.1649
    3  H                         0.1620
    4  C                         0.3517
    5  O                         0.0511

 Sum of these charges (accuracy NumInt/Tails) =           0.99999586



 =============================
 V O R O N O I   C H A R G E S
 =============================
  
 For each atom: the (numerical) integral of the total electronic charge density in its Voronoi cell,
 i.e. the region of space that is closer to that atom than to any other atom.
 (cf. Wigner-Seitz cells in crystals)

 Within the Voronoi cell the subintegrals over the atomic sphere and the remaining part are evaluated
 separately to give the numbers of electrons (negative charge) in these regions.
 The net total charge in the cell (including the nuclear charge) is also given.

 Values are provided for
    a) the Initial (sum-of-fragments) density
    b) the Orthogonalized-Fragments density
    c) the SCF density
    d) the Voronoi Deformation Density (VDD): the difference SCF-Initial for the complete atomic cell


  Atom                Initial                    OrthFrag                   SCF
             Sphere RestCell NetTotal   Sphere RestCell NetTotal   Sphere RestCell NetTotal      VDD
 -----       ------------------------   ------------------------   ------------------------    -----
    1 H      -0.079   -1.461   -0.540   -0.082   -1.331   -0.413   -0.099   -1.120   -0.219    0.321
    2 H      -0.072   -1.417   -0.489   -0.092   -1.284   -0.376   -0.103   -1.188   -0.291    0.199
    3 H      -0.073   -1.420   -0.493   -0.093   -1.287   -0.380   -0.104   -1.201   -0.305    0.188
    4 C      -2.258   -2.637    1.105   -2.388   -2.771    0.841   -2.276   -2.341    1.383    0.278
    5 O      -2.821   -4.763    0.416   -2.994   -4.677    0.329   -2.836   -4.732    0.431    0.015
 ---------------------------------------------------------------------------------------------------
 Total NetCharge:               0.000                      0.000                      1.000    1.000
 (accuracy NumInt/Tails)

 Remark: the 'NetTotal' Voronoi charges often do not match the Mulliken and/or Hirshfeld charges very
 well. This is caused by the fact that chemically different atoms are not treated in accordance with
 their relative sizes. (Voronoi cells are defined by boundary planes halfway between the atoms.)
 However, the CHANGES in charge, comparing 'Initial' to 'SCF' for instance, do give a fair indication
 of the flow of charge caused by the relaxation from sum-of-fragments to self-consistency.

 Warning: the absolute accuracy of the VDD charges obtained using the Fuzzy Cells (Becke) integration
 scheme is much poorer than the one obtained with an 'equivalent' Voronoi integration grid. 



 =================================================================
 M U L T I P O L E   D E R I V E D   C H A R G E   A N A L Y S I S
 =================================================================

 This charge analysis uses the atomic multipoles (obtained from the fitted density) up to some level X,
 and reconstructs these multipoles exactly (up to level X) by distributing charges over all atoms.
 This is achieved by using Lagrange multipliers and a weight function to keep the multipoles local.

 Dummy atoms can be included (by setting INCDUM in MDC-block to 1) to obtain a fractional charge.
 This is generally useful and necessary only for small symmetrical molecules, when there are not
 enough degrees of freedom to reconstruct the multipoles.

 Since the atomic multipoles are reconstructed up to level X,
 the molecular multipoles are represented also up to level X.
 The recommended level is to reconstruct up to quadrupole : -> MDC-q charges.

 See: M. Swart, P.Th. van Duijnen, J.G. Snijders, J.Comput.Chem., (2001), p. 79-88.

 ------------------------------------------------------------- 
 Atomic electronic multipole moments from SCF equations (a.u.)
 ------------------------------------------------------------- 

   atom        charge        dip-x     dip-y     dip-z      quad-xx   quad-xy   quad-xz   quad-yy   quad-yz   quad-zz
 --------------------------------------------------------------------------------------------------------------------
    1 H      0.201400    -0.026712  0.067750  0.107273    -0.066135 -0.030795 -0.018207  0.025302  0.054654  0.040833
    2 H      0.079514    -0.038044 -0.075150 -0.028042    -0.081661  0.005850  0.014793  0.081939  0.077584 -0.000277
    3 H      0.070713    -0.085546  0.010551 -0.006263     0.080490 -0.081015  0.011516 -0.006866 -0.000224 -0.073624
    4 C      0.610234     0.032763  0.005410 -0.024021     0.068100  0.041224  0.008206 -0.022324 -0.025965 -0.045776
    5 O      0.038139    -0.138888  0.243678  0.094227    -0.433188 -0.090719 -0.003447 -0.111957  0.134877  0.545145

 --------------------------------------- 
 Multipole derived atomic charges (a.u.)
 --------------------------------------- 

 The MDC-m charges are just the Monopole terms in the multipole expansion, while for the MDC-d charges
 also the Dipoles are reconstructed. The usually preferred charges are the MDC-q charges.
 These reconstruct the Monopoles, Dipoles and Quadrupoles (both atomic AND molecular).

        Atom    Level:     MDC-m        MDC-d        MDC-q
 ---------------------------------------------------------
     1     H            0.201400     0.423278     0.320330
     2     H            0.079514     0.151577     0.059200
     3     H            0.070713     0.141513     0.036142
     4     C            0.610234     0.482733     0.757833
     5     O            0.038139    -0.199102    -0.173505

 ------------------------------------------------ 
 Average absolute deviations in atomic multipoles
 ------------------------------------------------ 

 Stated here are the average differences between the atomic multipoles
 and the reconstructed atomic multipoles (from the distributed charges).
 If these values are not zero, this means there are not enough degrees of freedom,
 to be able to reconstruct the atomic multipoles. (This usually happens only
 for small and/or highly symmetric molecules). If this is the case, one could add
 dummy atoms as extra point charges (and setting INCDUM in MDC-block to 1).

 Level:                                 MDC-d        MDC-q
 ---------------------------------------------------------
 Charge   (a.u.)                       0.0000       0.0000
 Dipole   (Debye)                      0.0000       0.1313
 Quad.    (a.u.)                       0.1212       0.0193

 --------------------------------------- 
 Represented molecular multipole moments
 --------------------------------------- 

 Given here are the Molecular multipole moments from the atomic charges, and from the Fit Density.
 Note that the atomic charges represent the latter, NOT the ones from the Exact density.

            Q (a.u.)             Dipole moment (Debye)                                          Quadrupole moment (a.u.)
                                 x         y         z              xx        xy        xz        yy        yz        zz
------------------------------------------------------------------------------------------------------------------------
MDC-m         1.0000       -0.9290  -10.8834   13.4673        -24.2717    2.1806   -2.4956    3.2874  -33.3635   20.9843
MDC-d         1.0000       -1.5808  -10.2423   13.8312        -24.5269    3.7644   -4.6477   -0.2600  -31.0912   24.7869
MDC-q         1.0000       -1.0841  -10.3405   13.3407        -23.3460    2.7489   -3.3150    1.4105  -30.7250   21.9355
 
Fit.Dens.     1.0000       -1.5808  -10.2423   13.8312        -24.6602    3.9142   -4.7233   -0.3629  -30.9002   25.0231



 =============
 Dipole Moment  ***  (Debye)  ***
 =============
  
 Vector   :        -1.58466469    -10.24055307     13.82919366
 Magnitude:        17.28081846

 This molecular dipole moment is calculated with analytic integration
 ************************************************************************************
 Since the molecule is NOT NEUTRAL, the dipole moment depends on the choice of origin
 ************************************************************************************



 =========================================
 Quadrupole Moment (Buckingham convention)  ***  (a.u.)  ***
 =========================================
  
      quad-xx        quad-xy        quad-xz        quad-yy        quad-yz        quad-zz
    -24.65373844     3.84507549    -4.72848052    -0.36658386   -30.76383136    25.02032230

 This molecular quadrupole moment is calculated with analytic integration
1



 ===========================
 B O N D I N G   E N E R G Y  ***  (decomposition)  ***
 ===========================
  
*** IMPORTANT NOTE ***

The bond energy is computed as an energy difference between molecule and
fragments. In particular when the fragments are single atoms, they are usually
computed as SPHERICALLY SYMMETRIC and SPIN-RESTRICTED. Obviously, this usually
does NOT represent the true atomic groundstate.

To obtain the 'real' bond energy, (atomic) correction terms must be applied
for the true (multiplet) fragment ground state. See ref: E.J.Baerends,
V.Branchadell, M.Sodupe, Chem.Phys.Lett.265 (1997) 481

General theoretical background on the bond energy decomposition scheme used
here (Morokuma-Ziegler) can be found in the review paper:
F.M. Bickelhaupt and E.J. Baerends,
"Kohn-Sham Density Functional Theory: Predicting and Understanding Chemistry"
In: Rev. Comput. Chem.; Lipkowitz, K. B. and Boyd, D. B., Eds.;
Wiley-VCH: New York, 2000, Vol. 15, 1-86.

Symbols used in the Bickelhaupt-Baerends (BB) paper are given below to make
the direct connection to that paper, where detailed explanations can be found
on the meaning of the various terms.


                                                   hartree              eV         kcal/mol           kJ/mol
                                      --------------------     -----------       ----------      -----------
  pauli hf:                              0.157788992066997          4.2937            99.01           414.27
  elstat hf:                            -0.294511577293143         -8.0141          -184.81          -773.24

Pauli Repulsion
  Kinetic (Delta T^0):                   7.945441265530973        216.2065          4985.84         20860.75
  Delta V^Pauli Coulomb:                -4.073116991782592       -110.8352         -2555.92        -10693.97
  Delta V^Pauli Hybrid-X:               -0.725535058195618        -19.7428          -455.28         -1904.89
  Delta V^Pauli Hybrid-C:               -0.066638854191744         -1.8133           -41.82          -174.96
  Delta V^Pauli HF-Exchange:            -0.136722585226146         -3.7204           -85.79          -358.97
                                      --------------------     -----------       ----------      -----------
  Total Pauli Repulsion:                 2.943427776134873         80.0947          1847.03          7727.97
 (Total Pauli Repulsion =
  Delta E^Pauli in BB paper)

Steric Interaction
  Pauli Repulsion (Delta E^Pauli):       2.943427776134873         80.0947          1847.03          7727.97
  Electrostatic Interaction:            -0.553757695679733        -15.0685          -347.49         -1453.89
 (Electrostatic Interaction =
  Delta V_elstat in the BB paper)
                                      --------------------     -----------       ----------      -----------
  Total Steric Interaction:              2.389670080455140         65.0262          1499.54          6274.08
 (Total Steric Interaction =
  Delta E^0 in the BB paper)

Orbital Interactions
  A:                                    -3.130496725092907        -85.1852         -1964.42         -8219.12
  HF orbital correction:                -0.000004680546555         -0.0001            -0.00            -0.01
                                      --------------------     -----------       ----------      -----------
  Total Orbital Interactions:           -3.130501405639461        -85.1853         -1964.42         -8219.13

Alternative Decomposition Orb.Int.
  Kinetic:                              -7.426908814904617       -202.0965         -4660.46        -19499.35
  Coulomb:                               4.042306962211298        109.9968          2536.59         10613.08
  XC+HF:                                 0.254100447053859          6.9144           159.45           667.14
  XC only:                               0.392325800344455         10.6757           246.19          1030.05
  HF Orbital:                           -0.138225353290596         -3.7613           -86.74          -362.91
                                      --------------------     -----------       ----------      -----------
  Total Orbital Interactions:           -3.130501405639460        -85.1853         -1964.42         -8219.13

  Residu (E=Steric+OrbInt+Res):         -0.000081577377626         -0.0022            -0.05            -0.21

Total Bonding Energy:                   -0.740912902561948        -20.1613          -464.93         -1945.27


Summary of Bonding Energy (energy terms are taken from the energy decomposition above)
======================================================================================

  Electrostatic Energy:                 -0.553757695679733        -15.0685          -347.49         -1453.89
  Kinetic Energy:                        0.518532450626356         14.1100           325.38          1361.41
  Coulomb (Steric+OrbInt) Energy:       -0.030891606948920         -0.8406           -19.38           -81.11
  XC Energy:                            -0.674796050559649        -18.3621          -423.44         -1771.68
                                      --------------------     -----------       ----------      -----------
  Total Bonding Energy:                 -0.740912902561946        -20.1613          -464.93         -1945.27


Correction terms (incorporated in energies above; only for test purposes):

1. Indication of fit-quality: 1st-order fit-correction used in the energy (hartree):  -0.0003699498
2. Electrostatic (Fit correction):   0.0000000000
1



 =======================================================
 S F O   P O P U L A T I O N S ,   M O   A N A L Y S I S
 =======================================================
  
 A Mulliken population analysis is performed on (input-)selected MOs. All populations refer to SFOs.
 BAS populations may have been printed directly after the SCF part.


                                       === A ===


 SFO contributions (%) per orbital
 (multiplication by the orbital occupation yields the SFO Gross Populations)

 Orb.:        1      2      3      4      5      6      7      8      9     10     11     12
 occup:     2.00   2.00   2.00   2.00   2.00   2.00   2.00   2.00   0.00   0.00   0.00   0.00
 CF+SFO     ----   ----   ----   ----   ----   ----   ----   ----   ----   ----   ----   ----
 ------
      1:   -0.02  -0.00   8.03   5.15   7.20  -0.08   0.28   2.35   0.02  42.39   2.83   6.53
      2:   -0.00  -0.00   0.01   1.74   0.66  -0.18  -0.00   1.19  -0.00  14.53  -2.79  -1.51
      4:   -0.00   0.00   0.07   0.15  -0.04   0.03   1.11   0.14   0.29   0.57   0.13   0.22
      5:   -0.01  -0.00   0.57   0.39  -0.07   0.37   0.22  -0.02   0.13   2.58  -0.01   0.04
      6:   -0.01  -0.00   0.96  -0.25   0.03   0.39   0.01  -0.01   0.01   2.07   0.78   0.09
      7:    0.00  -0.01   0.85  11.55   0.66  20.31   1.03   8.59   1.31   2.09  16.10  58.18
      8:   -0.00  -0.00  -0.28   0.27  -0.23   0.73   0.01   1.17   0.56   1.81  15.41  18.91
     10:   -0.00   0.00   0.00  -0.00   0.12   0.02   0.24   0.07   1.18   0.16  -0.02   0.00
     11:    0.00  -0.00   0.11   1.10   0.32   0.18   0.17  -0.16  -0.05   0.48   0.34   2.14
     12:    0.00  -0.00   0.23   0.51  -0.00   0.04   0.04  -0.02   0.22   0.70   1.98  -0.04
     13:    0.00  -0.01   0.84   9.70  18.32   0.70   0.50  13.22   1.90   7.82  26.49  15.60
     14:    0.00  -0.00  -0.38   0.21   0.60   0.06   0.09   1.01   0.32   7.10  23.66  -1.26
     15:   -0.00  -0.00  -0.01  -0.29   0.00  -0.02   0.00   0.30  -0.01  -0.55  -0.49   1.09
     16:    0.00  -0.00   0.21   0.86   0.55   0.08   0.00   0.10   0.36   0.17   1.19   0.69
     17:    0.00  -0.00   0.13   0.61   0.16   0.05   0.14  -0.16   1.00   0.22   0.97   0.12
     18:    0.00   0.00   0.06  -0.01  -0.00   0.36   0.14  -0.01   0.10   2.01   0.86   0.72
     19:   -0.00 100.03   0.00   0.00  -0.00  -0.00  -0.00   0.00  -0.00  -0.00  -0.00  -0.00
     20:   -0.01   0.00   5.89  37.15   4.58   0.13   2.75  -0.01   8.58  -2.36   8.40   0.47
     21:   -0.00  -0.00  -1.16   1.03  -0.27  -0.04   0.00   0.11  -0.33  -2.69 -11.70   0.31
     24:    0.00  -0.00   0.31   0.35  11.27   0.01  14.51   3.29  38.38   1.98  -0.52  -0.46
     27:    0.00  -0.00   0.21   0.55   8.44  13.85   1.77  16.46  18.03   0.41   0.62  -1.96
     28:    0.00   0.00  -0.03   0.06   0.01  -0.58  -0.07   1.68   0.20   0.22   0.03 -12.78
     30:   -0.00  -0.00   4.37   0.10   4.44  18.29   3.86   0.10   4.67  13.05   5.21  20.26
     31:   -0.00  -0.00  -0.80  -0.31   1.05   3.53   0.24   0.02   0.16   4.19   4.42  -9.80
     38:  100.04   0.00   0.00  -0.00   0.00   0.00   0.00   0.00  -0.00  -0.00  -0.00  -0.00
     39:    0.00   0.00  75.74   4.13   1.99   3.52   0.15   5.53  -0.01   2.10   1.24   0.07
     40:   -0.00   0.00  -0.10   0.09  -0.10   0.06  -0.03  -0.16  -0.05  -4.43  -1.21  -0.97
     43:    0.00   0.00   0.87   0.22   3.91   2.12  52.74  18.84  14.83   0.47   0.91   0.11
     46:    0.00   0.00   2.40   0.76  11.24  21.38  19.28  23.64   6.53   2.40   0.65   0.12
     49:   -0.00   0.00   0.83  25.54  23.09  13.35  -0.04   0.13   1.21  -0.11   2.98   3.91
     50:    0.00  -0.00   0.04  -2.01   0.92   0.56   0.05  -0.02  -0.11  -0.46   0.60  -4.26


 Summation over all MOs, multiplied by occupation: Total SFO Gross Populations in this Irrep
 ===========================================================================================

     0.46    0.07    0.02    0.03    0.03    0.02    0.86    0.03   -0.00    0.01    0.03    0.02
     0.87    0.03   -0.00    0.04    0.02    0.01    2.00    1.01   -0.01   -0.00   -0.00    0.59
     0.01   -0.00    0.83    0.02   -0.01    0.62    0.07   -0.01    0.02    0.01    0.01    0.01
     0.02    2.00    1.82   -0.01   -0.00    0.00    1.57   -0.00   -0.00    1.57   -0.01   -0.00
     1.26   -0.01   -0.00    0.01    0.01    0.01    0.01    0.02



 List of selected MOs, ordered by energy, with the most significant SFO gross populations
 ========================================================================================

 Each percentage contribution in the table below corres ponds to the indicated SFO.
 In general, a SFO may be a linear combination of several Fragment Orbitals on the same,
 or on symmetry-related Fragments. Only the first 'member' of such a combination is
 specified here. A full definition of all SFOs is given in an earlier part of the output.
 The numbering of the SFOs in this table does NOT include the Core Orbitals, and starts
 from one for each symmetry representation, as in the SFO definition list earlier.

       E(eV)  Occ       MO           %     SFO (first member)   E(eV)  Occ   Fragment
 -------------------------------------------------------------------------------------

     -27.512  2.00     4 A         37.15%     2 S             -15.345  2.00     4 C
                                   25.54%     1 P:z            -9.826  1.33     5 O
                                   11.55%     1 S              -6.641  1.00     2 H
                                    9.70%     1 S              -6.641  1.00     3 H
                                    5.15%     1 S              -6.641  1.00     1 H
                                    4.13%     2 S             -26.409  2.00     5 O
                                   -2.01%     2 P:z            10.335  0.00     5 O
                                    1.74%     2 S               2.836  0.00     1 H
                                    1.10%     1 P:y            11.865  0.00     2 H
                                    1.03%     3 S              10.943  0.00     4 C
     -23.553  2.00     5 A         23.09%     1 P:z            -9.826  1.33     5 O
                                   18.32%     1 S              -6.641  1.00     3 H
                                   11.27%     1 P:x            -5.110  0.67     4 C
                                   11.24%     1 P:y            -9.826  1.33     5 O
                                    8.44%     1 P:y            -5.110  0.67     4 C
                                    7.20%     1 S              -6.641  1.00     1 H
                                    4.58%     2 S             -15.345  2.00     4 C
                                    4.44%     1 P:z            -5.110  0.67     4 C
                                    3.91%     1 P:x            -9.826  1.33     5 O
                                    1.99%     2 S             -26.409  2.00     5 O
                                    1.05%     2 P:z             5.204  0.00     4 C
     -21.373  2.00     6 A         21.38%     1 P:y            -9.826  1.33     5 O
                                   20.31%     1 S              -6.641  1.00     2 H
                                   18.29%     1 P:z            -5.110  0.67     4 C
                                   13.85%     1 P:y            -5.110  0.67     4 C
                                   13.35%     1 P:z            -9.826  1.33     5 O
                                    3.53%     2 P:z             5.204  0.00     4 C
                                    3.52%     2 S             -26.409  2.00     5 O
                                    2.12%     1 P:x            -9.826  1.33     5 O
     -19.507  2.00     7 A         52.74%     1 P:x            -9.826  1.33     5 O
                                   19.28%     1 P:y            -9.826  1.33     5 O
                                   14.51%     1 P:x            -5.110  0.67     4 C
                                    3.86%     1 P:z            -5.110  0.67     4 C
                                    2.75%     2 S             -15.345  2.00     4 C
                                    1.77%     1 P:y            -5.110  0.67     4 C
                                    1.11%     1 P:x            11.865  0.00     1 H
                                    1.03%     1 S              -6.641  1.00     2 H
     -18.626  2.00     8 A         23.64%     1 P:y            -9.826  1.33     5 O
                                   18.84%     1 P:x            -9.826  1.33     5 O
                                   16.46%     1 P:y            -5.110  0.67     4 C
                                   13.22%     1 S              -6.641  1.00     3 H
                                    8.59%     1 S              -6.641  1.00     2 H
                                    5.53%     2 S             -26.409  2.00     5 O
                                    3.29%     1 P:x            -5.110  0.67     4 C
                                    2.35%     1 S              -6.641  1.00     1 H
                                    1.68%     2 P:y             5.204  0.00     4 C
                                    1.19%     2 S               2.836  0.00     1 H
                                    1.17%     2 S               2.836  0.00     2 H
                                    1.01%     2 S               2.836  0.00     3 H
     -12.028  0.00     9 A         38.38%     1 P:x            -5.110  0.67     4 C
                                   18.03%     1 P:y            -5.110  0.67     4 C
                                   14.83%     1 P:x            -9.826  1.33     5 O
                                    8.58%     2 S             -15.345  2.00     4 C
                                    6.53%     1 P:y            -9.826  1.33     5 O
                                    4.67%     1 P:z            -5.110  0.67     4 C
                                    1.90%     1 S              -6.641  1.00     3 H
                                    1.31%     1 S              -6.641  1.00     2 H
                                    1.21%     1 P:z            -9.826  1.33     5 O
                                    1.18%     1 P:x            11.865  0.00     2 H
                                    1.00%     1 P:y            11.865  0.00     3 H



 =======================================================================
 Electrostatic potential at the Nuclei due to electrons and other nuclei
 =======================================================================
  
         Atom                  Potential
         ----                  ---------
     1)   H                   0.64431613
     2)   H                   0.75576067
     3)   H                   0.74531540
     4)   C                  14.32165040
     5)   O                  21.95481310
 Mulliken charges used for AMS results%charges...


    =====================
     CALCULATION RESULTS
    =====================

Energy (hartree)            -0.74091290


--------------
Atomic charges
--------------
  Index   Atom    Charge
      1      H    0.3772
      2      H    0.0476
      3      H    0.0384
      4      C    0.8019
      5      O   -0.2651


Dipole moment vector    (Debye):    -1.58466469  -10.24055307   13.82919366
              magnitude (Debye):    17.28081846


-----------------------
Molecular orbitals info
-----------------------
n orbitals:               56
n spin:                    1

Note: only printing virtual orbitals with
      energy smaller than HOMO + 100. eV

HOMO (eV):             -18.6264
LUMO (eV):             -12.0279
HOMO-LUMO gap (eV):      6.5985

   Index   Energy (eV)    Occupation
      47       75.8914         0.000       
      46       70.5309         0.000       
      45       60.8868         0.000       
      44       59.6566         0.000       
      43       57.4040         0.000       
      42       56.0283         0.000       
      41       51.9151         0.000       
      40       48.1146         0.000       
      39       46.2908         0.000       
      38       45.7748         0.000       
      37       37.8449         0.000       
      36       37.3774         0.000       
      35       34.3039         0.000       
      34       30.4903         0.000       
      33       28.2857         0.000       
      32       26.1816         0.000       
      31       25.1656         0.000       
      30       23.6248         0.000       
      29       19.7442         0.000       
      28       17.6240         0.000       
      27       16.2834         0.000       
      26       14.6316         0.000       
      25       11.4963         0.000       
      24        9.8090         0.000       
      23        8.0310         0.000       
      22        7.7139         0.000       
      21        5.2389         0.000       
      20        4.4749         0.000       
      19        3.7513         0.000       
      18        1.5186         0.000       
      17        0.7757         0.000       
      16       -0.2559         0.000       
      15       -1.1198         0.000       
      14       -1.5087         0.000       
      13       -2.8785         0.000       
      12       -4.0152         0.000       
      11       -4.6785         0.000       
      10       -6.2010         0.000       
       9      -12.0279         0.000 < LUMO
       8      -18.6264         2.000 < HOMO
       7      -19.5072         2.000       
       6      -21.3732         2.000       
       5      -23.5527         2.000       
       4      -27.5124         2.000       
       3      -38.1388         2.000       
       2     -289.2632         2.000       
       1     -531.6542         2.000       

AMS application finished. Exiting.
NORMAL TERMINATION
     Total cpu time:       4.30
  Total system time:      20.93
 Total elapsed time:      27.67
