

 Parallel Execution: Process Information
 ==============================================================================
 Rank   Node Name                              NodeID   MyNodeRank  NodeMaster
    0   c002                                      0          0          0
    1   c002                                      1          0          1
    2   c002                                      0          1         -1
    3   c002                                      1          1         -1
    4   c002                                      0          2         -1
    5   c002                                      1          2         -1
    6   c002                                      0          3         -1
    7   c002                                      1          3         -1
    8   c002                                      0          4         -1
    9   c002                                      1          4         -1
   10   c002                                      0          5         -1
   11   c002                                      1          5         -1
   12   c002                                      0          6         -1
   13   c002                                      1          6         -1
   14   c002                                      0          7         -1
   15   c002                                      1          7         -1
   16   c002                                      0          8         -1
   17   c002                                      1          8         -1
   18   c002                                      0          9         -1
   19   c002                                      1          9         -1
   20   c002                                      0         10         -1
   21   c002                                      1         10         -1
   22   c002                                      0         11         -1
   23   c002                                      1         11         -1
   24   c002                                      0         12         -1
   25   c002                                      1         12         -1
   26   c002                                      0         13         -1
   27   c002                                      1         13         -1
   28   c002                                      0         14         -1
   29   c002                                      1         14         -1
   30   c002                                      0         15         -1
   31   c002                                      1         15         -1
   32   c002                                      2          0          2
   33   c002                                      3          0          3
   34   c002                                      2          1         -1
   35   c002                                      3          1         -1
   36   c002                                      2          2         -1
   37   c002                                      3          2         -1
   38   c002                                      2          3         -1
   39   c002                                      3          3         -1
   40   c002                                      2          4         -1
   41   c002                                      3          4         -1
   42   c002                                      2          5         -1
   43   c002                                      3          5         -1
   44   c002                                      2          6         -1
   45   c002                                      3          6         -1
   46   c002                                      2          7         -1
   47   c002                                      3          7         -1
   48   c002                                      2          8         -1
   49   c002                                      3          8         -1
   50   c002                                      2          9         -1
   51   c002                                      3          9         -1
   52   c002                                      2         10         -1
   53   c002                                      3         10         -1
   54   c002                                      2         11         -1
   55   c002                                      3         11         -1
   56   c002                                      2         12         -1
   57   c002                                      3         12         -1
   58   c002                                      2         13         -1
   59   c002                                      3         13         -1
   60   c002                                      2         14         -1
   61   c002                                      3         14         -1
   62   c002                                      2         15         -1
   63   c002                                      3         15         -1
   64   c002                                      4          0          4
   65   c002                                      5          0          5
   66   c002                                      4          1         -1
   67   c002                                      5          1         -1
   68   c002                                      4          2         -1
   69   c002                                      5          2         -1
   70   c002                                      4          3         -1
   71   c002                                      5          3         -1
   72   c002                                      4          4         -1
   73   c002                                      5          4         -1
   74   c002                                      4          5         -1
   75   c002                                      5          5         -1
   76   c002                                      4          6         -1
   77   c002                                      5          6         -1
   78   c002                                      4          7         -1
   79   c002                                      5          7         -1
   80   c002                                      4          8         -1
   81   c002                                      5          8         -1
   82   c002                                      4          9         -1
   83   c002                                      5          9         -1
   84   c002                                      4         10         -1
   85   c002                                      5         10         -1
   86   c002                                      4         11         -1
   87   c002                                      5         11         -1
   88   c002                                      4         12         -1
   89   c002                                      5         12         -1
   90   c002                                      4         13         -1
   91   c002                                      5         13         -1
   92   c002                                      4         14         -1
   93   c002                                      5         14         -1
   94   c002                                      4         15         -1
   95   c002                                      5         15         -1
   96   c002                                      6          0          6
   97   c002                                      7          0          7
   98   c002                                      6          1         -1
   99   c002                                      7          1         -1
  100   c002                                      6          2         -1
  101   c002                                      7          2         -1
  102   c002                                      6          3         -1
  103   c002                                      7          3         -1
  104   c002                                      6          4         -1
  105   c002                                      7          4         -1
  106   c002                                      6          5         -1
  107   c002                                      7          5         -1
  108   c002                                      6          6         -1
  109   c002                                      7          6         -1
  110   c002                                      6          7         -1
  111   c002                                      7          7         -1
  112   c002                                      6          8         -1
  113   c002                                      7          8         -1
  114   c002                                      6          9         -1
  115   c002                                      7          9         -1
  116   c002                                      6         10         -1
  117   c002                                      7         10         -1
  118   c002                                      6         11         -1
  119   c002                                      7         11         -1
  120   c002                                      6         12         -1
  121   c002                                      7         12         -1
  122   c002                                      6         13         -1
  123   c002                                      7         13         -1
  124   c002                                      6         14         -1
  125   c002                                      7         14         -1
  126   c002                                      6         15         -1
  127   c002                                      7         15         -1
 ==============================================================================


May use up to 14980MB of RAM as shared memory on node 0
May use up to 15377MB of RAM as shared memory on node 1
May use up to 15359MB of RAM as shared memory on node 2
May use up to 15377MB of RAM as shared memory on node 3
May use up to 15377MB of RAM as shared memory on node 4
May use up to 15377MB of RAM as shared memory on node 5
May use up to 15377MB of RAM as shared memory on node 7
May use up to 15372MB of RAM as shared memory on node 6

 *******************************************************************************
 *                                                                             *
 *  --------------------------------                                           *
 *   Amsterdam Modeling Suite (AMS)              2023.104                      *
 *  --------------------------------                                           *
 *                                               r115785 2023-10-06            *
 *                                                                             *
 *                                                                             *
 *                              =================                              *
 *                              |               |                              *
 *                              |     A M S     |                              *
 *                              |               |                              *
 *                              =================                              *
 *                                                                             *
 *                                                                             *
 *   Online information and documentation:  https://www.scm.com/support/       *
 *   E-mail:  support@scm.com   info@scm.com                                   *
 *                                                                             *
 *   Scientific publications using AMS results must be properly referenced     *
 *   See the User Manuals (or the web site) for recommended citations          *
 *   The terms and conditions of the End User License Agreement apply to       *
 *   the use of AMS, https://www.scm.com/license-terms/                        *
 *                                                                             *
 **********************  x86_64_linux_intel / intelmpi  ************************
 
 Licensed to: Dr. Amanda Morgenstern / University of Colorado / Colorado Springs / Colorado / USA 2024-12-20 19:21:38
 SCM User ID: u21568
  
 AMS 2023.104  RunTime: Mar06-2025 12:16:49  ShM Nodes: 8  Procs: 128

 AMS jobname: HMTHplus_B3LYP_TZP_KlamtWater_solvfrag_neutral.CH2
 AMS jobid  : 1202907209

 Start   directory: /home/amorgens/adf_calcs/tetramine/final_ams_calcs/fragments/
 Results directory: /home/amorgens/adf_calcs/tetramine/final_ams_calcs/fragments/HMTHplus_B3LYP_TZP_KlamtWater_solvfrag_neutral.CH2.results/
 Scratch directory: /tmp/amstmp_HMTHplus_B3LYP_TZP_KlamtWater_solvfrag_neutral.CH2_kid0.1202907209/


 Communication costs MPI_COMM_WORLD:      4.416 usec per message,   0.0408 usec per 8-byte item
 Communication costs for intra-node:      1.627 usec per message,   0.0065 usec per 8-byte item

 RNG seed: 772514590 151497333 953043505 647554871 1417996422 -1873360852 -1415712934 663741144



                     **************************************************************************
                     *  ADF 2023.104  RunTime: Mar06-2025 12:16:50  ShM Nodes: 8  Procs: 128  *
                     **************************************************************************
  
 Geometry symmetrized to: Csv
 Geometry reoriented with symmetry: C(2V)

       ****************************
       * SINGLE POINT CALCULATION *
       ****************************
 
--------
Geometry
--------
Formula: CH2
Atoms
  Index Symbol   x (angstrom)   y (angstrom)   z (angstrom)
      1      C     0.00000000     0.00000000    -1.64943383       region=CH2 adf.R=2.00
      2      H     0.89206021     0.00000000    -2.27147052       region=CH2 adf.R=1.30
      3      H    -0.89206021     0.00000000    -2.27147052       region=CH2 adf.R=1.30
 
Total System Charge             0.00000
Bonding info available!
 
 
----------------
ADF Engine Input
----------------
 
 Basis
 Type TZP
 Core None
 End
 XC
 Hybrid B3LYP
 End
 Title CH2 fragment
 Relativity
 Level None
 End
 Symmetry NOSYM
 Solvation
 Surf Delley
 Solv name=Water cav0=0.0 cav1=0.0067639
 Charged method=CONJ
 C-Mat POT
 SCF VAR ALL
 CSMRSP
 End
 NOSYMFIT
 

 Title: CH2 fragment

 *** adf ***



 ===========================
 A T T A C H E D   F I L E S
 ===========================
  



 ===============================
 M O D E L   P A R A M E T E R S
 ===============================
  
 DENSITY FUNCTIONAL POTENTIAL (scf)
    Hybrid:                            B3LYP                                   == Not Default ==

 SPIN  (restricted / unrestr.)
    Molecule:                          Restricted                               
    Fragments:                         Restricted                               

 OTHER ASPECTS
    Relativistic Corrections:          ---                                     == Not Default ==

    Nuclear Charge Density Model:      Point Charge Nuclei                      
    Core Treatment:                    Frozen Orbital(s)                        

    Hyperfine or Zeeman Interaction:   ---                                      

 SOLVATION
-------------------------------------------

  The Delley construction of COSMO surface surface is calculated

       Division Level for Surface Triangles (NDIV)                  3
       Final Division Level for Triangles (NFDIV)                   1
       Radius of the Solvent (RSOL)                           1.93000 angstr
  Dielectric Constant (EPSL)                                 78.39000

       COSMO equation is solved iteratively-               conjugate-gradient

       Maximun of Iterations for Charges (NCIX)                  1000
       Criterion for Charge convergence (CCNV)                1.0E-08

  COSMO charges included variationally in SCF

       COSMO included at every SCF cycle

  Geometry-dependent empirical factor                         0.00000

  C-Matrix calculated in cspmtx

  In cspmtx, C-Matrix calculated using fitted potential

-------------------------------------------



 Fragment File(s)
 ----------------
 C:
         file : /home/amorgens/adf_calcs/tetramine/final_ams_calcs/fragments/HMTHplus_B3LYP_TZP_KlamtWater_solvfrag_neutral.CH2.results/t21.28079B0C.C
         jobid: 0
         title: Carbon (TZP)
 H:
         file : /home/amorgens/adf_calcs/tetramine/final_ams_calcs/fragments/HMTHplus_B3LYP_TZP_KlamtWater_solvfrag_neutral.CH2.results/t21.3526984.H
         jobid: 0
         title: Hydrogen (TZP)



 ===============
 G E O M E T R Y  ***  Planar Molecule  ***
 ===============
  

 ATOMS
 =====                            X Y Z                    CHARGE                     RADIUS
                                (Angstrom)             Nucl     +Core       At.Mass (Angstrom)
                       --------------------------    ----------------       ------- ----------
    1  C               0.0000    0.0000   -1.6494      6.00      6.00       12.0000    2.0000
    2  H               0.8921    0.0000   -2.2715      1.00      1.00        1.0078    1.3000
    3  H              -0.8921    0.0000   -2.2715      1.00      1.00        1.0078    1.3000


 FRAGMENTS
 =========                                     Atoms in this Fragment     Cart. coord.s (Angstrom)
                                               -------------------------------------------------------
    1  C                                                 1  C            0.0000    0.0000   -1.6494
    2  H                                                 2  H            0.8921    0.0000   -2.2715
    3  H                                                 3  H           -0.8921    0.0000   -2.2715


 Interatomic Distance Matrix (Angstrom)
 --------------------------------------

   1)     0.000
   2)     1.088   0.000
   3)     1.088   1.784   0.000

 Min. Distance =    1.0875
 Max. Distance =    1.7841



 =====================================
 S Y M M E T R Y ,   E L E C T R O N S
 =====================================
  
 Symmetry: NOSYM

 Irreducible Representations, including subspecies
 -------------------------------------------------
 A

 Symmetry is NOT used when fitting density


 Configuration of Valence Electrons
 ==================================
 ( determined in the SCF procedure )

 Total:   8

 Net Charge: 0 (Nuclei minus Electrons)

 Aufbau principle for MO occupations will be applied through SCF cycle no.     150
 Thereafter, the program will assign electrons to MOs that are spatially
 similar to the occupied MOs in a "reference" cycle ("KeepOrbitals").
 The reference cycle is always the PREVIOUS cycle: it will evolve with
 the SCF procedure.
1
 ***************************************************************************************************



                                      ****************************************
                                      *  B U I L D : (Fragments, Functions)  *
                                      ****************************************
  



 =======
 S F O s  ***  (Symmetrized Fragment Orbitals)  ***
 =======
  
 SFOs are linear combinations of (valence) Fragment Orbitals (FOs), such that the SFOs transform as the
 irreducible representations of the (molecular) symmetry group. Each SFO is therefore characterized by
 an irrep of the molecule and by a few (or only one) generating FOs.
 The SFOs constitute a symmetry-adapted basis for the Fock matrix. The MO eigenvector coefficients in
 this basis provide a direct interpretation of the MOs in terms of Frontier Orbital Theory.

 The SFOs are combined with auxiliary Core Functions (CFs) to ensure orthogonalization on the (frozen)
 Core Orbitals (COs). The Core-orthogonalized SFOs (CSFOs) constitute the true Fock basis.

 The FOs, and hence also the (C)SFOs are combinations of the elementary basis functions (BAS). The basis
 functions that participate in the description of the SFOs depend on the irrep. The indices of the
 involved functions are printed below for each irrep.
 (The complete list of primitive basis functions is printed in another section)

 Total nr. of (C)SFOs (summation over all irreps) :    31

 NOTE: a (C)SFO that is defined as a combination of more than one FO is usually NOT normalized.



                                       === A ===
 Nr. of SFOs :   31
 Cartesian basis functions that participate in this irrep (total number =    32) :
      1     2     3     4     5     6     9    12     7    10
     13     8    11    14    15    16    17    18    19    20
     21    22    23    24    25    26    27    28    29    30
     31    32

    SFO  (index         Fragment          Generating    Expansion in Fragment Orbitals
  indx  incl.CFs)   Occup   Orb.Energy   FragmentType  Coeff.   Orbital     on Fragment
 --------------------------------------------------------------------------------------
     1       1      2.000     -10.347 au  C             1.00      1 S               1
                        (    -281.544 eV)
     2       2      2.000      -0.564 au  C             1.00      2 S               1
                        (     -15.345 eV)
     3       3       --         0.402 au  C             1.00      3 S               1
                        (      10.943 eV)
     4       4       --         5.509 au  C             1.00      4 S               1
                        (     149.900 eV)
     5       5       --        50.546 au  C             1.00      5 S               1
                        (    1375.414 eV)
     6       6      0.667      -0.188 au  C             1.00      1 P:x             1
                        (      -5.110 eV)
     7       7       --         0.191 au  C             1.00      2 P:x             1
                        (       5.204 eV)
     8       8       --         2.089 au  C             1.00      3 P:x             1
                        (      56.851 eV)
     9       9      0.667      -0.188 au  C             1.00      1 P:y             1
                        (      -5.110 eV)
    10      10       --         0.191 au  C             1.00      2 P:y             1
                        (       5.204 eV)
    11      11       --         2.089 au  C             1.00      3 P:y             1
                        (      56.851 eV)
    12      12      0.667      -0.188 au  C             1.00      1 P:z             1
                        (      -5.110 eV)
    13      13       --         0.191 au  C             1.00      2 P:z             1
                        (       5.204 eV)
    14      14       --         2.089 au  C             1.00      3 P:z             1
                        (      56.851 eV)
    15      15       --         1.292 au  C             1.00      1 D:z2            1
                        (      35.150 eV)
    16      16       --         1.292 au  C             1.00      1 D:x2-y2         1
                        (      35.150 eV)
    17      17       --         1.292 au  C             1.00      1 D:xy            1
                        (      35.150 eV)
    18      18       --         1.292 au  C             1.00      1 D:xz            1
                        (      35.150 eV)
    19      19       --         1.292 au  C             1.00      1 D:yz            1
                        (      35.150 eV)
    20      20      1.000      -0.244 au  H             1.00      1 S               2
                        (      -6.641 eV)
    21      21       --         0.104 au  H             1.00      2 S               2
                        (       2.836 eV)
    22      22       --         1.564 au  H             1.00      3 S               2
                        (      42.568 eV)
    23      23       --         0.436 au  H             1.00      1 P:x             2
                        (      11.865 eV)
    24      24       --         0.436 au  H             1.00      1 P:y             2
                        (      11.865 eV)
    25      25       --         0.436 au  H             1.00      1 P:z             2
                        (      11.865 eV)
    26      26      1.000      -0.244 au  H             1.00      1 S               3
                        (      -6.641 eV)
    27      27       --         0.104 au  H             1.00      2 S               3
                        (       2.836 eV)
    28      28       --         1.564 au  H             1.00      3 S               3
                        (      42.568 eV)
    29      29       --         0.436 au  H             1.00      1 P:x             3
                        (      11.865 eV)
    30      30       --         0.436 au  H             1.00      1 P:y             3
                        (      11.865 eV)
    31      31       --         0.436 au  H             1.00      1 P:z             3
                        (      11.865 eV)



 ================================
 (Slater-type)  F U N C T I O N S  ***  (Basis and Fit)  ***
 ================================
  

 Atom Type    1  (C)
 ==============

 Valence Basis Sets:   9
 -----------------------
   1 S    7.680000
   1 S    5.000000
   2 S    1.280000
   2 S    2.100000
   2 S    4.600000
   2 P    0.820000
   2 P    1.480000
   2 P    2.940000
   3 D    2.200000

 Charge Fitting Sets (for the computation of the Coulomb Potential):  22
 -----------------------------------------------------------------------
   1 S   15.360000
   2 S   17.530000
   2 S   12.070000
   2 S    8.310000
   2 S    5.730000
   3 S    5.780000
   3 S    4.220000
   3 S    3.080000
   3 S    2.250000
   3 S    1.640000
   2 P    9.880000
   2 P    5.800000
   3 P    5.050000
   3 P    3.230000
   3 P    2.060000
   3 D    7.200000
   3 D    4.400000
   3 D    2.690000
   3 D    1.640000
   4 F    5.400000
   4 F    3.550000
   5 G    4.500000

 Atom Type    2  (H)
 ==============

 Valence Basis Sets:   4
 -----------------------
   1 S    0.690000
   1 S    0.920000
   1 S    1.580000
   2 P    1.250000

 Charge Fitting Sets (for the computation of the Coulomb Potential):  11
 -----------------------------------------------------------------------
   1 S    3.160000
   1 S    2.090000
   1 S    1.380000
   2 S    1.500000
   2 P    4.000000
   2 P    2.650000
   2 P    1.750000
   3 D    4.000000
   3 D    2.500000
   4 F    3.000000
   5 G    4.000000


 BAS: List of all Elementary Cartesian Basis Functions
 =====================================================

 The numbering in the list below (to the right of the function characteristics) is referred
 to in print-outs of MO eigenvectors and Mulliken populations in the BAS representation
 (as contrasted to the SFO representation).

 Notes:
 1. The functions are characterized by a polynomial prefactor (powers of x,y,z and r) and
    an exponential decay factor alpha.
 2. Since the basis sets are specific for an atom TYPE, the individual functions occur on
    all atoms of that type.
 3. The word 'Core' in the left margin signals that it is a Core Function (CF) : not a
    degree of freedom in the valence set, but only used to ensure orthogonalization of
    the other valence basis functions on the frozen Core Orbitals.


 (power of) X  Y  Z  R     Alpha  on Atom
            ==========     =====     ==========

 C                                    1
                                  ---------------------------------------------------------------------------
            0  0  0  0     7.680      1
            0  0  0  0     5.000      2
            0  0  0  1     1.280      3
            0  0  0  1     2.100      4
            0  0  0  1     4.600      5
            1  0  0  0     0.820      6
            0  1  0  0     0.820      7
            0  0  1  0     0.820      8
            1  0  0  0     1.480      9
            0  1  0  0     1.480     10
            0  0  1  0     1.480     11
            1  0  0  0     2.940     12
            0  1  0  0     2.940     13
            0  0  1  0     2.940     14
            2  0  0  0     2.200     15
            1  1  0  0     2.200     16
            1  0  1  0     2.200     17
            0  2  0  0     2.200     18
            0  1  1  0     2.200     19
            0  0  2  0     2.200     20

 H                                    2    3
                                  ---------------------------------------------------------------------------
            0  0  0  0     0.690     21   27
            0  0  0  0     0.920     22   28
            0  0  0  0     1.580     23   29
            1  0  0  0     1.250     24   30
            0  1  0  0     1.250     25   31
            0  0  1  0     1.250     26   32

 Total number of charge fitting functions (nprimf)       184
 Total number of Cartesian basis functions (naos)         32
 Total number of Cartesian core functions  (ncos)          0

1
 ***************************************************************************************************



                                              ***********************
                                              *  T E C H N I C A L  *
                                              ***********************
  



 =============================================================
 P A R A L L E L I Z A T I O N  and  V E C T O R I Z A T I O N
 =============================================================
  
 Nr of parallel processes:                              128
 Maximum vector length in NumInt loops:                 128



 =====================
 S C F   U P D A T E S
 =====================
  
 Max. nr. of cycles:                               300
 Convergence criterion:                              0.0000010000
   secondary criterion:                              0.0010000000

 Mix parameter (when DIIS does not apply):           0.2000000000
 Mixed ADIIS+SDIIS will be used                  
    Max number of expansion vectors:                10
    Pure ADIIS when Max([F,P]) is above              0.1000000000
    Pure SDIIS when Max([F,P]) is below              0.0010000000
 Automatic ElectronSmearing (in case of problematic SCF convergence) disabled



 =================
 P R E C I S I O N  ***  (General: NumInt, NeglectFunctionTails, ...)  ***
 =================
  

 NumInt:           Target precision:                 4.0000000000
 -------           Initial precision:                4.0000000000
                   Min. precision (optimization):    4.0000000000

 Neglect Functions:          Basis functions:        0.1000000000E-05
 ------------------          Fit functions:          0.1000000000E-05



 ===========================
 L I N E A R   S C A L I N G
 ===========================
  

 Cut-off radii density fit:                        0.1000000000E-07
 Overlap cut-off criterion AO matrix elements:     0.1000000000E-05
 Cut-offs for Coulomb potential and fitted density:0.1000000000E-07
 Cut-off criterion for Coulomb multipole terms:    0.1000000000E-07
 Progressive Convergence parameter:                 0.000000000    
1
 ***************************************************************************************************



                                            ***************************
                                            *  C O M P U T A T I O N  *
                                            ***************************
  

 Number of elements of the density matrix on this node (used, total):       210       528



 ===========================================
 Numerical Integration : Fuzzy Cells (Becke)
 ===========================================
  
 Becke grid quality: NORMAL         
  
 Lebedev angular grid order:             min:  11 max:  23
 Nr. of radial points:                   min:  46 max:  52

 Total nr. of points:      18526
 Nr. of blocks:              145
 Block length:               128
 Nr. of dummy points:         34


 Test of Precision of the Numerical Integration Grid
 ===================================================

 Integral of the Total Core Density:                   0.00000000000000


 -------------------------------------------
  COSMO surface
  Area             =          189.103
  Volume           =          240.481
  Number of Points =          404
 -------------------------------------------



 ========================
 Density Fitting (zlmFit)
 ========================
  
 ZlmFit Fit Quality: NORMAL         
  
 Max L-expansion:                        min:   5 max:   6
 Nr. of radial interpolation points:     min:  36 max:  48



 ======================
 RI Hartree-Fock Scheme
 ======================
  
 Fit Set Quality     : NORMAL
 Threshold Quality   : NORMAL
 Integration Quality : NORMAL
 Fit Generation Method : AUTO
 Response Quality    : DEFAULT
 Is Range Separated  :  F
 
 RIHartreeFock Dependency: number of modified vectors:           0



 =====
 S C F  ***  ScaSCF  ***
 =====
  
 Initial density matrix is calculated as sum of fragments

 CYCLE    1
 SCF Error: norm([F,P])=      1.538634792947, max([F,P])=      0.880647605417
 orbitals (Q,E):
 ---------------
 A :1...14           ( 2.00   -10.4282)  ( 2.00    -0.8237)  ( 2.00    -0.5196)  ( 2.00    -0.3266)
                     ( 0.00    -0.2648)  ( 0.00    -0.0187)  ( 0.00     0.0352)  ( 0.00     0.1286)
                     ( 0.00     0.1368)  ( 0.00     0.1566)  ( 0.00     0.1816)  ( 0.00     0.3284)
                     ( 0.00     0.4400)  ( 0.00     0.4523)

 CYCLE    2
  SDIIS (wt  0.000):  0.0440  0.9560
 A-DIIS (wt  1.000):  0.0000  1.0000
  DIIS coefficients:  0.0000  1.0000
 SCF Error: norm([F,P])=      0.235654087424, max([F,P])=      0.087553419570
 orbitals (Q,E):
 ---------------
 A :1...5            ( 2.00   -10.0735)  ( 2.00    -0.6086)  ( 2.00    -0.3733)  ( 2.00    -0.1928)
                     ( 0.00    -0.0805)

 CYCLE    3
  SDIIS (wt  0.000):  0.0040  0.4922  0.5038
 A-DIIS (wt  1.000):  0.0000  0.4405  0.5595
  DIIS coefficients:  0.0000  0.4405  0.5595
 SCF Error: norm([F,P])=      0.228721255515, max([F,P])=      0.075988594043
 orbitals (Q,E):
 ---------------
 A :1...5            ( 2.00   -10.2560)  ( 2.00    -0.6694)  ( 2.00    -0.4255)  ( 2.00    -0.2551)
                     ( 0.00    -0.1359)

 CYCLE    4
  SDIIS (wt  0.926):  0.0331  0.1256  0.8413
 A-DIIS (wt  0.074):  0.0000  0.0000  1.0000
  DIIS coefficients:  0.0307  0.1163  0.8531
 SCF Error: norm([F,P])=      0.025846544802, max([F,P])=      0.008362182703
 orbitals (Q,E):
 ---------------
 A :1...5            ( 2.00   -10.2380)  ( 2.00    -0.6656)  ( 2.00    -0.4232)  ( 2.00    -0.2506)
                     ( 0.00    -0.1312)

 CYCLE    5
  SDIIS (wt  1.000): -0.0064 -0.0215 -0.0621  1.0901
  DIIS coefficients: -0.0064 -0.0215 -0.0621  1.0901
 SCF Error: norm([F,P])=      0.001926620671, max([F,P])=      0.000706411572
 orbitals (Q,E):
 ---------------
 A :1...5            ( 2.00   -10.2393)  ( 2.00    -0.6657)  ( 2.00    -0.4233)  ( 2.00    -0.2510)
                     ( 0.00    -0.1314)

 CYCLE    6
  SDIIS (wt  1.000): -0.0004 -0.0028 -0.0116  0.0706  0.9441
  DIIS coefficients: -0.0004 -0.0028 -0.0116  0.0706  0.9441
 SCF Error: norm([F,P])=      0.000186894104, max([F,P])=      0.000051425768
 orbitals (Q,E):
 ---------------
 A :1...5            ( 2.00   -10.2394)  ( 2.00    -0.6658)  ( 2.00    -0.4234)  ( 2.00    -0.2510)
                     ( 0.00    -0.1315)

 CYCLE    7
  SDIIS (wt  1.000):  0.0000 -0.0001 -0.0020 -0.0175  0.1165  0.9031
  DIIS coefficients:  0.0000 -0.0001 -0.0020 -0.0175  0.1165  0.9031
 SCF Error: norm([F,P])=      0.000027074701, max([F,P])=      0.000013734024
 orbitals (Q,E):
 ---------------
 A :1...5            ( 2.00   -10.2394)  ( 2.00    -0.6658)  ( 2.00    -0.4234)  ( 2.00    -0.2510)
                     ( 0.00    -0.1315)

 CYCLE    8
  SDIIS (wt  1.000): -0.0000  0.0000  0.0001  0.0003 -0.0110 -0.0315  1.0420
  DIIS coefficients: -0.0000  0.0000  0.0001  0.0003 -0.0110 -0.0315  1.0420
 SCF Error: norm([F,P])=      0.000003031892, max([F,P])=      0.000001093785
 orbitals (Q,E):
 ---------------
 A :1...5            ( 2.00   -10.2394)  ( 2.00    -0.6658)  ( 2.00    -0.4234)  ( 2.00    -0.2510)
                     ( 0.00    -0.1315)

 CYCLE    9
  SDIIS (wt  1.000):  0.0000  0.0000  0.0000  0.0001 -0.0007 -0.0083 -0.0036  1.0124
  DIIS coefficients:  0.0000  0.0000  0.0000  0.0001 -0.0007 -0.0083 -0.0036  1.0124
 SCF Error: norm([F,P])=      0.000000176119, max([F,P])=      0.000000081875
 orbitals (Q,E):
 ---------------
 A :1...5            ( 2.00   -10.2394)  ( 2.00    -0.6658)  ( 2.00    -0.4234)  ( 2.00    -0.2510)
                     ( 0.00    -0.1315)

 SCF CONVERGED
 cosmo_calcen: 0.5 (esolb+esolc) (Hartrees) =   -0.008899

 Solvation energy (screening term,uncorrected) =     -5.584388 kcal/mol

 Solvation energy (dispersion and cavitation terms) =      0.353609 kcal/mol
 Solvation Energy Contributions (Hartrees)
          esola   esolb+esolc
     0.00889929   -0.01779858
 esol last cycle   -0.00889929

 CYCLE   10
1
 ***************************************************************************************************



                                                *******************
                                                *  R E S U L T S  *
                                                *******************
  
  
 Hartree-Fock exchange energy:   -5.78578672835566     
 *** Using FIT density in Focky
  SDIIS (wt  1.000):  0.0000 -0.0000 -0.0000 -0.0000  0.0001  0.0003 -0.0084 -0.0479  1.0559
  DIIS coefficients:  0.0000 -0.0000 -0.0000 -0.0000  0.0001  0.0003 -0.0084 -0.0479  1.0559
 SCF Error: norm([F,P])=      0.000000016330, max([F,P])=      0.000000005253

 Orbital Energies, per Irrep and Spin:
 ======================================
                        Occup              E (au)              E (eV)       Diff (eV) with prev. cycle
                        -----      --------------------        ------       --------------------------
 A
               1        2.000     -0.10239409771141E+02      -278.629               9.68E-08
               2        2.000     -0.66582162572175E+00       -18.118               3.56E-08
               3        2.000     -0.42340996400248E+00       -11.522               1.60E-08
               4        2.000     -0.25101364296895E+00        -6.830              -2.43E-08
               5        0.000     -0.13148427823999E+00        -3.578
               6        0.000      0.28750638909287E-01         0.782
               7        0.000      0.86149123028805E-01         2.344
               8        0.000      0.17470889994898E+00         4.754
               9        0.000      0.18129793133713E+00         4.933
              10        0.000      0.21434703706314E+00         5.833
              11        0.000      0.27594042848475E+00         7.509
              12        0.000      0.41958552134943E+00        11.418
              13        0.000      0.52434352761132E+00        14.268
              14        0.000      0.53076369947281E+00        14.443
  
 HOMO :        4 A                -0.25101364296895E+00
 LUMO :        5 A                -0.13148427823999E+00
  
 cosmo_calcen: 0.5 (esolb+esolc) (Hartrees) =   -0.008899

 Solvation energy (screening term,uncorrected) =     -5.584388 kcal/mol

 Solvation energy (dispersion and cavitation terms) =      0.353609 kcal/mol
 Solvation Energy Contributions (Hartrees)
          esola   esolb+esolc
     0.00889929   -0.01779858
 esol last cycle   -0.00889929


 All Electron Calculation, thus no Orbital Energies of the Core Orbitals are calculated


 Fit test: (difference of exact and fit density, squared integrated, result summed over spins)
         Sum-of-Fragments:                             0.00000000007930
         Orthogonalized Fragments:                     0.00001409963531
         SCF:                                          0.00009941614573



 ==========================
 Electron Density at Nuclei
 ==========================
  
 The electron density is calculated at points on a small sphere around the center of a nucleus.
 The printed electron density is the average electron density on these points.
 The radius of the sphere is the printed approximate finite nuclear radius.

         Atom        Nuclear Radius (Angstrom)             Electron Density (a.u.)
         ----        -------------------------             -----------------------
     1)   C                 0.0000320678                              126.84935
     2)   H                 0.0000181514                                0.51005
     3)   H                 0.0000181514                                0.51005



 =======================================
 M U L L I K E N   P O P U L A T I O N S
 =======================================
  
 The survey below gives for each atom:
 a) the total charge (Z minus electrons)
 b) the net spin polarization (nr of electrons spin-A minus spin-B)
 c) for each spin the atomic electron valence density (integrated) per L-value.

 Atom              Charge    Spin density          S         P         D         F
 ----              ------    ------------       ------    ------    ------    ------
 1 C               0.0259                       3.4855    2.4629    0.0257    0.0000
 2 H              -0.0129                       0.9509    0.0621    0.0000    0.0000
 3 H              -0.0129                       0.9509    0.0621    0.0000    0.0000

 Populations of individual BAS functions
 ----------------------------------------
 1 C            0.4765  1.5287  0.5474  0.9910 -0.0580 -0.0996  0.0000  0.3911  0.8535  0.0000
                0.8589  0.2025  0.0000  0.2565  0.0158 -0.0000  0.0198 -0.0033 -0.0000 -0.0066
 2 H           -0.0227  0.6253  0.3483  0.0268  0.0000  0.0352
 3 H           -0.0227  0.6253  0.3483  0.0268  0.0000  0.0352

 Gross Charges per Atom (Z minus electrons)
 ==========================================
             0.0259   -0.0129   -0.0129
 Net Total: -0.00000000


 Atom-Atom Population Matrix (off-diagonal elements not doubled)
 ===============================================================

     1 :     5.2135
     2 :     0.3803    0.7160
     3 :     0.3803   -0.0833    0.7160



 =================================================
 H I R S H F E L D   C H A R G E   A N A L Y S I S
 =================================================
  
 For each fragment: the (numerical) integral of rho(scf) * rho(fragment)/rho(sum-of-fragments)
 (nuclear charges are included, electrons are counted negative)

 The fragments and their ordering are defined in the early G E O M E T R Y output section.
 If you use single-atom fragments, this usually implies that all atoms of the same
 chemical type are grouped together. This may not be the order in which you listed them
 in the input file!

    1  C                        -0.0943
    2  H                         0.0471
    3  H                         0.0471

 Sum of these charges (accuracy NumInt/Tails) =           0.00002147



 =============================
 V O R O N O I   C H A R G E S
 =============================
  
 For each atom: the (numerical) integral of the total electronic charge density in its Voronoi cell,
 i.e. the region of space that is closer to that atom than to any other atom.
 (cf. Wigner-Seitz cells in crystals)

 Within the Voronoi cell the subintegrals over the atomic sphere and the remaining part are evaluated
 separately to give the numbers of electrons (negative charge) in these regions.
 The net total charge in the cell (including the nuclear charge) is also given.

 Values are provided for
    a) the Initial (sum-of-fragments) density
    b) the Orthogonalized-Fragments density
    c) the SCF density
    d) the Voronoi Deformation Density (VDD): the difference SCF-Initial for the complete atomic cell


  Atom                Initial                    OrthFrag                   SCF
             Sphere RestCell NetTotal   Sphere RestCell NetTotal   Sphere RestCell NetTotal      VDD
 -----       ------------------------   ------------------------   ------------------------    -----
    1 C      -2.249   -2.771    0.980   -2.336   -2.921    0.742   -2.273   -2.815    0.913   -0.067
    2 H      -0.073   -1.430   -0.503   -0.092   -1.287   -0.379   -0.110   -1.356   -0.466    0.037
    3 H      -0.073   -1.405   -0.477   -0.092   -1.271   -0.363   -0.110   -1.337   -0.447    0.030
 ---------------------------------------------------------------------------------------------------
 Total NetCharge:               0.000                      0.000                      0.000    0.000
 (accuracy NumInt/Tails)

 Remark: the 'NetTotal' Voronoi charges often do not match the Mulliken and/or Hirshfeld charges very
 well. This is caused by the fact that chemically different atoms are not treated in accordance with
 their relative sizes. (Voronoi cells are defined by boundary planes halfway between the atoms.)
 However, the CHANGES in charge, comparing 'Initial' to 'SCF' for instance, do give a fair indication
 of the flow of charge caused by the relaxation from sum-of-fragments to self-consistency.

 Warning: the absolute accuracy of the VDD charges obtained using the Fuzzy Cells (Becke) integration
 scheme is much poorer than the one obtained with an 'equivalent' Voronoi integration grid. 



 =================================================================
 M U L T I P O L E   D E R I V E D   C H A R G E   A N A L Y S I S
 =================================================================

 This charge analysis uses the atomic multipoles (obtained from the fitted density) up to some level X,
 and reconstructs these multipoles exactly (up to level X) by distributing charges over all atoms.
 This is achieved by using Lagrange multipliers and a weight function to keep the multipoles local.

 Dummy atoms can be included (by setting INCDUM in MDC-block to 1) to obtain a fractional charge.
 This is generally useful and necessary only for small symmetrical molecules, when there are not
 enough degrees of freedom to reconstruct the multipoles.

 Since the atomic multipoles are reconstructed up to level X,
 the molecular multipoles are represented also up to level X.
 The recommended level is to reconstruct up to quadrupole : -> MDC-q charges.

 See: M. Swart, P.Th. van Duijnen, J.G. Snijders, J.Comput.Chem., (2001), p. 79-88.

 ------------------------------------------------------------- 
 Atomic electronic multipole moments from SCF equations (a.u.)
 ------------------------------------------------------------- 

   atom        charge        dip-x     dip-y     dip-z      quad-xx   quad-xy   quad-xz   quad-yy   quad-yz   quad-zz
 --------------------------------------------------------------------------------------------------------------------
    1 C      0.104062     0.000000 -0.000000 -1.015046     0.619889 -0.000000  0.000001  1.107978 -0.000000 -1.727867
    2 H     -0.052031     0.029002 -0.000000 -0.009095     0.159999  0.000000 -0.136547  0.004313 -0.000000 -0.164313
    3 H     -0.052031    -0.029001  0.000000 -0.009095     0.160000  0.000000  0.136547  0.004313 -0.000000 -0.164313

 --------------------------------------- 
 Multipole derived atomic charges (a.u.)
 --------------------------------------- 

 The MDC-m charges are just the Monopole terms in the multipole expansion, while for the MDC-d charges
 also the Dipoles are reconstructed. The usually preferred charges are the MDC-q charges.
 These reconstruct the Monopoles, Dipoles and Quadrupoles (both atomic AND molecular).

        Atom    Level:     MDC-m        MDC-d        MDC-q
 ---------------------------------------------------------
     1     C            0.104062    -0.774930     0.107367
     2     H           -0.052031     0.387465    -0.053684
     3     H           -0.052031     0.387465    -0.053684

 ------------------------------------------------ 
 Average absolute deviations in atomic multipoles
 ------------------------------------------------ 

 Stated here are the average differences between the atomic multipoles
 and the reconstructed atomic multipoles (from the distributed charges).
 If these values are not zero, this means there are not enough degrees of freedom,
 to be able to reconstruct the atomic multipoles. (This usually happens only
 for small and/or highly symmetric molecules). If this is the case, one could add
 dummy atoms as extra point charges (and setting INCDUM in MDC-block to 1).

 Level:                                 MDC-d        MDC-q
 ---------------------------------------------------------
 Charge   (a.u.)                       0.0000       0.0000
 Dipole   (Debye)                      0.0000       0.3414
 Quad.    (a.u.)                       0.3871       0.2187

 --------------------------------------- 
 Represented molecular multipole moments
 --------------------------------------- 

 Given here are the Molecular multipole moments from the atomic charges, and from the Fit Density.
 Note that the atomic charges represent the latter, NOT the ones from the Exact density.

            Q (a.u.)             Dipole moment (Debye)                                          Quadrupole moment (a.u.)
                                 x         y         z              xx        xy        xz        yy        yz        zz
------------------------------------------------------------------------------------------------------------------------
MDC-m        -0.0000        0.0000    0.0000    0.3109          0.1575    0.0000   -0.0000    0.6010    0.0000   -0.7585
MDC-d        -0.0000        0.0000    0.0000   -2.3153         -1.1725    0.0000   -0.0000   -4.4758    0.0000    5.6483
MDC-q        -0.0000        0.0000    0.0000    0.3208          0.1625    0.0000   -0.0000    0.6201    0.0000   -0.7826
 
Fit.Dens.    -0.0000        0.0000   -0.0000   -2.3153         -1.9491   -0.0000   -0.0000   -1.6221    0.0000    3.5712



 =============
 Dipole Moment  ***  (Debye)  ***
 =============
  
 Vector   :         0.00000172      0.00000001     -2.31777768
 Magnitude:         2.31777768

 This molecular dipole moment is calculated with analytic integration



 =========================================
 Quadrupole Moment (Buckingham convention)  ***  (a.u.)  ***
 =========================================
  
      quad-xx        quad-xy        quad-xz        quad-yy        quad-yz        quad-zz
     -1.95035106    -0.00000000    -0.00000270    -1.62674922    -0.00000001     3.57710027

 This molecular quadrupole moment is calculated with analytic integration
1



 ===========================
 B O N D I N G   E N E R G Y  ***  (decomposition)  ***
 ===========================
  
*** IMPORTANT NOTE ***

The bond energy is computed as an energy difference between molecule and
fragments. In particular when the fragments are single atoms, they are usually
computed as SPHERICALLY SYMMETRIC and SPIN-RESTRICTED. Obviously, this usually
does NOT represent the true atomic groundstate.

To obtain the 'real' bond energy, (atomic) correction terms must be applied
for the true (multiplet) fragment ground state. See ref: E.J.Baerends,
V.Branchadell, M.Sodupe, Chem.Phys.Lett.265 (1997) 481

General theoretical background on the bond energy decomposition scheme used
here (Morokuma-Ziegler) can be found in the review paper:
F.M. Bickelhaupt and E.J. Baerends,
"Kohn-Sham Density Functional Theory: Predicting and Understanding Chemistry"
In: Rev. Comput. Chem.; Lipkowitz, K. B. and Boyd, D. B., Eds.;
Wiley-VCH: New York, 2000, Vol. 15, 1-86.

Symbols used in the Bickelhaupt-Baerends (BB) paper are given below to make
the direct connection to that paper, where detailed explanations can be found
on the meaning of the various terms.


                                                   hartree              eV         kcal/mol           kJ/mol
                                      --------------------     -----------       ----------      -----------
  pauli hf:                              0.068173347914168          1.8551            42.78           178.99
  elstat hf:                            -0.113009038590215         -3.0751           -70.91          -296.71

Pauli Repulsion
  Kinetic (Delta T^0):                   2.758871245098233         75.0727          1731.22          7243.42
  Delta V^Pauli Coulomb:                -1.179938771813417        -32.1078          -740.42         -3097.93
  Delta V^Pauli Hybrid-X:               -0.262472391617964         -7.1422          -164.70          -689.12
  Delta V^Pauli Hybrid-C:               -0.025793289077206         -0.7019           -16.19           -67.72
  Delta V^Pauli HF-Exchange:            -0.044835690676047         -1.2200           -28.13          -117.72
                                      --------------------     -----------       ----------      -----------
  Total Pauli Repulsion:                 1.245831101913600         33.9008           781.77          3270.93
 (Total Pauli Repulsion =
  Delta E^Pauli in BB paper)

Steric Interaction
  Pauli Repulsion (Delta E^Pauli):       1.245831101913600         33.9008           781.77          3270.93
  Electrostatic Interaction:            -0.161667750612326         -4.3992          -101.45          -424.46
 (Electrostatic Interaction =
  Delta V_elstat in the BB paper)
                                      --------------------     -----------       ----------      -----------
  Total Steric Interaction:              1.084163351301273         29.5016           680.32          2846.47
 (Total Steric Interaction =
  Delta E^0 in the BB paper)

Orbital Interactions
  A:                                    -1.581845612986712        -43.0442          -992.62         -4153.14
  HF orbital correction:                -0.000000000369220         -0.0000            -0.00            -0.00
                                      --------------------     -----------       ----------      -----------
  Total Orbital Interactions:           -1.581845613355932        -43.0442          -992.62         -4153.14

Alternative Decomposition Orb.Int.
  Kinetic:                              -2.252068112990658        -61.2819         -1413.19         -5912.80
  Coulomb:                               0.844274362732578         22.9739           529.79          2216.64
  XC+HF:                                -0.174051863097853         -4.7362          -109.22          -456.97
  XC only:                              -0.047236156503570         -1.2854           -29.64          -124.02
  HF Orbital:                           -0.126815706594283         -3.4508           -79.58          -332.95
                                      --------------------     -----------       ----------      -----------
  Total Orbital Interactions:           -1.581845613355932        -43.0442          -992.62         -4153.14

  Residu (E=Steric+OrbInt+Res):         -0.000007485492694         -0.0002            -0.00            -0.02


  Solvation Energy (el):                -0.008899287672179         -0.2422            -5.58           -23.37

Post-SCF Solvation Energies
  Solvation Energy (cd):                 0.000563511118284          0.0153             0.35             1.48

Total Bonding Energy:                   -0.506025524101248        -13.7697          -317.54         -1328.57


Summary of Bonding Energy (energy terms are taken from the energy decomposition above)
======================================================================================

  Electrostatic Energy:                 -0.161667750612326         -4.3992          -101.45          -424.46
  Kinetic Energy:                        0.506803132107576         13.7908           318.02          1330.61
  Coulomb (Steric+OrbInt) Energy:       -0.335671894573533         -9.1341          -210.64          -881.31
  XC Energy:                            -0.507153234469069        -13.8003          -318.24         -1331.53
  Solvation:                            -0.008335776553895         -0.2268            -5.23           -21.89
                                      --------------------     -----------       ----------      -----------
  Total Bonding Energy:                 -0.506025524101247        -13.7697          -317.54         -1328.57


Correction terms (incorporated in energies above; only for test purposes):

1. Indication of fit-quality: 1st-order fit-correction used in the energy (hartree):   0.0000839201
2. Electrostatic (Fit correction):   0.0000000000
1



 =======================================================
 S F O   P O P U L A T I O N S ,   M O   A N A L Y S I S
 =======================================================
  
 A Mulliken population analysis is performed on (input-)selected MOs. All populations refer to SFOs.
 BAS populations may have been printed directly after the SCF part.


                                       === A ===


 SFO contributions (%) per orbital
 (multiplication by the orbital occupation yields the SFO Gross Populations)

 Orb.:        1      2      3      4      5      6      7      8
 occup:     2.00   2.00   2.00   2.00   0.00   0.00   0.00   0.00
 CF+SFO     ----   ----   ----   ----   ----   ----   ----   ----
 ------
      1:   99.96   0.00   0.00   0.00   0.00  -0.01  -0.00   0.01
      2:   -0.00  55.24   0.00  19.65  -0.00   2.17  -0.00  10.97
      3:    0.00  -0.41   0.00  -0.16   0.00 -18.60   0.00  -8.83
      6:   -0.00  -0.00  47.93   0.00   0.00  -0.00   0.67   0.00
      7:    0.00  -0.00   0.26  -0.00  -0.00  -0.00 -31.54   0.00
      9:   -0.00  -0.00   0.00   0.00  93.81   0.00   0.00  -0.00
     12:    0.00   4.25   0.00  71.12   0.00   0.32   0.00   2.94
     13:    0.00   0.15   0.00  -0.05   0.00  -2.75   0.00 109.86
     20:    0.01  18.99  23.95   2.28  -0.00  23.28  32.98  -2.83
     21:   -0.00  -0.32   1.43   1.32   0.00  36.98  29.05  -0.34
     22:    0.00  -0.35   0.16   0.07  -0.00  -1.32   2.84  -2.82
     23:    0.01   1.63  -0.46   0.16  -0.00   0.22  -0.00  -1.43
     24:    0.00   0.00  -0.00   0.00   2.88   0.00  -0.00  -0.00
     26:    0.01  18.99  23.95   2.28  -0.00  23.28  32.98  -2.83
     27:   -0.00  -0.32   1.43   1.32   0.00  36.98  29.05  -0.34
     28:    0.00  -0.35   0.16   0.07  -0.00  -1.32   2.84  -2.82
     29:    0.01   1.63  -0.46   0.16  -0.00   0.22  -0.00  -1.43
     30:    0.00   0.00   0.00   0.00   2.88   0.00   0.00  -0.00


 Summation over all MOs, multiplied by occupation: Total SFO Gross Populations in this Irrep
 ===========================================================================================

     2.00    1.50   -0.01   -0.00   -0.00    0.96    0.01   -0.01    0.00    0.00    0.00    1.51
     0.00   -0.00    0.00    0.00   -0.00    0.02   -0.00    0.90    0.05   -0.00    0.03    0.00
     0.04    0.90    0.05   -0.00    0.03    0.00    0.04



 List of selected MOs, ordered by energy, with the most significant SFO gross populations
 ========================================================================================

 Each percentage contribution in the table below corres ponds to the indicated SFO.
 In general, a SFO may be a linear combination of several Fragment Orbitals on the same,
 or on symmetry-related Fragments. Only the first 'member' of such a combination is
 specified here. A full definition of all SFOs is given in an earlier part of the output.
 The numbering of the SFOs in this table does NOT include the Core Orbitals, and starts
 from one for each symmetry representation, as in the SFO definition list earlier.

       E(eV)  Occ       MO           %     SFO (first member)   E(eV)  Occ   Fragment
 -------------------------------------------------------------------------------------

     -18.118  2.00     2 A         55.24%     2 S             -15.345  2.00     1 C
                                   18.99%     1 S              -6.641  1.00     2 H
                                   18.99%     1 S              -6.641  1.00     3 H
                                    4.25%     1 P:z            -5.110  0.67     1 C
                                    1.63%     1 P:x            11.865  0.00     3 H
                                    1.63%     1 P:x            11.865  0.00     2 H
     -11.522  2.00     3 A         47.93%     1 P:x            -5.110  0.67     1 C
                                   23.95%     1 S              -6.641  1.00     2 H
                                   23.95%     1 S              -6.641  1.00     3 H
                                    1.43%     2 S               2.836  0.00     3 H
                                    1.43%     2 S               2.836  0.00     2 H
      -6.830  2.00     4 A         71.12%     1 P:z            -5.110  0.67     1 C
                                   19.65%     2 S             -15.345  2.00     1 C
                                    2.28%     1 S              -6.641  1.00     3 H
                                    2.28%     1 S              -6.641  1.00     2 H
                                    1.32%     2 S               2.836  0.00     2 H
                                    1.32%     2 S               2.836  0.00     3 H
      -3.578  0.00     5 A         93.81%     1 P:y            -5.110  0.67     1 C
                                    2.88%     1 P:y            11.865  0.00     2 H
                                    2.88%     1 P:y            11.865  0.00     3 H
       0.782  0.00     6 A         36.98%     2 S               2.836  0.00     3 H
                                   36.98%     2 S               2.836  0.00     2 H
                                   23.28%     1 S              -6.641  1.00     3 H
                                   23.28%     1 S              -6.641  1.00     2 H
                                  -18.60%     3 S              10.943  0.00     1 C
                                   -2.75%     2 P:z             5.204  0.00     1 C
                                    2.17%     2 S             -15.345  2.00     1 C
                                   -1.32%     3 S              42.568  0.00     3 H
                                   -1.32%     3 S              42.568  0.00     2 H



 =======================================================================
 Electrostatic potential at the Nuclei due to electrons and other nuclei
 =======================================================================
  
         Atom                  Potential
         ----                  ---------
     1)   C                  14.72345038
     2)   H                   1.06935656
     3)   H                   1.06935660
 Mulliken charges used for AMS results%charges...


    =====================
     CALCULATION RESULTS
    =====================

Energy (hartree)            -0.50602552


--------------
Atomic charges
--------------
  Index   Atom    Charge
      1      C    0.0259
      2      H   -0.0129
      3      H   -0.0129


Dipole moment vector    (Debye):     0.00000172    0.00000001   -2.31777768
              magnitude (Debye):     2.31777768


-----------------------
Molecular orbitals info
-----------------------
n orbitals:               31
n spin:                    1

Note: only printing virtual orbitals with
      energy smaller than HOMO + 100. eV

HOMO (eV):              -6.8304
LUMO (eV):              -3.5779
HOMO-LUMO gap (eV):      3.2526

   Index   Energy (eV)    Occupation
      27       64.0733         0.000       
      26       61.6637         0.000       
      25       58.0152         0.000       
      24       57.7394         0.000       
      23       55.2112         0.000       
      22       48.2172         0.000       
      21       45.6992         0.000       
      20       44.5338         0.000       
      19       33.7597         0.000       
      18       33.0674         0.000       
      17       24.1002         0.000       
      16       20.5471         0.000       
      15       18.2767         0.000       
      14       14.4428         0.000       
      13       14.2681         0.000       
      12       11.4175         0.000       
      11        7.5087         0.000       
      10        5.8327         0.000       
       9        4.9334         0.000       
       8        4.7541         0.000       
       7        2.3442         0.000       
       6        0.7823         0.000       
       5       -3.5779         0.000 < LUMO
       4       -6.8304         2.000 < HOMO
       3      -11.5216         2.000       
       2      -18.1179         2.000       
       1     -278.6285         2.000       

AMS application finished. Exiting.
NORMAL TERMINATION
     Total cpu time:       2.99
  Total system time:      21.55
 Total elapsed time:      27.75
