

 Parallel Execution: Process Information
 ==============================================================================
 Rank   Node Name                              NodeID   MyNodeRank  NodeMaster
    0   c017                                      0          0          0
    1   c017                                      1          0          1
    2   c017                                      0          1         -1
    3   c017                                      1          1         -1
    4   c017                                      0          2         -1
    5   c017                                      1          2         -1
    6   c017                                      0          3         -1
    7   c017                                      1          3         -1
    8   c017                                      0          4         -1
    9   c017                                      1          4         -1
   10   c017                                      0          5         -1
   11   c017                                      1          5         -1
   12   c017                                      0          6         -1
   13   c017                                      1          6         -1
   14   c017                                      0          7         -1
   15   c017                                      1          7         -1
   16   c017                                      0          8         -1
   17   c017                                      1          8         -1
   18   c017                                      0          9         -1
   19   c017                                      1          9         -1
   20   c017                                      0         10         -1
   21   c017                                      1         10         -1
   22   c017                                      0         11         -1
   23   c017                                      1         11         -1
   24   c017                                      0         12         -1
   25   c017                                      1         12         -1
   26   c017                                      0         13         -1
   27   c017                                      1         13         -1
   28   c017                                      0         14         -1
   29   c017                                      1         14         -1
   30   c017                                      0         15         -1
   31   c017                                      1         15         -1
   32   c017                                      2          0          2
   33   c017                                      3          0          3
   34   c017                                      2          1         -1
   35   c017                                      3          1         -1
   36   c017                                      2          2         -1
   37   c017                                      3          2         -1
   38   c017                                      2          3         -1
   39   c017                                      3          3         -1
   40   c017                                      2          4         -1
   41   c017                                      3          4         -1
   42   c017                                      2          5         -1
   43   c017                                      3          5         -1
   44   c017                                      2          6         -1
   45   c017                                      3          6         -1
   46   c017                                      2          7         -1
   47   c017                                      3          7         -1
   48   c017                                      2          8         -1
   49   c017                                      3          8         -1
   50   c017                                      2          9         -1
   51   c017                                      3          9         -1
   52   c017                                      2         10         -1
   53   c017                                      3         10         -1
   54   c017                                      2         11         -1
   55   c017                                      3         11         -1
   56   c017                                      2         12         -1
   57   c017                                      3         12         -1
   58   c017                                      2         13         -1
   59   c017                                      3         13         -1
   60   c017                                      2         14         -1
   61   c017                                      3         14         -1
   62   c017                                      2         15         -1
   63   c017                                      3         15         -1
   64   c017                                      4          0          4
   65   c017                                      5          0          5
   66   c017                                      4          1         -1
   67   c017                                      5          1         -1
   68   c017                                      4          2         -1
   69   c017                                      5          2         -1
   70   c017                                      4          3         -1
   71   c017                                      5          3         -1
   72   c017                                      4          4         -1
   73   c017                                      5          4         -1
   74   c017                                      4          5         -1
   75   c017                                      5          5         -1
   76   c017                                      4          6         -1
   77   c017                                      5          6         -1
   78   c017                                      4          7         -1
   79   c017                                      5          7         -1
   80   c017                                      4          8         -1
   81   c017                                      5          8         -1
   82   c017                                      4          9         -1
   83   c017                                      5          9         -1
   84   c017                                      4         10         -1
   85   c017                                      5         10         -1
   86   c017                                      4         11         -1
   87   c017                                      5         11         -1
   88   c017                                      4         12         -1
   89   c017                                      5         12         -1
   90   c017                                      4         13         -1
   91   c017                                      5         13         -1
   92   c017                                      4         14         -1
   93   c017                                      5         14         -1
   94   c017                                      4         15         -1
   95   c017                                      5         15         -1
   96   c017                                      6          0          6
   97   c017                                      7          0          7
   98   c017                                      6          1         -1
   99   c017                                      7          1         -1
  100   c017                                      6          2         -1
  101   c017                                      7          2         -1
  102   c017                                      6          3         -1
  103   c017                                      7          3         -1
  104   c017                                      6          4         -1
  105   c017                                      7          4         -1
  106   c017                                      6          5         -1
  107   c017                                      7          5         -1
  108   c017                                      6          6         -1
  109   c017                                      7          6         -1
  110   c017                                      6          7         -1
  111   c017                                      7          7         -1
  112   c017                                      6          8         -1
  113   c017                                      7          8         -1
  114   c017                                      6          9         -1
  115   c017                                      7          9         -1
  116   c017                                      6         10         -1
  117   c017                                      7         10         -1
  118   c017                                      6         11         -1
  119   c017                                      7         11         -1
  120   c017                                      6         12         -1
  121   c017                                      7         12         -1
  122   c017                                      6         13         -1
  123   c017                                      7         13         -1
  124   c017                                      6         14         -1
  125   c017                                      7         14         -1
  126   c017                                      6         15         -1
  127   c017                                      7         15         -1
 ==============================================================================


May use up to 14962MB of RAM as shared memory on node 0
May use up to 15377MB of RAM as shared memory on node 7
May use up to 15377MB of RAM as shared memory on node 1
May use up to 15377MB of RAM as shared memory on node 3
May use up to 15377MB of RAM as shared memory on node 4
May use up to 15377MB of RAM as shared memory on node 5
May use up to 15372MB of RAM as shared memory on node 6
May use up to 15377MB of RAM as shared memory on node 2

 *******************************************************************************
 *                                                                             *
 *  --------------------------------                                           *
 *   Amsterdam Modeling Suite (AMS)              2023.104                      *
 *  --------------------------------                                           *
 *                                               r115785 2023-10-06            *
 *                                                                             *
 *                                                                             *
 *                              =================                              *
 *                              |               |                              *
 *                              |     A M S     |                              *
 *                              |               |                              *
 *                              =================                              *
 *                                                                             *
 *                                                                             *
 *   Online information and documentation:  https://www.scm.com/support/       *
 *   E-mail:  support@scm.com   info@scm.com                                   *
 *                                                                             *
 *   Scientific publications using AMS results must be properly referenced     *
 *   See the User Manuals (or the web site) for recommended citations          *
 *   The terms and conditions of the End User License Agreement apply to       *
 *   the use of AMS, https://www.scm.com/license-terms/                        *
 *                                                                             *
 **********************  x86_64_linux_intel / intelmpi  ************************
 
 Licensed to: Dr. Amanda Morgenstern / University of Colorado / Colorado Springs / Colorado / USA 2024-12-20 19:21:38
 SCM User ID: u21568
  
 AMS 2023.104  RunTime: Mar06-2025 09:50:31  ShM Nodes: 8  Procs: 128

 AMS jobname: HMTHplus_B3LYP_TZP_gas_frag_neutral.CH2
 AMS jobid  : 642883262

 Start   directory: /home/amorgens/adf_calcs/tetramine/final_ams_calcs/fragments/
 Results directory: /home/amorgens/adf_calcs/tetramine/final_ams_calcs/fragments/HMTHplus_B3LYP_TZP_gas_frag_neutral.CH2.results/
 Scratch directory: /tmp/amstmp_HMTHplus_B3LYP_TZP_gas_frag_neutral.CH2_kid0.642883262/


 Communication costs MPI_COMM_WORLD:      4.426 usec per message,   0.0468 usec per 8-byte item
 Communication costs for intra-node:      1.699 usec per message,   0.0065 usec per 8-byte item

 RNG seed: -1595100599 1810180370 230690628 1975078603 528708700 -196841549 1510875351 -1205407527



                     **************************************************************************
                     *  ADF 2023.104  RunTime: Mar06-2025 09:50:33  ShM Nodes: 8  Procs: 128  *
                     **************************************************************************
  
 Geometry symmetrized to: Csv
 Geometry reoriented with symmetry: C(2V)

       ****************************
       * SINGLE POINT CALCULATION *
       ****************************
 
--------
Geometry
--------
Formula: CH2
Atoms
  Index Symbol   x (angstrom)   y (angstrom)   z (angstrom)
      1      C     0.00000000     0.00000000    -1.65615582       region=CH2
      2      H     0.89243442     0.00000000    -2.28116202       region=CH2
      3      H    -0.89243442     0.00000000    -2.28116202       region=CH2
 
Total System Charge             0.00000
Bonding info available!
 
 
----------------
ADF Engine Input
----------------
 
 Basis
 Type TZP
 Core None
 End
 XC
 Hybrid B3LYP
 End
 Title CH2 fragment
 Relativity
 Level None
 End
 Symmetry NOSYM
 NOSYMFIT
 

 Title: CH2 fragment

 *** adf ***



 ===========================
 A T T A C H E D   F I L E S
 ===========================
  



 ===============================
 M O D E L   P A R A M E T E R S
 ===============================
  
 DENSITY FUNCTIONAL POTENTIAL (scf)
    Hybrid:                            B3LYP                                   == Not Default ==

 SPIN  (restricted / unrestr.)
    Molecule:                          Restricted                               
    Fragments:                         Restricted                               

 OTHER ASPECTS
    Relativistic Corrections:          ---                                     == Not Default ==

    Nuclear Charge Density Model:      Point Charge Nuclei                      
    Core Treatment:                    Frozen Orbital(s)                        

    Hyperfine or Zeeman Interaction:   ---                                      


 Fragment File(s)
 ----------------
 C:
         file : /home/amorgens/adf_calcs/tetramine/final_ams_calcs/fragments/HMTHplus_B3LYP_TZP_gas_frag_neutral.CH2.results/t21.28079B0C.C
         jobid: 0
         title: Carbon (TZP)
 H:
         file : /home/amorgens/adf_calcs/tetramine/final_ams_calcs/fragments/HMTHplus_B3LYP_TZP_gas_frag_neutral.CH2.results/t21.3526984.H
         jobid: 0
         title: Hydrogen (TZP)



 ===============
 G E O M E T R Y  ***  Planar Molecule  ***
 ===============
  

 ATOMS
 =====                            X Y Z                    CHARGE
                                (Angstrom)             Nucl     +Core       At.Mass
                       --------------------------    ----------------       -------
    1  C               0.0000    0.0000   -1.6562      6.00      6.00       12.0000
    2  H               0.8924    0.0000   -2.2812      1.00      1.00        1.0078
    3  H              -0.8924    0.0000   -2.2812      1.00      1.00        1.0078


 FRAGMENTS
 =========                                     Atoms in this Fragment     Cart. coord.s (Angstrom)
                                               -------------------------------------------------------
    1  C                                                 1  C            0.0000    0.0000   -1.6562
    2  H                                                 2  H            0.8924    0.0000   -2.2812
    3  H                                                 3  H           -0.8924    0.0000   -2.2812


 Interatomic Distance Matrix (Angstrom)
 --------------------------------------

   1)     0.000
   2)     1.090   0.000
   3)     1.090   1.785   0.000

 Min. Distance =    1.0895
 Max. Distance =    1.7849



 =====================================
 S Y M M E T R Y ,   E L E C T R O N S
 =====================================
  
 Symmetry: NOSYM

 Irreducible Representations, including subspecies
 -------------------------------------------------
 A

 Symmetry is NOT used when fitting density


 Configuration of Valence Electrons
 ==================================
 ( determined in the SCF procedure )

 Total:   8

 Net Charge: 0 (Nuclei minus Electrons)

 Aufbau principle for MO occupations will be applied through SCF cycle no.     150
 Thereafter, the program will assign electrons to MOs that are spatially
 similar to the occupied MOs in a "reference" cycle ("KeepOrbitals").
 The reference cycle is always the PREVIOUS cycle: it will evolve with
 the SCF procedure.
1
 ***************************************************************************************************



                                      ****************************************
                                      *  B U I L D : (Fragments, Functions)  *
                                      ****************************************
  



 =======
 S F O s  ***  (Symmetrized Fragment Orbitals)  ***
 =======
  
 SFOs are linear combinations of (valence) Fragment Orbitals (FOs), such that the SFOs transform as the
 irreducible representations of the (molecular) symmetry group. Each SFO is therefore characterized by
 an irrep of the molecule and by a few (or only one) generating FOs.
 The SFOs constitute a symmetry-adapted basis for the Fock matrix. The MO eigenvector coefficients in
 this basis provide a direct interpretation of the MOs in terms of Frontier Orbital Theory.

 The SFOs are combined with auxiliary Core Functions (CFs) to ensure orthogonalization on the (frozen)
 Core Orbitals (COs). The Core-orthogonalized SFOs (CSFOs) constitute the true Fock basis.

 The FOs, and hence also the (C)SFOs are combinations of the elementary basis functions (BAS). The basis
 functions that participate in the description of the SFOs depend on the irrep. The indices of the
 involved functions are printed below for each irrep.
 (The complete list of primitive basis functions is printed in another section)

 Total nr. of (C)SFOs (summation over all irreps) :    31

 NOTE: a (C)SFO that is defined as a combination of more than one FO is usually NOT normalized.



                                       === A ===
 Nr. of SFOs :   31
 Cartesian basis functions that participate in this irrep (total number =    32) :
      1     2     3     4     5     6     9    12     7    10
     13     8    11    14    15    16    17    18    19    20
     21    22    23    24    25    26    27    28    29    30
     31    32

    SFO  (index         Fragment          Generating    Expansion in Fragment Orbitals
  indx  incl.CFs)   Occup   Orb.Energy   FragmentType  Coeff.   Orbital     on Fragment
 --------------------------------------------------------------------------------------
     1       1      2.000     -10.347 au  C             1.00      1 S               1
                        (    -281.544 eV)
     2       2      2.000      -0.564 au  C             1.00      2 S               1
                        (     -15.345 eV)
     3       3       --         0.402 au  C             1.00      3 S               1
                        (      10.943 eV)
     4       4       --         5.509 au  C             1.00      4 S               1
                        (     149.900 eV)
     5       5       --        50.546 au  C             1.00      5 S               1
                        (    1375.414 eV)
     6       6      0.667      -0.188 au  C             1.00      1 P:x             1
                        (      -5.110 eV)
     7       7       --         0.191 au  C             1.00      2 P:x             1
                        (       5.204 eV)
     8       8       --         2.089 au  C             1.00      3 P:x             1
                        (      56.851 eV)
     9       9      0.667      -0.188 au  C             1.00      1 P:y             1
                        (      -5.110 eV)
    10      10       --         0.191 au  C             1.00      2 P:y             1
                        (       5.204 eV)
    11      11       --         2.089 au  C             1.00      3 P:y             1
                        (      56.851 eV)
    12      12      0.667      -0.188 au  C             1.00      1 P:z             1
                        (      -5.110 eV)
    13      13       --         0.191 au  C             1.00      2 P:z             1
                        (       5.204 eV)
    14      14       --         2.089 au  C             1.00      3 P:z             1
                        (      56.851 eV)
    15      15       --         1.292 au  C             1.00      1 D:z2            1
                        (      35.150 eV)
    16      16       --         1.292 au  C             1.00      1 D:x2-y2         1
                        (      35.150 eV)
    17      17       --         1.292 au  C             1.00      1 D:xy            1
                        (      35.150 eV)
    18      18       --         1.292 au  C             1.00      1 D:xz            1
                        (      35.150 eV)
    19      19       --         1.292 au  C             1.00      1 D:yz            1
                        (      35.150 eV)
    20      20      1.000      -0.244 au  H             1.00      1 S               2
                        (      -6.641 eV)
    21      21       --         0.104 au  H             1.00      2 S               2
                        (       2.836 eV)
    22      22       --         1.564 au  H             1.00      3 S               2
                        (      42.568 eV)
    23      23       --         0.436 au  H             1.00      1 P:x             2
                        (      11.865 eV)
    24      24       --         0.436 au  H             1.00      1 P:y             2
                        (      11.865 eV)
    25      25       --         0.436 au  H             1.00      1 P:z             2
                        (      11.865 eV)
    26      26      1.000      -0.244 au  H             1.00      1 S               3
                        (      -6.641 eV)
    27      27       --         0.104 au  H             1.00      2 S               3
                        (       2.836 eV)
    28      28       --         1.564 au  H             1.00      3 S               3
                        (      42.568 eV)
    29      29       --         0.436 au  H             1.00      1 P:x             3
                        (      11.865 eV)
    30      30       --         0.436 au  H             1.00      1 P:y             3
                        (      11.865 eV)
    31      31       --         0.436 au  H             1.00      1 P:z             3
                        (      11.865 eV)



 ================================
 (Slater-type)  F U N C T I O N S  ***  (Basis and Fit)  ***
 ================================
  

 Atom Type    1  (C)
 ==============

 Valence Basis Sets:   9
 -----------------------
   1 S    7.680000
   1 S    5.000000
   2 S    1.280000
   2 S    2.100000
   2 S    4.600000
   2 P    0.820000
   2 P    1.480000
   2 P    2.940000
   3 D    2.200000

 Charge Fitting Sets (for the computation of the Coulomb Potential):  22
 -----------------------------------------------------------------------
   1 S   15.360000
   2 S   17.530000
   2 S   12.070000
   2 S    8.310000
   2 S    5.730000
   3 S    5.780000
   3 S    4.220000
   3 S    3.080000
   3 S    2.250000
   3 S    1.640000
   2 P    9.880000
   2 P    5.800000
   3 P    5.050000
   3 P    3.230000
   3 P    2.060000
   3 D    7.200000
   3 D    4.400000
   3 D    2.690000
   3 D    1.640000
   4 F    5.400000
   4 F    3.550000
   5 G    4.500000

 Atom Type    2  (H)
 ==============

 Valence Basis Sets:   4
 -----------------------
   1 S    0.690000
   1 S    0.920000
   1 S    1.580000
   2 P    1.250000

 Charge Fitting Sets (for the computation of the Coulomb Potential):  11
 -----------------------------------------------------------------------
   1 S    3.160000
   1 S    2.090000
   1 S    1.380000
   2 S    1.500000
   2 P    4.000000
   2 P    2.650000
   2 P    1.750000
   3 D    4.000000
   3 D    2.500000
   4 F    3.000000
   5 G    4.000000


 BAS: List of all Elementary Cartesian Basis Functions
 =====================================================

 The numbering in the list below (to the right of the function characteristics) is referred
 to in print-outs of MO eigenvectors and Mulliken populations in the BAS representation
 (as contrasted to the SFO representation).

 Notes:
 1. The functions are characterized by a polynomial prefactor (powers of x,y,z and r) and
    an exponential decay factor alpha.
 2. Since the basis sets are specific for an atom TYPE, the individual functions occur on
    all atoms of that type.
 3. The word 'Core' in the left margin signals that it is a Core Function (CF) : not a
    degree of freedom in the valence set, but only used to ensure orthogonalization of
    the other valence basis functions on the frozen Core Orbitals.


 (power of) X  Y  Z  R     Alpha  on Atom
            ==========     =====     ==========

 C                                    1
                                  ---------------------------------------------------------------------------
            0  0  0  0     7.680      1
            0  0  0  0     5.000      2
            0  0  0  1     1.280      3
            0  0  0  1     2.100      4
            0  0  0  1     4.600      5
            1  0  0  0     0.820      6
            0  1  0  0     0.820      7
            0  0  1  0     0.820      8
            1  0  0  0     1.480      9
            0  1  0  0     1.480     10
            0  0  1  0     1.480     11
            1  0  0  0     2.940     12
            0  1  0  0     2.940     13
            0  0  1  0     2.940     14
            2  0  0  0     2.200     15
            1  1  0  0     2.200     16
            1  0  1  0     2.200     17
            0  2  0  0     2.200     18
            0  1  1  0     2.200     19
            0  0  2  0     2.200     20

 H                                    2    3
                                  ---------------------------------------------------------------------------
            0  0  0  0     0.690     21   27
            0  0  0  0     0.920     22   28
            0  0  0  0     1.580     23   29
            1  0  0  0     1.250     24   30
            0  1  0  0     1.250     25   31
            0  0  1  0     1.250     26   32

 Total number of charge fitting functions (nprimf)       184
 Total number of Cartesian basis functions (naos)         32
 Total number of Cartesian core functions  (ncos)          0

1
 ***************************************************************************************************



                                              ***********************
                                              *  T E C H N I C A L  *
                                              ***********************
  



 =============================================================
 P A R A L L E L I Z A T I O N  and  V E C T O R I Z A T I O N
 =============================================================
  
 Nr of parallel processes:                              128
 Maximum vector length in NumInt loops:                 128



 =====================
 S C F   U P D A T E S
 =====================
  
 Max. nr. of cycles:                               300
 Convergence criterion:                              0.0000010000
   secondary criterion:                              0.0010000000

 Mix parameter (when DIIS does not apply):           0.2000000000
 Mixed ADIIS+SDIIS will be used                  
    Max number of expansion vectors:                10
    Pure ADIIS when Max([F,P]) is above              0.1000000000
    Pure SDIIS when Max([F,P]) is below              0.0010000000
 Automatic ElectronSmearing (in case of problematic SCF convergence) disabled



 =================
 P R E C I S I O N  ***  (General: NumInt, NeglectFunctionTails, ...)  ***
 =================
  

 NumInt:           Target precision:                 4.0000000000
 -------           Initial precision:                4.0000000000
                   Min. precision (optimization):    4.0000000000

 Neglect Functions:          Basis functions:        0.1000000000E-05
 ------------------          Fit functions:          0.1000000000E-05



 ===========================
 L I N E A R   S C A L I N G
 ===========================
  

 Cut-off radii density fit:                        0.1000000000E-07
 Overlap cut-off criterion AO matrix elements:     0.1000000000E-05
 Cut-offs for Coulomb potential and fitted density:0.1000000000E-07
 Cut-off criterion for Coulomb multipole terms:    0.1000000000E-07
 Progressive Convergence parameter:                 0.000000000    
1
 ***************************************************************************************************



                                            ***************************
                                            *  C O M P U T A T I O N  *
                                            ***************************
  

 Number of elements of the density matrix on this node (used, total):       210       528



 ===========================================
 Numerical Integration : Fuzzy Cells (Becke)
 ===========================================
  
 Becke grid quality: NORMAL         
  
 Lebedev angular grid order:             min:  11 max:  23
 Nr. of radial points:                   min:  46 max:  52

 Total nr. of points:      18526
 Nr. of blocks:              145
 Block length:               128
 Nr. of dummy points:         34


 Test of Precision of the Numerical Integration Grid
 ===================================================

 Integral of the Total Core Density:                   0.00000000000000



 ========================
 Density Fitting (zlmFit)
 ========================
  
 ZlmFit Fit Quality: NORMAL         
  
 Max L-expansion:                        min:   5 max:   6
 Nr. of radial interpolation points:     min:  36 max:  48



 ======================
 RI Hartree-Fock Scheme
 ======================
  
 Fit Set Quality     : NORMAL
 Threshold Quality   : NORMAL
 Integration Quality : NORMAL
 Fit Generation Method : AUTO
 Response Quality    : DEFAULT
 Is Range Separated  :  F
 
 RIHartreeFock Dependency: number of modified vectors:           0



 =====
 S C F  ***  ScaSCF  ***
 =====
  
 Initial density matrix is calculated as sum of fragments

 CYCLE    1
 SCF Error: norm([F,P])=      1.533432855294, max([F,P])=      0.877885651390
 orbitals (Q,E):
 ---------------
 A :1...14           ( 2.00   -10.4277)  ( 2.00    -0.8227)  ( 2.00    -0.5183)  ( 2.00    -0.3266)
                     ( 0.00    -0.2645)  ( 0.00    -0.0189)  ( 0.00     0.0351)  ( 0.00     0.1281)
                     ( 0.00     0.1369)  ( 0.00     0.1568)  ( 0.00     0.1816)  ( 0.00     0.3278)
                     ( 0.00     0.4388)  ( 0.00     0.4526)

 CYCLE    2
  SDIIS (wt  0.000):  0.0453  0.9547
 A-DIIS (wt  1.000):  0.0000  1.0000
  DIIS coefficients:  0.0000  1.0000
 SCF Error: norm([F,P])=      0.241768403360, max([F,P])=      0.079899972117
 orbitals (Q,E):
 ---------------
 A :1...5            ( 2.00   -10.0756)  ( 2.00    -0.6188)  ( 2.00    -0.3835)  ( 2.00    -0.1849)
                     ( 0.00    -0.0853)

 CYCLE    3
  SDIIS (wt  0.000):  0.0045  0.4983  0.4973
 A-DIIS (wt  1.000):  0.0000  0.4739  0.5261
  DIIS coefficients:  0.0000  0.4739  0.5261
 SCF Error: norm([F,P])=      0.240502512019, max([F,P])=      0.081057230859
 orbitals (Q,E):
 ---------------
 A :1...5            ( 2.00   -10.2529)  ( 2.00    -0.6761)  ( 2.00    -0.4321)  ( 2.00    -0.2488)
                     ( 0.00    -0.1410)

 CYCLE    4
  SDIIS (wt  0.959):  0.0341  0.0845  0.8814
 A-DIIS (wt  0.041):  0.0000  0.0000  1.0000
  DIIS coefficients:  0.0327  0.0810  0.8863
 SCF Error: norm([F,P])=      0.014617661184, max([F,P])=      0.005073051711
 orbitals (Q,E):
 ---------------
 A :1...5            ( 2.00   -10.2436)  ( 2.00    -0.6749)  ( 2.00    -0.4321)  ( 2.00    -0.2471)
                     ( 0.00    -0.1387)

 CYCLE    5
  SDIIS (wt  1.000): -0.0021 -0.0025  0.0205  0.9841
  DIIS coefficients: -0.0021 -0.0025  0.0205  0.9841
 SCF Error: norm([F,P])=      0.000512015929, max([F,P])=      0.000189813828
 orbitals (Q,E):
 ---------------
 A :1...5            ( 2.00   -10.2438)  ( 2.00    -0.6748)  ( 2.00    -0.4320)  ( 2.00    -0.2471)
                     ( 0.00    -0.1387)

 CYCLE    6
  SDIIS (wt  1.000): -0.0001 -0.0002  0.0010  0.0526  0.9468
  DIIS coefficients: -0.0001 -0.0002  0.0010  0.0526  0.9468
 SCF Error: norm([F,P])=      0.000036191284, max([F,P])=      0.000015241017
 orbitals (Q,E):
 ---------------
 A :1...5            ( 2.00   -10.2438)  ( 2.00    -0.6748)  ( 2.00    -0.4320)  ( 2.00    -0.2471)
                     ( 0.00    -0.1387)

 CYCLE    7
  SDIIS (wt  1.000): -0.0000 -0.0000 -0.0010 -0.0131  0.1719  0.8422
  DIIS coefficients: -0.0000 -0.0000 -0.0010 -0.0131  0.1719  0.8422
 SCF Error: norm([F,P])=      0.000008993004, max([F,P])=      0.000004558140
 orbitals (Q,E):
 ---------------
 A :1...5            ( 2.00   -10.2438)  ( 2.00    -0.6748)  ( 2.00    -0.4320)  ( 2.00    -0.2471)
                     ( 0.00    -0.1387)

 CYCLE    8
  SDIIS (wt  1.000): -0.0000  0.0000 -0.0000  0.0005 -0.0180 -0.0471  1.0645
  DIIS coefficients: -0.0000  0.0000 -0.0000  0.0005 -0.0180 -0.0471  1.0645
 SCF Error: norm([F,P])=      0.000000792269, max([F,P])=      0.000000304431
 orbitals (Q,E):
 ---------------
 A :1...5            ( 2.00   -10.2438)  ( 2.00    -0.6748)  ( 2.00    -0.4320)  ( 2.00    -0.2471)
                     ( 0.00    -0.1387)

 SCF CONVERGED

 CYCLE    9
1
 ***************************************************************************************************



                                                *******************
                                                *  R E S U L T S  *
                                                *******************
  
  
 Hartree-Fock exchange energy:   -5.78788380268208     
 *** Using FIT density in Focky
  SDIIS (wt  1.000):  0.0000  0.0000  0.0000  0.0000 -0.0001 -0.0046 -0.0162  1.0209
  DIIS coefficients:  0.0000  0.0000  0.0000  0.0000 -0.0001 -0.0046 -0.0162  1.0209
 SCF Error: norm([F,P])=      0.000000064823, max([F,P])=      0.000000023545

 Orbital Energies, per Irrep and Spin:
 ======================================
                        Occup              E (au)              E (eV)       Diff (eV) with prev. cycle
                        -----      --------------------        ------       --------------------------
 A
               1        2.000     -0.10243774506351E+02      -278.747              -1.33E-07
               2        2.000     -0.67484347163014E+00       -18.363              -1.33E-07
               3        2.000     -0.43203470020617E+00       -11.756              -1.55E-07
               4        2.000     -0.24712338737953E+00        -6.725              -4.77E-07
               5        0.000     -0.13868776998989E+00        -3.774
               6        0.000      0.16590894339459E-01         0.451
               7        0.000      0.69736028225270E-01         1.898
               8        0.000      0.18456425474124E+00         5.022
               9        0.000      0.18642270318435E+00         5.073
              10        0.000      0.20819130526770E+00         5.665
              11        0.000      0.26280843691604E+00         7.151
              12        0.000      0.41154493046604E+00        11.199
              13        0.000      0.51384259804579E+00        13.982
              14        0.000      0.51498722584890E+00        14.014
  
 HOMO :        4 A                -0.24712338737953E+00
 LUMO :        5 A                -0.13868776998989E+00
  


 All Electron Calculation, thus no Orbital Energies of the Core Orbitals are calculated


 Fit test: (difference of exact and fit density, squared integrated, result summed over spins)
         Sum-of-Fragments:                             0.00000000007931
         Orthogonalized Fragments:                     0.00001403825616
         SCF:                                          0.00009920066766



 ==========================
 Electron Density at Nuclei
 ==========================
  
 The electron density is calculated at points on a small sphere around the center of a nucleus.
 The printed electron density is the average electron density on these points.
 The radius of the sphere is the printed approximate finite nuclear radius.

         Atom        Nuclear Radius (Angstrom)             Electron Density (a.u.)
         ----        -------------------------             -----------------------
     1)   C                 0.0000320678                              126.91411
     2)   H                 0.0000181514                                0.51209
     3)   H                 0.0000181514                                0.51209



 =======================================
 M U L L I K E N   P O P U L A T I O N S
 =======================================
  
 The survey below gives for each atom:
 a) the total charge (Z minus electrons)
 b) the net spin polarization (nr of electrons spin-A minus spin-B)
 c) for each spin the atomic electron valence density (integrated) per L-value.

 Atom              Charge    Spin density          S         P         D         F
 ----              ------    ------------       ------    ------    ------    ------
 1 C               0.0973                       3.5163    2.3585    0.0279    0.0000
 2 H              -0.0486                       0.9803    0.0683    0.0000    0.0000
 3 H              -0.0486                       0.9803    0.0683    0.0000    0.0000

 Populations of individual BAS functions
 ----------------------------------------
 1 C            0.4764  1.5286  0.5730  0.9958 -0.0574 -0.1413  0.0000  0.3225  0.8481  0.0000
                0.8758  0.1975  0.0000  0.2558  0.0156 -0.0000  0.0212 -0.0005  0.0000 -0.0084
 2 H            0.0101  0.6284  0.3418  0.0258  0.0000  0.0425
 3 H            0.0101  0.6284  0.3418  0.0258  0.0000  0.0425

 Gross Charges per Atom (Z minus electrons)
 ==========================================
             0.0973   -0.0486   -0.0486
 Net Total: -0.00000000


 Atom-Atom Population Matrix (off-diagonal elements not doubled)
 ===============================================================

     1 :     5.2011
     2 :     0.3508    0.7958
     3 :     0.3508   -0.0980    0.7958



 =================================================
 H I R S H F E L D   C H A R G E   A N A L Y S I S
 =================================================
  
 For each fragment: the (numerical) integral of rho(scf) * rho(fragment)/rho(sum-of-fragments)
 (nuclear charges are included, electrons are counted negative)

 The fragments and their ordering are defined in the early G E O M E T R Y output section.
 If you use single-atom fragments, this usually implies that all atoms of the same
 chemical type are grouped together. This may not be the order in which you listed them
 in the input file!

    1  C                        -0.0659
    2  H                         0.0329
    3  H                         0.0329

 Sum of these charges (accuracy NumInt/Tails) =           0.00002126



 =============================
 V O R O N O I   C H A R G E S
 =============================
  
 For each atom: the (numerical) integral of the total electronic charge density in its Voronoi cell,
 i.e. the region of space that is closer to that atom than to any other atom.
 (cf. Wigner-Seitz cells in crystals)

 Within the Voronoi cell the subintegrals over the atomic sphere and the remaining part are evaluated
 separately to give the numbers of electrons (negative charge) in these regions.
 The net total charge in the cell (including the nuclear charge) is also given.

 Values are provided for
    a) the Initial (sum-of-fragments) density
    b) the Orthogonalized-Fragments density
    c) the SCF density
    d) the Voronoi Deformation Density (VDD): the difference SCF-Initial for the complete atomic cell


  Atom                Initial                    OrthFrag                   SCF
             Sphere RestCell NetTotal   Sphere RestCell NetTotal   Sphere RestCell NetTotal      VDD
 -----       ------------------------   ------------------------   ------------------------    -----
    1 C      -2.249   -2.780    0.971   -2.336   -2.929    0.735   -2.272   -2.786    0.942   -0.029
    2 H      -0.072   -1.426   -0.498   -0.092   -1.284   -0.376   -0.111   -1.370   -0.481    0.018
    3 H      -0.072   -1.400   -0.473   -0.092   -1.268   -0.360   -0.111   -1.350   -0.461    0.011
 ---------------------------------------------------------------------------------------------------
 Total NetCharge:               0.000                      0.000                      0.000    0.000
 (accuracy NumInt/Tails)

 Remark: the 'NetTotal' Voronoi charges often do not match the Mulliken and/or Hirshfeld charges very
 well. This is caused by the fact that chemically different atoms are not treated in accordance with
 their relative sizes. (Voronoi cells are defined by boundary planes halfway between the atoms.)
 However, the CHANGES in charge, comparing 'Initial' to 'SCF' for instance, do give a fair indication
 of the flow of charge caused by the relaxation from sum-of-fragments to self-consistency.

 Warning: the absolute accuracy of the VDD charges obtained using the Fuzzy Cells (Becke) integration
 scheme is much poorer than the one obtained with an 'equivalent' Voronoi integration grid. 



 =================================================================
 M U L T I P O L E   D E R I V E D   C H A R G E   A N A L Y S I S
 =================================================================

 This charge analysis uses the atomic multipoles (obtained from the fitted density) up to some level X,
 and reconstructs these multipoles exactly (up to level X) by distributing charges over all atoms.
 This is achieved by using Lagrange multipliers and a weight function to keep the multipoles local.

 Dummy atoms can be included (by setting INCDUM in MDC-block to 1) to obtain a fractional charge.
 This is generally useful and necessary only for small symmetrical molecules, when there are not
 enough degrees of freedom to reconstruct the multipoles.

 Since the atomic multipoles are reconstructed up to level X,
 the molecular multipoles are represented also up to level X.
 The recommended level is to reconstruct up to quadrupole : -> MDC-q charges.

 See: M. Swart, P.Th. van Duijnen, J.G. Snijders, J.Comput.Chem., (2001), p. 79-88.

 ------------------------------------------------------------- 
 Atomic electronic multipole moments from SCF equations (a.u.)
 ------------------------------------------------------------- 

   atom        charge        dip-x     dip-y     dip-z      quad-xx   quad-xy   quad-xz   quad-yy   quad-yz   quad-zz
 --------------------------------------------------------------------------------------------------------------------
    1 C      0.139585     0.000000 -0.000000 -0.916777     0.550961 -0.000000  0.000000  1.033284  0.000000 -1.584245
    2 H     -0.069792     0.024684 -0.000000  0.014158     0.158443  0.000000 -0.128914  0.005080 -0.000000 -0.163523
    3 H     -0.069792    -0.024684  0.000000  0.014158     0.158443 -0.000000  0.128914  0.005080 -0.000000 -0.163523

 --------------------------------------- 
 Multipole derived atomic charges (a.u.)
 --------------------------------------- 

 The MDC-m charges are just the Monopole terms in the multipole expansion, while for the MDC-d charges
 also the Dipoles are reconstructed. The usually preferred charges are the MDC-q charges.
 These reconstruct the Monopoles, Dipoles and Quadrupoles (both atomic AND molecular).

        Atom    Level:     MDC-m        MDC-d        MDC-q
 ---------------------------------------------------------
     1     C            0.139585    -0.612653     0.155067
     2     H           -0.069792     0.306327    -0.077533
     3     H           -0.069792     0.306326    -0.077534

 ------------------------------------------------ 
 Average absolute deviations in atomic multipoles
 ------------------------------------------------ 

 Stated here are the average differences between the atomic multipoles
 and the reconstructed atomic multipoles (from the distributed charges).
 If these values are not zero, this means there are not enough degrees of freedom,
 to be able to reconstruct the atomic multipoles. (This usually happens only
 for small and/or highly symmetric molecules). If this is the case, one could add
 dummy atoms as extra point charges (and setting INCDUM in MDC-block to 1).

 Level:                                 MDC-d        MDC-q
 ---------------------------------------------------------
 Charge   (a.u.)                       0.0000       0.0000
 Dipole   (Debye)                      0.0000       0.3018
 Quad.    (a.u.)                       0.3639       0.2023

 --------------------------------------- 
 Represented molecular multipole moments
 --------------------------------------- 

 Given here are the Molecular multipole moments from the atomic charges, and from the Fit Density.
 Note that the atomic charges represent the latter, NOT the ones from the Exact density.

            Q (a.u.)             Dipole moment (Debye)                                          Quadrupole moment (a.u.)
                                 x         y         z              xx        xy        xz        yy        yz        zz
------------------------------------------------------------------------------------------------------------------------
MDC-m        -0.0000        0.0000    0.0000    0.4190          0.2163    0.0000   -0.0000    0.8118    0.0000   -1.0282
MDC-d        -0.0000        0.0000    0.0000   -1.8392         -0.9495    0.0000   -0.0000   -3.5632    0.0000    4.5127
MDC-q        -0.0000        0.0000    0.0000    0.4655          0.2403    0.0000   -0.0000    0.9019    0.0000   -1.1422
 
Fit.Dens.    -0.0000        0.0000   -0.0000   -1.8392         -1.4965   -0.0000   -0.0000   -0.9751    0.0000    2.4716



 =============
 Dipole Moment  ***  (Debye)  ***
 =============
  
 Vector   :         0.00000180      0.00000001     -1.84148408
 Magnitude:         1.84148408

 This molecular dipole moment is calculated with analytic integration



 =========================================
 Quadrupole Moment (Buckingham convention)  ***  (a.u.)  ***
 =========================================
  
      quad-xx        quad-xy        quad-xz        quad-yy        quad-yz        quad-zz
     -1.49756932    -0.00000000    -0.00000327    -0.97953342    -0.00000001     2.47710274

 This molecular quadrupole moment is calculated with analytic integration
1



 ===========================
 B O N D I N G   E N E R G Y  ***  (decomposition)  ***
 ===========================
  
*** IMPORTANT NOTE ***

The bond energy is computed as an energy difference between molecule and
fragments. In particular when the fragments are single atoms, they are usually
computed as SPHERICALLY SYMMETRIC and SPIN-RESTRICTED. Obviously, this usually
does NOT represent the true atomic groundstate.

To obtain the 'real' bond energy, (atomic) correction terms must be applied
for the true (multiplet) fragment ground state. See ref: E.J.Baerends,
V.Branchadell, M.Sodupe, Chem.Phys.Lett.265 (1997) 481

General theoretical background on the bond energy decomposition scheme used
here (Morokuma-Ziegler) can be found in the review paper:
F.M. Bickelhaupt and E.J. Baerends,
"Kohn-Sham Density Functional Theory: Predicting and Understanding Chemistry"
In: Rev. Comput. Chem.; Lipkowitz, K. B. and Boyd, D. B., Eds.;
Wiley-VCH: New York, 2000, Vol. 15, 1-86.

Symbols used in the Bickelhaupt-Baerends (BB) paper are given below to make
the direct connection to that paper, where detailed explanations can be found
on the meaning of the various terms.


                                                   hartree              eV         kcal/mol           kJ/mol
                                      --------------------     -----------       ----------      -----------
  pauli hf:                              0.067889421672205          1.8474            42.60           178.24
  elstat hf:                            -0.112639927429867         -3.0651           -70.68          -295.74

Pauli Repulsion
  Kinetic (Delta T^0):                   2.749736180950598         74.8241          1725.49          7219.43
  Delta V^Pauli Coulomb:                -1.177610845443816        -32.0444          -738.96         -3091.82
  Delta V^Pauli Hybrid-X:               -0.261867300925742         -7.1258          -164.32          -687.53
  Delta V^Pauli Hybrid-C:               -0.025752406793378         -0.7008           -16.16           -67.61
  Delta V^Pauli HF-Exchange:            -0.044750505757662         -1.2177           -28.08          -117.49
                                      --------------------     -----------       ----------      -----------
  Total Pauli Repulsion:                 1.239755122030000         33.7355           777.96          3254.98
 (Total Pauli Repulsion =
  Delta E^Pauli in BB paper)

Steric Interaction
  Pauli Repulsion (Delta E^Pauli):       1.239755122030000         33.7355           777.96          3254.98
  Electrostatic Interaction:            -0.161565004183532         -4.3964          -101.38          -424.19
 (Electrostatic Interaction =
  Delta V_elstat in the BB paper)
                                      --------------------     -----------       ----------      -----------
  Total Steric Interaction:              1.078190117846468         29.3390           676.57          2830.79
 (Total Steric Interaction =
  Delta E^0 in the BB paper)

Orbital Interactions
  A:                                    -1.577229328001689        -42.9186          -989.73         -4141.02
  HF orbital correction:                 0.000000003332532          0.0000             0.00             0.00
                                      --------------------     -----------       ----------      -----------
  Total Orbital Interactions:           -1.577229324669157        -42.9186          -989.73         -4141.02

Alternative Decomposition Orb.Int.
  Kinetic:                              -2.220743430054928        -60.4295         -1393.54         -5830.56
  Coulomb:                               0.820979197110726         22.3400           515.17          2155.48
  XC+HF:                                -0.177465091724955         -4.8291          -111.36          -465.93
  XC only:                              -0.050144785347002         -1.3645           -31.47          -131.66
  HF Orbital:                           -0.127320306377953         -3.4646           -79.89          -334.28
                                      --------------------     -----------       ----------      -----------
  Total Orbital Interactions:           -1.577229324669157        -42.9186          -989.73         -4141.02

  Residu (E=Steric+OrbInt+Res):         -0.000007952521043         -0.0002            -0.00            -0.02

Total Bonding Energy:                   -0.499047159343732        -13.5798          -313.16         -1310.25


Summary of Bonding Energy (energy terms are taken from the energy decomposition above)
======================================================================================

  Electrostatic Energy:                 -0.161565004183532         -4.3964          -101.38          -424.19
  Kinetic Energy:                        0.528992750895670         14.3946           331.95          1388.87
  Coulomb (Steric+OrbInt) Energy:       -0.356639600854134         -9.7047          -223.79          -936.36
  XC Energy:                            -0.509835305201737        -13.8733          -319.93         -1338.57
                                      --------------------     -----------       ----------      -----------
  Total Bonding Energy:                 -0.499047159343732        -13.5798          -313.16         -1310.25


Correction terms (incorporated in energies above; only for test purposes):

1. Indication of fit-quality: 1st-order fit-correction used in the energy (hartree):   0.0000828708
2. Electrostatic (Fit correction):   0.0000000000
1



 =======================================================
 S F O   P O P U L A T I O N S ,   M O   A N A L Y S I S
 =======================================================
  
 A Mulliken population analysis is performed on (input-)selected MOs. All populations refer to SFOs.
 BAS populations may have been printed directly after the SCF part.


                                       === A ===


 SFO contributions (%) per orbital
 (multiplication by the orbital occupation yields the SFO Gross Populations)

 Orb.:        1      2      3      4      5      6      7      8
 occup:     2.00   2.00   2.00   2.00   0.00   0.00   0.00   0.00
 CF+SFO     ----   ----   ----   ----   ----   ----   ----   ----
 ------
      1:   99.95   0.00   0.00   0.00   0.00  -0.01  -0.00   0.01
      2:   -0.00  54.22   0.00  22.43  -0.00   0.85  -0.00  12.59
      3:    0.00  -0.43   0.00  -0.36   0.00 -15.55  -0.00 -12.59
      6:   -0.00  -0.00  45.44   0.00   0.00  -0.00   2.48   0.00
      7:    0.00  -0.00   0.17  -0.00  -0.00  -0.00 -35.73   0.00
      9:   -0.00  -0.00   0.00   0.00  92.97   0.00   0.00  -0.00
     12:    0.00   4.90   0.00  67.95   0.00   0.85   0.00   5.23
     13:    0.00   0.13   0.00  -0.11   0.00  -0.70   0.00 102.67
     18:   -0.00   0.00   1.06  -0.00   0.00   0.00  -0.02   0.00
     20:    0.01  19.25  25.60   2.53  -0.00  20.82  33.96   1.12
     21:   -0.00  -0.31   1.11   0.98   0.00  36.47  29.01  -0.26
     22:    0.00  -0.35   0.14   0.05  -0.00  -1.02   2.95  -3.33
     23:    0.01   1.60  -0.46   0.15  -0.00   0.76   0.04  -1.90
     24:    0.00   0.00  -0.00   0.00   3.28   0.00  -0.00  -0.00
     25:    0.00   0.37   0.48   1.28   0.00   0.16   0.24   0.89
     26:    0.01  19.25  25.60   2.53  -0.00  20.82  33.96   1.12
     27:   -0.00  -0.31   1.11   0.98   0.00  36.47  29.01  -0.26
     28:    0.00  -0.35   0.14   0.05  -0.00  -1.02   2.95  -3.33
     29:    0.01   1.60  -0.46   0.15  -0.00   0.76   0.04  -1.90
     30:    0.00   0.00   0.00   0.00   3.28   0.00   0.00  -0.00
     31:    0.00   0.37   0.48   1.28   0.00   0.16   0.24   0.89


 Summation over all MOs, multiplied by occupation: Total SFO Gross Populations in this Irrep
 ===========================================================================================

     2.00    1.53   -0.02   -0.00   -0.00    0.91    0.00   -0.01    0.00    0.00   -0.00    1.46
     0.00   -0.00    0.00    0.00   -0.00    0.02    0.00    0.95    0.04   -0.00    0.03    0.00
     0.04    0.95    0.04   -0.00    0.03    0.00    0.04



 List of selected MOs, ordered by energy, with the most significant SFO gross populations
 ========================================================================================

 Each percentage contribution in the table below corres ponds to the indicated SFO.
 In general, a SFO may be a linear combination of several Fragment Orbitals on the same,
 or on symmetry-related Fragments. Only the first 'member' of such a combination is
 specified here. A full definition of all SFOs is given in an earlier part of the output.
 The numbering of the SFOs in this table does NOT include the Core Orbitals, and starts
 from one for each symmetry representation, as in the SFO definition list earlier.

       E(eV)  Occ       MO           %     SFO (first member)   E(eV)  Occ   Fragment
 -------------------------------------------------------------------------------------

     -18.363  2.00     2 A         54.22%     2 S             -15.345  2.00     1 C
                                   19.25%     1 S              -6.641  1.00     2 H
                                   19.25%     1 S              -6.641  1.00     3 H
                                    4.90%     1 P:z            -5.110  0.67     1 C
                                    1.60%     1 P:x            11.865  0.00     3 H
                                    1.60%     1 P:x            11.865  0.00     2 H
     -11.756  2.00     3 A         45.44%     1 P:x            -5.110  0.67     1 C
                                   25.60%     1 S              -6.641  1.00     2 H
                                   25.60%     1 S              -6.641  1.00     3 H
                                    1.11%     2 S               2.836  0.00     3 H
                                    1.11%     2 S               2.836  0.00     2 H
                                    1.06%     1 D:xz           35.150  0.00     1 C
      -6.725  2.00     4 A         67.95%     1 P:z            -5.110  0.67     1 C
                                   22.43%     2 S             -15.345  2.00     1 C
                                    2.53%     1 S              -6.641  1.00     3 H
                                    2.53%     1 S              -6.641  1.00     2 H
                                    1.28%     1 P:z            11.865  0.00     2 H
                                    1.28%     1 P:z            11.865  0.00     3 H
      -3.774  0.00     5 A         92.97%     1 P:y            -5.110  0.67     1 C
                                    3.28%     1 P:y            11.865  0.00     2 H
                                    3.28%     1 P:y            11.865  0.00     3 H
       0.451  0.00     6 A         36.47%     2 S               2.836  0.00     3 H
                                   36.47%     2 S               2.836  0.00     2 H
                                   20.82%     1 S              -6.641  1.00     3 H
                                   20.82%     1 S              -6.641  1.00     2 H
                                  -15.55%     3 S              10.943  0.00     1 C
                                   -1.02%     3 S              42.568  0.00     3 H
                                   -1.02%     3 S              42.568  0.00     2 H



 =======================================================================
 Electrostatic potential at the Nuclei due to electrons and other nuclei
 =======================================================================
  
         Atom                  Potential
         ----                  ---------
     1)   C                  14.72427679
     2)   H                   1.08173024
     3)   H                   1.08173027
 Mulliken charges used for AMS results%charges...


    =====================
     CALCULATION RESULTS
    =====================

Energy (hartree)            -0.49904716


--------------
Atomic charges
--------------
  Index   Atom    Charge
      1      C    0.0973
      2      H   -0.0486
      3      H   -0.0486


Dipole moment vector    (Debye):     0.00000180    0.00000001   -1.84148408
              magnitude (Debye):     1.84148408


-----------------------
Molecular orbitals info
-----------------------
n orbitals:               31
n spin:                    1

Note: only printing virtual orbitals with
      energy smaller than HOMO + 100. eV

HOMO (eV):              -6.7246
LUMO (eV):              -3.7739
HOMO-LUMO gap (eV):      2.9507

   Index   Energy (eV)    Occupation
      27       63.7545         0.000       
      26       61.4534         0.000       
      25       57.8067         0.000       
      24       57.4556         0.000       
      23       54.9378         0.000       
      22       47.9717         0.000       
      21       45.6594         0.000       
      20       44.4237         0.000       
      19       33.3491         0.000       
      18       32.7312         0.000       
      17       23.7750         0.000       
      16       20.3835         0.000       
      15       17.9044         0.000       
      14       14.0135         0.000       
      13       13.9824         0.000       
      12       11.1987         0.000       
      11        7.1514         0.000       
      10        5.6652         0.000       
       9        5.0728         0.000       
       8        5.0222         0.000       
       7        1.8976         0.000       
       6        0.4515         0.000       
       5       -3.7739         0.000 < LUMO
       4       -6.7246         2.000 < HOMO
       3      -11.7563         2.000       
       2      -18.3634         2.000       
       1     -278.7473         2.000       

AMS application finished. Exiting.
NORMAL TERMINATION
     Total cpu time:       3.00
  Total system time:      21.44
 Total elapsed time:      27.55
