

 Parallel Execution: Process Information
 ==============================================================================
 Rank   Node Name                              NodeID   MyNodeRank  NodeMaster
    0   c013                                      0          0          0
    1   c013                                      1          0          1
    2   c013                                      0          1         -1
    3   c013                                      1          1         -1
    4   c013                                      0          2         -1
    5   c013                                      1          2         -1
    6   c013                                      0          3         -1
    7   c013                                      1          3         -1
    8   c013                                      0          4         -1
    9   c013                                      1          4         -1
   10   c013                                      0          5         -1
   11   c013                                      1          5         -1
   12   c013                                      0          6         -1
   13   c013                                      1          6         -1
   14   c013                                      0          7         -1
   15   c013                                      1          7         -1
   16   c013                                      0          8         -1
   17   c013                                      1          8         -1
   18   c013                                      0          9         -1
   19   c013                                      1          9         -1
   20   c013                                      0         10         -1
   21   c013                                      1         10         -1
   22   c013                                      0         11         -1
   23   c013                                      1         11         -1
   24   c013                                      0         12         -1
   25   c013                                      1         12         -1
   26   c013                                      0         13         -1
   27   c013                                      1         13         -1
   28   c013                                      0         14         -1
   29   c013                                      1         14         -1
   30   c013                                      0         15         -1
   31   c013                                      1         15         -1
   32   c013                                      2          0          2
   33   c013                                      3          0          3
   34   c013                                      2          1         -1
   35   c013                                      3          1         -1
   36   c013                                      2          2         -1
   37   c013                                      3          2         -1
   38   c013                                      2          3         -1
   39   c013                                      3          3         -1
   40   c013                                      2          4         -1
   41   c013                                      3          4         -1
   42   c013                                      2          5         -1
   43   c013                                      3          5         -1
   44   c013                                      2          6         -1
   45   c013                                      3          6         -1
   46   c013                                      2          7         -1
   47   c013                                      3          7         -1
   48   c013                                      2          8         -1
   49   c013                                      3          8         -1
   50   c013                                      2          9         -1
   51   c013                                      3          9         -1
   52   c013                                      2         10         -1
   53   c013                                      3         10         -1
   54   c013                                      2         11         -1
   55   c013                                      3         11         -1
   56   c013                                      2         12         -1
   57   c013                                      3         12         -1
   58   c013                                      2         13         -1
   59   c013                                      3         13         -1
   60   c013                                      2         14         -1
   61   c013                                      3         14         -1
   62   c013                                      2         15         -1
   63   c013                                      3         15         -1
   64   c013                                      4          0          4
   65   c013                                      5          0          5
   66   c013                                      4          1         -1
   67   c013                                      5          1         -1
   68   c013                                      4          2         -1
   69   c013                                      5          2         -1
   70   c013                                      4          3         -1
   71   c013                                      5          3         -1
   72   c013                                      4          4         -1
   73   c013                                      5          4         -1
   74   c013                                      4          5         -1
   75   c013                                      5          5         -1
   76   c013                                      4          6         -1
   77   c013                                      5          6         -1
   78   c013                                      4          7         -1
   79   c013                                      5          7         -1
   80   c013                                      4          8         -1
   81   c013                                      5          8         -1
   82   c013                                      4          9         -1
   83   c013                                      5          9         -1
   84   c013                                      4         10         -1
   85   c013                                      5         10         -1
   86   c013                                      4         11         -1
   87   c013                                      5         11         -1
   88   c013                                      4         12         -1
   89   c013                                      5         12         -1
   90   c013                                      4         13         -1
   91   c013                                      5         13         -1
   92   c013                                      4         14         -1
   93   c013                                      5         14         -1
   94   c013                                      4         15         -1
   95   c013                                      5         15         -1
   96   c013                                      6          0          6
   97   c013                                      7          0          7
   98   c013                                      6          1         -1
   99   c013                                      7          1         -1
  100   c013                                      6          2         -1
  101   c013                                      7          2         -1
  102   c013                                      6          3         -1
  103   c013                                      7          3         -1
  104   c013                                      6          4         -1
  105   c013                                      7          4         -1
  106   c013                                      6          5         -1
  107   c013                                      7          5         -1
  108   c013                                      6          6         -1
  109   c013                                      7          6         -1
  110   c013                                      6          7         -1
  111   c013                                      7          7         -1
  112   c013                                      6          8         -1
  113   c013                                      7          8         -1
  114   c013                                      6          9         -1
  115   c013                                      7          9         -1
  116   c013                                      6         10         -1
  117   c013                                      7         10         -1
  118   c013                                      6         11         -1
  119   c013                                      7         11         -1
  120   c013                                      6         12         -1
  121   c013                                      7         12         -1
  122   c013                                      6         13         -1
  123   c013                                      7         13         -1
  124   c013                                      6         14         -1
  125   c013                                      7         14         -1
  126   c013                                      6         15         -1
  127   c013                                      7         15         -1
 ==============================================================================


May use up to 14980MB of RAM as shared memory on node 0
May use up to 15377MB of RAM as shared memory on node 5
May use up to 15377MB of RAM as shared memory on node 7
May use up to 15377MB of RAM as shared memory on node 1
May use up to 15359MB of RAM as shared memory on node 3
May use up to 15377MB of RAM as shared memory on node 4
May use up to 15372MB of RAM as shared memory on node 6
May use up to 15377MB of RAM as shared memory on node 2

 *******************************************************************************
 *                                                                             *
 *  --------------------------------                                           *
 *   Amsterdam Modeling Suite (AMS)              2023.104                      *
 *  --------------------------------                                           *
 *                                               r115785 2023-10-06            *
 *                                                                             *
 *                                                                             *
 *                              =================                              *
 *                              |               |                              *
 *                              |     A M S     |                              *
 *                              |               |                              *
 *                              =================                              *
 *                                                                             *
 *                                                                             *
 *   Online information and documentation:  https://www.scm.com/support/       *
 *   E-mail:  support@scm.com   info@scm.com                                   *
 *                                                                             *
 *   Scientific publications using AMS results must be properly referenced     *
 *   See the User Manuals (or the web site) for recommended citations          *
 *   The terms and conditions of the End User License Agreement apply to       *
 *   the use of AMS, https://www.scm.com/license-terms/                        *
 *                                                                             *
 **********************  x86_64_linux_intel / intelmpi  ************************
 
 Licensed to: Dr. Amanda Morgenstern / University of Colorado / Colorado Springs / Colorado / USA 2024-12-20 19:21:38
 SCM User ID: u21568
  
 AMS 2023.104  RunTime: May22-2025 11:21:18  ShM Nodes: 8  Procs: 128

 AMS jobname: monoSO2_1CHplus_B3LYP_TZP_KlamtWater_solvfrag_towardC.CH2
 AMS jobid  : 1459669055

 Start   directory: /home/amorgens/adf_calcs/tetramine/final_ams_calcs/fragments/
 Results directory: /home/amorgens/adf_calcs/tetramine/final_ams_calcs/fragments/monoSO2_1CHplus_B3LYP_TZP_KlamtWater_solvfrag_towardC.CH2.results/
 Scratch directory: /tmp/amstmp_monoSO2_1CHplus_B3LYP_TZP_KlamtWater_solvfrag_towardC.CH2_kid0.1459669055/


 Communication costs MPI_COMM_WORLD:      4.461 usec per message,   0.0450 usec per 8-byte item
 Communication costs for intra-node:      1.673 usec per message,   0.0068 usec per 8-byte item

 RNG seed: 188966848 554286918 -2080914909 1605491474 1427485683 -2032515577 725109671 662388780



                     **************************************************************************
                     *  ADF 2023.104  RunTime: May22-2025 11:21:19  ShM Nodes: 8  Procs: 128  *
                     **************************************************************************
  
 Geometry symmetrized to: Csv
 Geometry reoriented with symmetry: C(2V)

       ****************************
       * SINGLE POINT CALCULATION *
       ****************************
 
--------
Geometry
--------
Formula: CH2
Atoms
  Index Symbol   x (angstrom)   y (angstrom)   z (angstrom)
      1      H     0.89254871     0.00000000    -2.29152544       region=CH2 adf.R=1.30
      2      H    -0.89254871     0.00000000    -2.29152544       region=CH2 adf.R=1.30
      3      C     0.00000000     0.00000000    -1.67216180       region=CH2 adf.R=2.00
 
Total System Charge             0.00000
Bonding info available!
 
 
----------------
ADF Engine Input
----------------
 
 Basis
 Type TZP
 Core None
 End
 XC
 Hybrid B3LYP
 End
 Title CH2 fragment
 Relativity
 Level None
 End
 Symmetry NOSYM
 Solvation
 Surf Delley
 Solv name=Water cav0=0.0 cav1=0.0067639
 Charged method=CONJ
 C-Mat POT
 SCF VAR ALL
 CSMRSP
 End
 

 Title: CH2 fragment

 *** adf ***



 ===========================
 A T T A C H E D   F I L E S
 ===========================
  



 ===============================
 M O D E L   P A R A M E T E R S
 ===============================
  
 DENSITY FUNCTIONAL POTENTIAL (scf)
    Hybrid:                            B3LYP                                   == Not Default ==

 SPIN  (restricted / unrestr.)
    Molecule:                          Restricted                               
    Fragments:                         Restricted                               

 OTHER ASPECTS
    Relativistic Corrections:          ---                                     == Not Default ==

    Nuclear Charge Density Model:      Point Charge Nuclei                      
    Core Treatment:                    Frozen Orbital(s)                        

    Hyperfine or Zeeman Interaction:   ---                                      

 SOLVATION
-------------------------------------------

  The Delley construction of COSMO surface surface is calculated

       Division Level for Surface Triangles (NDIV)                  3
       Final Division Level for Triangles (NFDIV)                   1
       Radius of the Solvent (RSOL)                           1.93000 angstr
  Dielectric Constant (EPSL)                                 78.39000

       COSMO equation is solved iteratively-               conjugate-gradient

       Maximun of Iterations for Charges (NCIX)                  1000
       Criterion for Charge convergence (CCNV)                1.0E-08

  COSMO charges included variationally in SCF

       COSMO included at every SCF cycle

  Geometry-dependent empirical factor                         0.00000

  C-Matrix calculated in cspmtx

  In cspmtx, C-Matrix calculated using fitted potential

-------------------------------------------



 Fragment File(s)
 ----------------
 H:
         file : /home/amorgens/adf_calcs/tetramine/final_ams_calcs/fragments/monoSO2_1CHplus_B3LYP_TZP_KlamtWater_solvfrag_towardC.CH2.results/t21.3526984.H
         jobid: 0
         title: Hydrogen (TZP)
 C:
         file : /home/amorgens/adf_calcs/tetramine/final_ams_calcs/fragments/monoSO2_1CHplus_B3LYP_TZP_KlamtWater_solvfrag_towardC.CH2.results/t21.28079B0C.C
         jobid: 0
         title: Carbon (TZP)



 ===============
 G E O M E T R Y  ***  Planar Molecule  ***
 ===============
  

 ATOMS
 =====                            X Y Z                    CHARGE                     RADIUS
                                (Angstrom)             Nucl     +Core       At.Mass (Angstrom)
                       --------------------------    ----------------       ------- ----------
    1  H               0.8925    0.0000   -2.2915      1.00      1.00        1.0078    1.3000
    2  H              -0.8925    0.0000   -2.2915      1.00      1.00        1.0078    1.3000
    3  C               0.0000    0.0000   -1.6722      6.00      6.00       12.0000    2.0000


 FRAGMENTS
 =========                                     Atoms in this Fragment     Cart. coord.s (Angstrom)
                                               -------------------------------------------------------
    1  H                                                 1  H            0.8925    0.0000   -2.2915
    2  H                                                 2  H           -0.8925    0.0000   -2.2915
    3  C                                                 3  C            0.0000    0.0000   -1.6722


 Interatomic Distance Matrix (Angstrom)
 --------------------------------------

   1)     0.000
   2)     1.785   0.000
   3)     1.086   1.086   0.000

 Min. Distance =    1.0864
 Max. Distance =    1.7851



 =====================================
 S Y M M E T R Y ,   E L E C T R O N S
 =====================================
  
 Symmetry: NOSYM

 Irreducible Representations, including subspecies
 -------------------------------------------------
 A

 Symmetry is NOT used when fitting density


 Configuration of Valence Electrons
 ==================================
 ( determined in the SCF procedure )

 Total:   8

 Net Charge: 0 (Nuclei minus Electrons)

 Aufbau principle for MO occupations will be applied through SCF cycle no.     150
 Thereafter, the program will assign electrons to MOs that are spatially
 similar to the occupied MOs in a "reference" cycle ("KeepOrbitals").
 The reference cycle is always the PREVIOUS cycle: it will evolve with
 the SCF procedure.
1
 ***************************************************************************************************



                                      ****************************************
                                      *  B U I L D : (Fragments, Functions)  *
                                      ****************************************
  



 =======
 S F O s  ***  (Symmetrized Fragment Orbitals)  ***
 =======
  
 SFOs are linear combinations of (valence) Fragment Orbitals (FOs), such that the SFOs transform as the
 irreducible representations of the (molecular) symmetry group. Each SFO is therefore characterized by
 an irrep of the molecule and by a few (or only one) generating FOs.
 The SFOs constitute a symmetry-adapted basis for the Fock matrix. The MO eigenvector coefficients in
 this basis provide a direct interpretation of the MOs in terms of Frontier Orbital Theory.

 The SFOs are combined with auxiliary Core Functions (CFs) to ensure orthogonalization on the (frozen)
 Core Orbitals (COs). The Core-orthogonalized SFOs (CSFOs) constitute the true Fock basis.

 The FOs, and hence also the (C)SFOs are combinations of the elementary basis functions (BAS). The basis
 functions that participate in the description of the SFOs depend on the irrep. The indices of the
 involved functions are printed below for each irrep.
 (The complete list of primitive basis functions is printed in another section)

 Total nr. of (C)SFOs (summation over all irreps) :    31

 NOTE: a (C)SFO that is defined as a combination of more than one FO is usually NOT normalized.



                                       === A ===
 Nr. of SFOs :   31
 Cartesian basis functions that participate in this irrep (total number =    32) :
      1     2     3     4     5     6     7     8     9    10
     11    12    13    14    15    16    17    18    21    24
     19    22    25    20    23    26    27    28    29    30
     31    32

    SFO  (index         Fragment          Generating    Expansion in Fragment Orbitals
  indx  incl.CFs)   Occup   Orb.Energy   FragmentType  Coeff.   Orbital     on Fragment
 --------------------------------------------------------------------------------------
     1       1      1.000      -0.244 au  H             1.00      1 S               1
                        (      -6.641 eV)
     2       2       --         0.104 au  H             1.00      2 S               1
                        (       2.836 eV)
     3       3       --         1.564 au  H             1.00      3 S               1
                        (      42.568 eV)
     4       4       --         0.436 au  H             1.00      1 P:x             1
                        (      11.865 eV)
     5       5       --         0.436 au  H             1.00      1 P:y             1
                        (      11.865 eV)
     6       6       --         0.436 au  H             1.00      1 P:z             1
                        (      11.865 eV)
     7       7      1.000      -0.244 au  H             1.00      1 S               2
                        (      -6.641 eV)
     8       8       --         0.104 au  H             1.00      2 S               2
                        (       2.836 eV)
     9       9       --         1.564 au  H             1.00      3 S               2
                        (      42.568 eV)
    10      10       --         0.436 au  H             1.00      1 P:x             2
                        (      11.865 eV)
    11      11       --         0.436 au  H             1.00      1 P:y             2
                        (      11.865 eV)
    12      12       --         0.436 au  H             1.00      1 P:z             2
                        (      11.865 eV)
    13      13      2.000     -10.347 au  C             1.00      1 S               3
                        (    -281.544 eV)
    14      14      2.000      -0.564 au  C             1.00      2 S               3
                        (     -15.345 eV)
    15      15       --         0.402 au  C             1.00      3 S               3
                        (      10.943 eV)
    16      16       --         5.509 au  C             1.00      4 S               3
                        (     149.900 eV)
    17      17       --        50.546 au  C             1.00      5 S               3
                        (    1375.414 eV)
    18      18      0.667      -0.188 au  C             1.00      1 P:x             3
                        (      -5.110 eV)
    19      19       --         0.191 au  C             1.00      2 P:x             3
                        (       5.204 eV)
    20      20       --         2.089 au  C             1.00      3 P:x             3
                        (      56.851 eV)
    21      21      0.667      -0.188 au  C             1.00      1 P:y             3
                        (      -5.110 eV)
    22      22       --         0.191 au  C             1.00      2 P:y             3
                        (       5.204 eV)
    23      23       --         2.089 au  C             1.00      3 P:y             3
                        (      56.851 eV)
    24      24      0.667      -0.188 au  C             1.00      1 P:z             3
                        (      -5.110 eV)
    25      25       --         0.191 au  C             1.00      2 P:z             3
                        (       5.204 eV)
    26      26       --         2.089 au  C             1.00      3 P:z             3
                        (      56.851 eV)
    27      27       --         1.292 au  C             1.00      1 D:z2            3
                        (      35.150 eV)
    28      28       --         1.292 au  C             1.00      1 D:x2-y2         3
                        (      35.150 eV)
    29      29       --         1.292 au  C             1.00      1 D:xy            3
                        (      35.150 eV)
    30      30       --         1.292 au  C             1.00      1 D:xz            3
                        (      35.150 eV)
    31      31       --         1.292 au  C             1.00      1 D:yz            3
                        (      35.150 eV)



 ================================
 (Slater-type)  F U N C T I O N S  ***  (Basis and Fit)  ***
 ================================
  

 Atom Type    1  (H)
 ==============

 Valence Basis Sets:   4
 -----------------------
   1 S    0.690000
   1 S    0.920000
   1 S    1.580000
   2 P    1.250000

 Charge Fitting Sets (for the computation of the Coulomb Potential):  11
 -----------------------------------------------------------------------
   1 S    3.160000
   1 S    2.090000
   1 S    1.380000
   2 S    1.500000
   2 P    4.000000
   2 P    2.650000
   2 P    1.750000
   3 D    4.000000
   3 D    2.500000
   4 F    3.000000
   5 G    4.000000

 Atom Type    2  (C)
 ==============

 Valence Basis Sets:   9
 -----------------------
   1 S    7.680000
   1 S    5.000000
   2 S    1.280000
   2 S    2.100000
   2 S    4.600000
   2 P    0.820000
   2 P    1.480000
   2 P    2.940000
   3 D    2.200000

 Charge Fitting Sets (for the computation of the Coulomb Potential):  22
 -----------------------------------------------------------------------
   1 S   15.360000
   2 S   17.530000
   2 S   12.070000
   2 S    8.310000
   2 S    5.730000
   3 S    5.780000
   3 S    4.220000
   3 S    3.080000
   3 S    2.250000
   3 S    1.640000
   2 P    9.880000
   2 P    5.800000
   3 P    5.050000
   3 P    3.230000
   3 P    2.060000
   3 D    7.200000
   3 D    4.400000
   3 D    2.690000
   3 D    1.640000
   4 F    5.400000
   4 F    3.550000
   5 G    4.500000


 BAS: List of all Elementary Cartesian Basis Functions
 =====================================================

 The numbering in the list below (to the right of the function characteristics) is referred
 to in print-outs of MO eigenvectors and Mulliken populations in the BAS representation
 (as contrasted to the SFO representation).

 Notes:
 1. The functions are characterized by a polynomial prefactor (powers of x,y,z and r) and
    an exponential decay factor alpha.
 2. Since the basis sets are specific for an atom TYPE, the individual functions occur on
    all atoms of that type.
 3. The word 'Core' in the left margin signals that it is a Core Function (CF) : not a
    degree of freedom in the valence set, but only used to ensure orthogonalization of
    the other valence basis functions on the frozen Core Orbitals.


 (power of) X  Y  Z  R     Alpha  on Atom
            ==========     =====     ==========

 H                                    1    2
                                  ---------------------------------------------------------------------------
            0  0  0  0     0.690      1    7
            0  0  0  0     0.920      2    8
            0  0  0  0     1.580      3    9
            1  0  0  0     1.250      4   10
            0  1  0  0     1.250      5   11
            0  0  1  0     1.250      6   12

 C                                    3
                                  ---------------------------------------------------------------------------
            0  0  0  0     7.680     13
            0  0  0  0     5.000     14
            0  0  0  1     1.280     15
            0  0  0  1     2.100     16
            0  0  0  1     4.600     17
            1  0  0  0     0.820     18
            0  1  0  0     0.820     19
            0  0  1  0     0.820     20
            1  0  0  0     1.480     21
            0  1  0  0     1.480     22
            0  0  1  0     1.480     23
            1  0  0  0     2.940     24
            0  1  0  0     2.940     25
            0  0  1  0     2.940     26
            2  0  0  0     2.200     27
            1  1  0  0     2.200     28
            1  0  1  0     2.200     29
            0  2  0  0     2.200     30
            0  1  1  0     2.200     31
            0  0  2  0     2.200     32

 Total number of charge fitting functions (nprimf)       184
 Total number of Cartesian basis functions (naos)         32
 Total number of Cartesian core functions  (ncos)          0

1
 ***************************************************************************************************



                                              ***********************
                                              *  T E C H N I C A L  *
                                              ***********************
  



 =============================================================
 P A R A L L E L I Z A T I O N  and  V E C T O R I Z A T I O N
 =============================================================
  
 Nr of parallel processes:                              128
 Maximum vector length in NumInt loops:                 128



 =====================
 S C F   U P D A T E S
 =====================
  
 Max. nr. of cycles:                               300
 Convergence criterion:                              0.0000010000
   secondary criterion:                              0.0010000000

 Mix parameter (when DIIS does not apply):           0.2000000000
 Mixed ADIIS+SDIIS will be used                  
    Max number of expansion vectors:                10
    Pure ADIIS when Max([F,P]) is above              0.1000000000
    Pure SDIIS when Max([F,P]) is below              0.0010000000
 Automatic ElectronSmearing (in case of problematic SCF convergence) disabled



 =================
 P R E C I S I O N  ***  (General: NumInt, NeglectFunctionTails, ...)  ***
 =================
  

 NumInt:           Target precision:                 4.0000000000
 -------           Initial precision:                4.0000000000
                   Min. precision (optimization):    4.0000000000

 Neglect Functions:          Basis functions:        0.1000000000E-05
 ------------------          Fit functions:          0.1000000000E-05



 ===========================
 L I N E A R   S C A L I N G
 ===========================
  

 Cut-off radii density fit:                        0.1000000000E-07
 Overlap cut-off criterion AO matrix elements:     0.1000000000E-05
 Cut-offs for Coulomb potential and fitted density:0.1000000000E-07
 Cut-off criterion for Coulomb multipole terms:    0.1000000000E-07
 Progressive Convergence parameter:                 0.000000000    
1
 ***************************************************************************************************



                                            ***************************
                                            *  C O M P U T A T I O N  *
                                            ***************************
  

 Number of elements of the density matrix on this node (used, total):       210       528



 ===========================================
 Numerical Integration : Fuzzy Cells (Becke)
 ===========================================
  
 Becke grid quality: NORMAL         
  
 Lebedev angular grid order:             min:  11 max:  23
 Nr. of radial points:                   min:  46 max:  52

 Total nr. of points:      18526
 Nr. of blocks:              145
 Block length:               128
 Nr. of dummy points:         34


 Test of Precision of the Numerical Integration Grid
 ===================================================

 Integral of the Total Core Density:                   0.00000000000000


 -------------------------------------------
  COSMO surface
  Area             =          189.047
  Volume           =          240.398
  Number of Points =          404
 -------------------------------------------



 ========================
 Density Fitting (zlmFit)
 ========================
  
 ZlmFit Fit Quality: NORMAL         
  
 Max L-expansion:                        min:   5 max:   6
 Nr. of radial interpolation points:     min:  36 max:  48



 ======================
 RI Hartree-Fock Scheme
 ======================
  
 Fit Set Quality     : NORMAL
 Threshold Quality   : NORMAL
 Integration Quality : NORMAL
 Fit Generation Method : AUTO
 Response Quality    : DEFAULT
 Is Range Separated  :  F
 
 RIHartreeFock Dependency: number of modified vectors:           0



 =====
 S C F  ***  ScaSCF  ***
 =====
  
 Initial density matrix is calculated as sum of fragments

 CYCLE    1
 SCF Error: norm([F,P])=      1.541280337693, max([F,P])=      0.882058065680
 orbitals (Q,E):
 ---------------
 A :1...14           ( 2.00   -10.4285)  ( 2.00    -0.8241)  ( 2.00    -0.5205)  ( 2.00    -0.3264)
                     ( 0.00    -0.2650)  ( 0.00    -0.0187)  ( 0.00     0.0353)  ( 0.00     0.1290)
                     ( 0.00     0.1368)  ( 0.00     0.1566)  ( 0.00     0.1812)  ( 0.00     0.3288)
                     ( 0.00     0.4414)  ( 0.00     0.4518)

 CYCLE    2
  SDIIS (wt  0.000):  0.0442  0.9558
 A-DIIS (wt  1.000):  0.0000  1.0000
  DIIS coefficients:  0.0000  1.0000
 SCF Error: norm([F,P])=      0.236524771898, max([F,P])=      0.087979551696
 orbitals (Q,E):
 ---------------
 A :1...5            ( 2.00   -10.0726)  ( 2.00    -0.6086)  ( 2.00    -0.3737)  ( 2.00    -0.1923)
                     ( 0.00    -0.0803)

 CYCLE    3
  SDIIS (wt  0.000):  0.0040  0.4922  0.5038
 A-DIIS (wt  1.000):  0.0000  0.4407  0.5593
  DIIS coefficients:  0.0000  0.4407  0.5593
 SCF Error: norm([F,P])=      0.229559821960, max([F,P])=      0.076436535199
 orbitals (Q,E):
 ---------------
 A :1...5            ( 2.00   -10.2558)  ( 2.00    -0.6696)  ( 2.00    -0.4262)  ( 2.00    -0.2548)
                     ( 0.00    -0.1359)

 CYCLE    4
  SDIIS (wt  0.925):  0.0330  0.1251  0.8419
 A-DIIS (wt  0.075):  0.0000  0.0000  1.0000
  DIIS coefficients:  0.0305  0.1158  0.8536
 SCF Error: norm([F,P])=      0.025826538338, max([F,P])=      0.008376362273
 orbitals (Q,E):
 ---------------
 A :1...5            ( 2.00   -10.2378)  ( 2.00    -0.6658)  ( 2.00    -0.4238)  ( 2.00    -0.2502)
                     ( 0.00    -0.1312)

 CYCLE    5
  SDIIS (wt  1.000): -0.0064 -0.0214 -0.0617  1.0895
  DIIS coefficients: -0.0064 -0.0214 -0.0617  1.0895
 SCF Error: norm([F,P])=      0.001927901871, max([F,P])=      0.000707051315
 orbitals (Q,E):
 ---------------
 A :1...5            ( 2.00   -10.2391)  ( 2.00    -0.6659)  ( 2.00    -0.4240)  ( 2.00    -0.2506)
                     ( 0.00    -0.1314)

 CYCLE    6
  SDIIS (wt  1.000): -0.0004 -0.0027 -0.0113  0.0671  0.9473
  DIIS coefficients: -0.0004 -0.0027 -0.0113  0.0671  0.9473
 SCF Error: norm([F,P])=      0.000186687325, max([F,P])=      0.000051302056
 orbitals (Q,E):
 ---------------
 A :1...5            ( 2.00   -10.2392)  ( 2.00    -0.6660)  ( 2.00    -0.4241)  ( 2.00    -0.2507)
                     ( 0.00    -0.1315)

 CYCLE    7
  SDIIS (wt  1.000):  0.0000 -0.0001 -0.0020 -0.0175  0.1186  0.9010
  DIIS coefficients:  0.0000 -0.0001 -0.0020 -0.0175  0.1186  0.9010
 SCF Error: norm([F,P])=      0.000026821645, max([F,P])=      0.000013666132
 orbitals (Q,E):
 ---------------
 A :1...5            ( 2.00   -10.2392)  ( 2.00    -0.6660)  ( 2.00    -0.4241)  ( 2.00    -0.2507)
                     ( 0.00    -0.1315)

 CYCLE    8
  SDIIS (wt  1.000): -0.0000  0.0000  0.0001  0.0004 -0.0112 -0.0312  1.0419
  DIIS coefficients: -0.0000  0.0000  0.0001  0.0004 -0.0112 -0.0312  1.0419
 SCF Error: norm([F,P])=      0.000003029475, max([F,P])=      0.000001094718
 orbitals (Q,E):
 ---------------
 A :1...5            ( 2.00   -10.2392)  ( 2.00    -0.6660)  ( 2.00    -0.4241)  ( 2.00    -0.2507)
                     ( 0.00    -0.1315)

 CYCLE    9
  SDIIS (wt  1.000):  0.0000  0.0000  0.0000  0.0001 -0.0007 -0.0084 -0.0034  1.0123
  DIIS coefficients:  0.0000  0.0000  0.0000  0.0001 -0.0007 -0.0084 -0.0034  1.0123
 SCF Error: norm([F,P])=      0.000000177215, max([F,P])=      0.000000082100
 orbitals (Q,E):
 ---------------
 A :1...5            ( 2.00   -10.2392)  ( 2.00    -0.6660)  ( 2.00    -0.4241)  ( 2.00    -0.2507)
                     ( 0.00    -0.1315)

 SCF CONVERGED
 cosmo_calcen: 0.5 (esolb+esolc) (Hartrees) =   -0.008916

 Solvation energy (screening term,uncorrected) =     -5.594732 kcal/mol

 Solvation energy (dispersion and cavitation terms) =      0.353504 kcal/mol
 Solvation Energy Contributions (Hartrees)
          esola   esolb+esolc
     0.00891577   -0.01783154
 esol last cycle   -0.00891577

 CYCLE   10
1
 ***************************************************************************************************



                                                *******************
                                                *  R E S U L T S  *
                                                *******************
  
  
 Hartree-Fock exchange energy:   -5.78656199851343     
 *** Using FIT density in Focky
  SDIIS (wt  1.000):  0.0000 -0.0000 -0.0000 -0.0000  0.0001  0.0003 -0.0084 -0.0473  1.0554
  DIIS coefficients:  0.0000 -0.0000 -0.0000 -0.0000  0.0001  0.0003 -0.0084 -0.0473  1.0554
 SCF Error: norm([F,P])=      0.000000016425, max([F,P])=      0.000000005288

 Orbital Energies, per Irrep and Spin:
 ======================================
                        Occup              E (au)              E (eV)       Diff (eV) with prev. cycle
                        -----      --------------------        ------       --------------------------
 A
               1        2.000     -0.10239173603207E+02      -278.622               9.80E-08
               2        2.000     -0.66599840601548E+00       -18.123               3.61E-08
               3        2.000     -0.42407809198528E+00       -11.540               1.61E-08
               4        2.000     -0.25069487429786E+00        -6.822              -2.41E-08
               5        0.000     -0.13148151730227E+00        -3.578
               6        0.000      0.28831099216610E-01         0.785
               7        0.000      0.86159201505939E-01         2.345
               8        0.000      0.17477896476011E+00         4.756
               9        0.000      0.18176768430099E+00         4.946
              10        0.000      0.21434249435652E+00         5.833
              11        0.000      0.27565895587437E+00         7.501
              12        0.000      0.42023135620571E+00        11.435
              13        0.000      0.52578339143179E+00        14.307
              14        0.000      0.53044002419656E+00        14.434
  
 HOMO :        4 A                -0.25069487429786E+00
 LUMO :        5 A                -0.13148151730227E+00
  
 cosmo_calcen: 0.5 (esolb+esolc) (Hartrees) =   -0.008916

 Solvation energy (screening term,uncorrected) =     -5.594732 kcal/mol

 Solvation energy (dispersion and cavitation terms) =      0.353504 kcal/mol
 Solvation Energy Contributions (Hartrees)
          esola   esolb+esolc
     0.00891577   -0.01783154
 esol last cycle   -0.00891577


 All Electron Calculation, thus no Orbital Energies of the Core Orbitals are calculated


 Fit test: (difference of exact and fit density, squared integrated, result summed over spins)
         Sum-of-Fragments:                             0.00000000007930
         Orthogonalized Fragments:                     0.00001410771762
         SCF:                                          0.00009925682970



 ==========================
 Electron Density at Nuclei
 ==========================
  
 The electron density is calculated at points on a small sphere around the center of a nucleus.
 The printed electron density is the average electron density on these points.
 The radius of the sphere is the printed approximate finite nuclear radius.

         Atom        Nuclear Radius (Angstrom)             Electron Density (a.u.)
         ----        -------------------------             -----------------------
     1)   H                 0.0000181514                                0.51067
     2)   H                 0.0000181514                                0.51067
     3)   C                 0.0000320678                              126.84700



 =======================================
 M U L L I K E N   P O P U L A T I O N S
 =======================================
  
 The survey below gives for each atom:
 a) the total charge (Z minus electrons)
 b) the net spin polarization (nr of electrons spin-A minus spin-B)
 c) for each spin the atomic electron valence density (integrated) per L-value.

 Atom              Charge    Spin density          S         P         D         F
 ----              ------    ------------       ------    ------    ------    ------
 1 H              -0.0134                       0.9512    0.0622    0.0000    0.0000
 2 H              -0.0134                       0.9512    0.0622    0.0000    0.0000
 3 C               0.0268                       3.4833    2.4642    0.0257    0.0000

 Populations of individual BAS functions
 ----------------------------------------
 1 H           -0.0217  0.6238  0.3490  0.0270  0.0000  0.0353
 2 H           -0.0217  0.6238  0.3490  0.0270  0.0000  0.0353
 3 C            0.4765  1.5287  0.5453  0.9908 -0.0581 -0.1009  0.0000  0.3922  0.8541  0.0000
                0.8592  0.2028  0.0000  0.2568  0.0159 -0.0000  0.0198 -0.0033  0.0000 -0.0067

 Gross Charges per Atom (Z minus electrons)
 ==========================================
            -0.0134   -0.0134    0.0268
 Net Total: -0.00000000


 Atom-Atom Population Matrix (off-diagonal elements not doubled)
 ===============================================================

     1 :     0.7161
     2 :    -0.0834    0.7161
     3 :     0.3807    0.3807    5.2118



 =================================================
 H I R S H F E L D   C H A R G E   A N A L Y S I S
 =================================================
  
 For each fragment: the (numerical) integral of rho(scf) * rho(fragment)/rho(sum-of-fragments)
 (nuclear charges are included, electrons are counted negative)

 The fragments and their ordering are defined in the early G E O M E T R Y output section.
 If you use single-atom fragments, this usually implies that all atoms of the same
 chemical type are grouped together. This may not be the order in which you listed them
 in the input file!

    1  H                         0.0472
    2  H                         0.0472
    3  C                        -0.0944

 Sum of these charges (accuracy NumInt/Tails) =           0.00002165



 =============================
 V O R O N O I   C H A R G E S
 =============================
  
 For each atom: the (numerical) integral of the total electronic charge density in its Voronoi cell,
 i.e. the region of space that is closer to that atom than to any other atom.
 (cf. Wigner-Seitz cells in crystals)

 Within the Voronoi cell the subintegrals over the atomic sphere and the remaining part are evaluated
 separately to give the numbers of electrons (negative charge) in these regions.
 The net total charge in the cell (including the nuclear charge) is also given.

 Values are provided for
    a) the Initial (sum-of-fragments) density
    b) the Orthogonalized-Fragments density
    c) the SCF density
    d) the Voronoi Deformation Density (VDD): the difference SCF-Initial for the complete atomic cell


  Atom                Initial                    OrthFrag                   SCF
             Sphere RestCell NetTotal   Sphere RestCell NetTotal   Sphere RestCell NetTotal      VDD
 -----       ------------------------   ------------------------   ------------------------    -----
    1 H      -0.073   -1.430   -0.503   -0.092   -1.287   -0.379   -0.110   -1.355   -0.465    0.037
    2 H      -0.073   -1.404   -0.477   -0.092   -1.271   -0.363   -0.110   -1.336   -0.447    0.030
    3 C      -2.249   -2.771    0.980   -2.337   -2.921    0.742   -2.273   -2.815    0.912   -0.068
 ---------------------------------------------------------------------------------------------------
 Total NetCharge:               0.000                      0.000                      0.000    0.000
 (accuracy NumInt/Tails)

 Remark: the 'NetTotal' Voronoi charges often do not match the Mulliken and/or Hirshfeld charges very
 well. This is caused by the fact that chemically different atoms are not treated in accordance with
 their relative sizes. (Voronoi cells are defined by boundary planes halfway between the atoms.)
 However, the CHANGES in charge, comparing 'Initial' to 'SCF' for instance, do give a fair indication
 of the flow of charge caused by the relaxation from sum-of-fragments to self-consistency.

 Warning: the absolute accuracy of the VDD charges obtained using the Fuzzy Cells (Becke) integration
 scheme is much poorer than the one obtained with an 'equivalent' Voronoi integration grid. 



 =================================================================
 M U L T I P O L E   D E R I V E D   C H A R G E   A N A L Y S I S
 =================================================================

 This charge analysis uses the atomic multipoles (obtained from the fitted density) up to some level X,
 and reconstructs these multipoles exactly (up to level X) by distributing charges over all atoms.
 This is achieved by using Lagrange multipliers and a weight function to keep the multipoles local.

 Dummy atoms can be included (by setting INCDUM in MDC-block to 1) to obtain a fractional charge.
 This is generally useful and necessary only for small symmetrical molecules, when there are not
 enough degrees of freedom to reconstruct the multipoles.

 Since the atomic multipoles are reconstructed up to level X,
 the molecular multipoles are represented also up to level X.
 The recommended level is to reconstruct up to quadrupole : -> MDC-q charges.

 See: M. Swart, P.Th. van Duijnen, J.G. Snijders, J.Comput.Chem., (2001), p. 79-88.

 ------------------------------------------------------------- 
 Atomic electronic multipole moments from SCF equations (a.u.)
 ------------------------------------------------------------- 

   atom        charge        dip-x     dip-y     dip-z      quad-xx   quad-xy   quad-xz   quad-yy   quad-yz   quad-zz
 --------------------------------------------------------------------------------------------------------------------
    1 H     -0.052020     0.029190 -0.000000 -0.008750     0.161252 -0.000000 -0.136526  0.004799 -0.000000 -0.166051
    2 H     -0.052020    -0.029190  0.000000 -0.008750     0.161252  0.000000  0.136526  0.004799 -0.000000 -0.166052
    3 C      0.104041     0.000000 -0.000000 -1.014938     0.626619  0.000000  0.000000  1.109204 -0.000000 -1.735823

 --------------------------------------- 
 Multipole derived atomic charges (a.u.)
 --------------------------------------- 

 The MDC-m charges are just the Monopole terms in the multipole expansion, while for the MDC-d charges
 also the Dipoles are reconstructed. The usually preferred charges are the MDC-q charges.
 These reconstruct the Monopoles, Dipoles and Quadrupoles (both atomic AND molecular).

        Atom    Level:     MDC-m        MDC-d        MDC-q
 ---------------------------------------------------------
     1     H           -0.052020     0.389031    -0.051752
     2     H           -0.052020     0.389031    -0.051752
     3     C            0.104041    -0.778062     0.103504

 ------------------------------------------------ 
 Average absolute deviations in atomic multipoles
 ------------------------------------------------ 

 Stated here are the average differences between the atomic multipoles
 and the reconstructed atomic multipoles (from the distributed charges).
 If these values are not zero, this means there are not enough degrees of freedom,
 to be able to reconstruct the atomic multipoles. (This usually happens only
 for small and/or highly symmetric molecules). If this is the case, one could add
 dummy atoms as extra point charges (and setting INCDUM in MDC-block to 1).

 Level:                                 MDC-d        MDC-q
 ---------------------------------------------------------
 Charge   (a.u.)                       0.0000       0.0000
 Dipole   (Debye)                      0.0000       0.3402
 Quad.    (a.u.)                       0.3882       0.2198

 --------------------------------------- 
 Represented molecular multipole moments
 --------------------------------------- 

 Given here are the Molecular multipole moments from the atomic charges, and from the Fit Density.
 Note that the atomic charges represent the latter, NOT the ones from the Exact density.

            Q (a.u.)             Dipole moment (Debye)                                          Quadrupole moment (a.u.)
                                 x         y         z              xx        xy        xz        yy        yz        zz
------------------------------------------------------------------------------------------------------------------------
MDC-m         0.0000        0.0000    0.0000    0.3095          0.1601    0.0000   -0.0000    0.6040    0.0000   -0.7641
MDC-d         0.0000        0.0000    0.0000   -2.3147         -1.1971    0.0000   -0.0000   -4.5173    0.0000    5.7144
MDC-q         0.0000        0.0000    0.0000    0.3079          0.1592    0.0000   -0.0000    0.6009    0.0000   -0.7602
 
Fit.Dens.     0.0000        0.0000   -0.0000   -2.3147         -1.9768   -0.0000   -0.0000   -1.6585    0.0000    3.6353



 =============
 Dipole Moment  ***  (Debye)  ***
 =============
  
 Vector   :         0.00000118     -0.00000002     -2.31713498
 Magnitude:         2.31713498

 This molecular dipole moment is calculated with analytic integration



 =========================================
 Quadrupole Moment (Buckingham convention)  ***  (a.u.)  ***
 =========================================
  
      quad-xx        quad-xy        quad-xz        quad-yy        quad-yz        quad-zz
     -1.97807317    -0.00000000    -0.00000189    -1.66320331     0.00000002     3.64127648

 This molecular quadrupole moment is calculated with analytic integration
1



 ===========================
 B O N D I N G   E N E R G Y  ***  (decomposition)  ***
 ===========================
  
*** IMPORTANT NOTE ***

The bond energy is computed as an energy difference between molecule and
fragments. In particular when the fragments are single atoms, they are usually
computed as SPHERICALLY SYMMETRIC and SPIN-RESTRICTED. Obviously, this usually
does NOT represent the true atomic groundstate.

To obtain the 'real' bond energy, (atomic) correction terms must be applied
for the true (multiplet) fragment ground state. See ref: E.J.Baerends,
V.Branchadell, M.Sodupe, Chem.Phys.Lett.265 (1997) 481

General theoretical background on the bond energy decomposition scheme used
here (Morokuma-Ziegler) can be found in the review paper:
F.M. Bickelhaupt and E.J. Baerends,
"Kohn-Sham Density Functional Theory: Predicting and Understanding Chemistry"
In: Rev. Comput. Chem.; Lipkowitz, K. B. and Boyd, D. B., Eds.;
Wiley-VCH: New York, 2000, Vol. 15, 1-86.

Symbols used in the Bickelhaupt-Baerends (BB) paper are given below to make
the direct connection to that paper, where detailed explanations can be found
on the meaning of the various terms.


                                                   hartree              eV         kcal/mol           kJ/mol
                                      --------------------     -----------       ----------      -----------
  pauli hf:                              0.068318773601976          1.8590            42.87           179.37
  elstat hf:                            -0.113201658158323         -3.0804           -71.04          -297.21

Pauli Repulsion
  Kinetic (Delta T^0):                   2.764194473602039         75.2176          1734.56          7257.39
  Delta V^Pauli Coulomb:                -1.181315693648970        -32.1452          -741.29         -3101.54
  Delta V^Pauli Hybrid-X:               -0.262821853891111         -7.1517          -164.92          -690.04
  Delta V^Pauli Hybrid-C:               -0.025815874843174         -0.7025           -16.20           -67.78
  Delta V^Pauli HF-Exchange:            -0.044882884556346         -1.2213           -28.16          -117.84
                                      --------------------     -----------       ----------      -----------
  Total Pauli Repulsion:                 1.249358166662438         33.9968           783.98          3280.19
 (Total Pauli Repulsion =
  Delta E^Pauli in BB paper)

Steric Interaction
  Pauli Repulsion (Delta E^Pauli):       1.249358166662438         33.9968           783.98          3280.19
  Electrostatic Interaction:            -0.161705455205229         -4.4002          -101.47          -424.56
 (Electrostatic Interaction =
  Delta V_elstat in the BB paper)
                                      --------------------     -----------       ----------      -----------
  Total Steric Interaction:              1.087652711457209         29.5965           682.51          2855.63
 (Total Steric Interaction =
  Delta E^0 in the BB paper)

Orbital Interactions
  A:                                    -1.585202936016229        -43.1356          -994.73         -4161.95
  HF orbital correction:                -0.000000000377426         -0.0000            -0.00            -0.00
                                      --------------------     -----------       ----------      -----------
  Total Orbital Interactions:           -1.585202936393655        -43.1356          -994.73         -4161.95

Alternative Decomposition Orb.Int.
  Kinetic:                              -2.255053442539930        -61.3631         -1415.07         -5920.64
  Coulomb:                               0.844214845787327         22.9723           529.75          2216.49
  XC+HF:                                -0.174364339641052         -4.7447          -109.42          -457.79
  XC only:                              -0.047440772895513         -1.2909           -29.77          -124.56
  HF Orbital:                           -0.126923566745539         -3.4538           -79.65          -333.24
                                      --------------------     -----------       ----------      -----------
  Total Orbital Interactions:           -1.585202936393655        -43.1356          -994.73         -4161.95

  Residu (E=Steric+OrbInt+Res):         -0.000007299068077         -0.0002            -0.00            -0.02


  Solvation Energy (el):                -0.008915772191654         -0.2426            -5.59           -23.41

Post-SCF Solvation Energies
  Solvation Energy (cd):                 0.000563344558337          0.0153             0.35             1.48

Total Bonding Energy:                   -0.505909951637841        -13.7665          -317.46         -1328.27


Summary of Bonding Energy (energy terms are taken from the energy decomposition above)
======================================================================================

  Electrostatic Energy:                 -0.161705455205229         -4.4002          -101.47          -424.56
  Kinetic Energy:                        0.509141031062109         13.8544           319.49          1336.75
  Coulomb (Steric+OrbInt) Energy:       -0.337108146929720         -9.1732          -211.54          -885.08
  XC Energy:                            -0.507884952931683        -13.8203          -318.70         -1333.45
  Solvation:                            -0.008352427633318         -0.2273            -5.24           -21.93
                                      --------------------     -----------       ----------      -----------
  Total Bonding Energy:                 -0.505909951637841        -13.7665          -317.46         -1328.27


Correction terms (incorporated in energies above; only for test purposes):

1. Indication of fit-quality: 1st-order fit-correction used in the energy (hartree):   0.0000844688
2. Electrostatic (Fit correction):   0.0000000000
1



 =======================================================
 S F O   P O P U L A T I O N S ,   M O   A N A L Y S I S
 =======================================================
  
 A Mulliken population analysis is performed on (input-)selected MOs. All populations refer to SFOs.
 BAS populations may have been printed directly after the SCF part.


                                       === A ===


 SFO contributions (%) per orbital
 (multiplication by the orbital occupation yields the SFO Gross Populations)

 Orb.:        1      2      3      4      5      6      7      8
 occup:     2.00   2.00   2.00   2.00   0.00   0.00   0.00   0.00
 CF+SFO     ----   ----   ----   ----   ----   ----   ----   ----
 ------
      1:    0.01  19.01  23.96   2.26   0.00  23.26  32.92  -2.79
      2:   -0.00  -0.32   1.43   1.32   0.00  37.01  29.16  -0.33
      3:    0.00  -0.35   0.16   0.07  -0.00  -1.32   2.85  -2.81
      4:    0.01   1.64  -0.46   0.16  -0.00   0.22   0.00  -1.44
      5:    0.00   0.00  -0.00   0.00   2.89   0.00  -0.00   0.00
      7:    0.01  19.01  23.96   2.26   0.00  23.26  32.92  -2.79
      8:   -0.00  -0.32   1.43   1.32   0.00  37.01  29.16  -0.33
      9:    0.00  -0.35   0.16   0.07  -0.00  -1.32   2.85  -2.81
     10:    0.01   1.64  -0.46   0.16  -0.00   0.22   0.00  -1.44
     11:    0.00  -0.00   0.00   0.00   2.89   0.00   0.00  -0.00
     13:   99.96   0.00  -0.00   0.00   0.00  -0.01  -0.00   0.01
     14:   -0.00  55.20   0.00  19.58  -0.00   2.16   0.00  11.00
     15:    0.00  -0.41   0.00  -0.16  -0.00 -18.61  -0.00  -8.80
     18:    0.00  -0.00  47.90   0.00  -0.00   0.00   0.54   0.00
     19:    0.00  -0.00   0.27  -0.00  -0.00  -0.00 -31.54   0.00
     21:   -0.00   0.00   0.00   0.00  93.80   0.00   0.00   0.00
     24:    0.00   4.23   0.00  71.22   0.00   0.31   0.00   2.93
     25:    0.00   0.15  -0.00  -0.05   0.00  -2.73   0.00 109.76


 Summation over all MOs, multiplied by occupation: Total SFO Gross Populations in this Irrep
 ===========================================================================================

     0.90    0.05   -0.00    0.03    0.00    0.04    0.90    0.05   -0.00    0.03    0.00    0.04
     2.00    1.50   -0.01   -0.00   -0.00    0.96    0.01   -0.01    0.00    0.00    0.00    1.51
     0.00   -0.00    0.00    0.00   -0.00    0.02    0.00



 List of selected MOs, ordered by energy, with the most significant SFO gross populations
 ========================================================================================

 Each percentage contribution in the table below corres ponds to the indicated SFO.
 In general, a SFO may be a linear combination of several Fragment Orbitals on the same,
 or on symmetry-related Fragments. Only the first 'member' of such a combination is
 specified here. A full definition of all SFOs is given in an earlier part of the output.
 The numbering of the SFOs in this table does NOT include the Core Orbitals, and starts
 from one for each symmetry representation, as in the SFO definition list earlier.

       E(eV)  Occ       MO           %     SFO (first member)   E(eV)  Occ   Fragment
 -------------------------------------------------------------------------------------

     -18.123  2.00     2 A         55.20%     2 S             -15.345  2.00     3 C
                                   19.01%     1 S              -6.641  1.00     1 H
                                   19.01%     1 S              -6.641  1.00     2 H
                                    4.23%     1 P:z            -5.110  0.67     3 C
                                    1.64%     1 P:x            11.865  0.00     1 H
                                    1.64%     1 P:x            11.865  0.00     2 H
     -11.540  2.00     3 A         47.90%     1 P:x            -5.110  0.67     3 C
                                   23.96%     1 S              -6.641  1.00     1 H
                                   23.96%     1 S              -6.641  1.00     2 H
                                    1.43%     2 S               2.836  0.00     2 H
                                    1.43%     2 S               2.836  0.00     1 H
      -6.822  2.00     4 A         71.22%     1 P:z            -5.110  0.67     3 C
                                   19.58%     2 S             -15.345  2.00     3 C
                                    2.26%     1 S              -6.641  1.00     2 H
                                    2.26%     1 S              -6.641  1.00     1 H
                                    1.32%     2 S               2.836  0.00     1 H
                                    1.32%     2 S               2.836  0.00     2 H
      -3.578  0.00     5 A         93.80%     1 P:y            -5.110  0.67     3 C
                                    2.89%     1 P:y            11.865  0.00     1 H
                                    2.89%     1 P:y            11.865  0.00     2 H
       0.785  0.00     6 A         37.01%     2 S               2.836  0.00     2 H
                                   37.01%     2 S               2.836  0.00     1 H
                                   23.26%     1 S              -6.641  1.00     2 H
                                   23.26%     1 S              -6.641  1.00     1 H
                                  -18.61%     3 S              10.943  0.00     3 C
                                   -2.73%     2 P:z             5.204  0.00     3 C
                                    2.16%     2 S             -15.345  2.00     3 C
                                   -1.32%     3 S              42.568  0.00     2 H
                                   -1.32%     3 S              42.568  0.00     1 H



 =======================================================================
 Electrostatic potential at the Nuclei due to electrons and other nuclei
 =======================================================================
  
         Atom                  Potential
         ----                  ---------
     1)   H                   1.06935793
     2)   H                   1.06935794
     3)   C                  14.72363417
 Mulliken charges used for AMS results%charges...


    =====================
     CALCULATION RESULTS
    =====================

Energy (hartree)            -0.50590995


--------------
Atomic charges
--------------
  Index   Atom    Charge
      1      H   -0.0134
      2      H   -0.0134
      3      C    0.0268


Dipole moment vector    (Debye):     0.00000118   -0.00000002   -2.31713498
              magnitude (Debye):     2.31713498


-----------------------
Molecular orbitals info
-----------------------
n orbitals:               31
n spin:                    1

Note: only printing virtual orbitals with
      energy smaller than HOMO + 100. eV

HOMO (eV):              -6.8218
LUMO (eV):              -3.5778
HOMO-LUMO gap (eV):      3.2440

   Index   Energy (eV)    Occupation
      27       64.0940         0.000       
      26       61.6767         0.000       
      25       58.0170         0.000       
      24       57.8621         0.000       
      23       55.2507         0.000       
      22       48.2618         0.000       
      21       45.6771         0.000       
      20       44.5136         0.000       
      19       33.7659         0.000       
      18       33.1227         0.000       
      17       24.0795         0.000       
      16       20.5555         0.000       
      15       18.3125         0.000       
      14       14.4340         0.000       
      13       14.3073         0.000       
      12       11.4351         0.000       
      11        7.5011         0.000       
      10        5.8326         0.000       
       9        4.9462         0.000       
       8        4.7560         0.000       
       7        2.3445         0.000       
       6        0.7845         0.000       
       5       -3.5778         0.000 < LUMO
       4       -6.8218         2.000 < HOMO
       3      -11.5398         2.000       
       2      -18.1227         2.000       
       1     -278.6221         2.000       

AMS application finished. Exiting.
NORMAL TERMINATION
     Total cpu time:       3.21
  Total system time:      22.05
 Total elapsed time:      29.37
