

 Parallel Execution: Process Information
 ==============================================================================
 Rank   Node Name                              NodeID   MyNodeRank  NodeMaster
    0   c003                                      0          0          0
    1   c003                                      1          0          1
    2   c003                                      0          1         -1
    3   c003                                      1          1         -1
    4   c003                                      0          2         -1
    5   c003                                      1          2         -1
    6   c003                                      0          3         -1
    7   c003                                      1          3         -1
    8   c003                                      0          4         -1
    9   c003                                      1          4         -1
   10   c003                                      0          5         -1
   11   c003                                      1          5         -1
   12   c003                                      0          6         -1
   13   c003                                      1          6         -1
   14   c003                                      0          7         -1
   15   c003                                      1          7         -1
   16   c003                                      0          8         -1
   17   c003                                      1          8         -1
   18   c003                                      0          9         -1
   19   c003                                      1          9         -1
   20   c003                                      0         10         -1
   21   c003                                      1         10         -1
   22   c003                                      0         11         -1
   23   c003                                      1         11         -1
   24   c003                                      0         12         -1
   25   c003                                      1         12         -1
   26   c003                                      0         13         -1
   27   c003                                      1         13         -1
   28   c003                                      0         14         -1
   29   c003                                      1         14         -1
   30   c003                                      0         15         -1
   31   c003                                      1         15         -1
   32   c003                                      2          0          2
   33   c003                                      3          0          3
   34   c003                                      2          1         -1
   35   c003                                      3          1         -1
   36   c003                                      2          2         -1
   37   c003                                      3          2         -1
   38   c003                                      2          3         -1
   39   c003                                      3          3         -1
   40   c003                                      2          4         -1
   41   c003                                      3          4         -1
   42   c003                                      2          5         -1
   43   c003                                      3          5         -1
   44   c003                                      2          6         -1
   45   c003                                      3          6         -1
   46   c003                                      2          7         -1
   47   c003                                      3          7         -1
   48   c003                                      2          8         -1
   49   c003                                      3          8         -1
   50   c003                                      2          9         -1
   51   c003                                      3          9         -1
   52   c003                                      2         10         -1
   53   c003                                      3         10         -1
   54   c003                                      2         11         -1
   55   c003                                      3         11         -1
   56   c003                                      2         12         -1
   57   c003                                      3         12         -1
   58   c003                                      2         13         -1
   59   c003                                      3         13         -1
   60   c003                                      2         14         -1
   61   c003                                      3         14         -1
   62   c003                                      2         15         -1
   63   c003                                      3         15         -1
   64   c003                                      4          0          4
   65   c003                                      5          0          5
   66   c003                                      4          1         -1
   67   c003                                      5          1         -1
   68   c003                                      4          2         -1
   69   c003                                      5          2         -1
   70   c003                                      4          3         -1
   71   c003                                      5          3         -1
   72   c003                                      4          4         -1
   73   c003                                      5          4         -1
   74   c003                                      4          5         -1
   75   c003                                      5          5         -1
   76   c003                                      4          6         -1
   77   c003                                      5          6         -1
   78   c003                                      4          7         -1
   79   c003                                      5          7         -1
   80   c003                                      4          8         -1
   81   c003                                      5          8         -1
   82   c003                                      4          9         -1
   83   c003                                      5          9         -1
   84   c003                                      4         10         -1
   85   c003                                      5         10         -1
   86   c003                                      4         11         -1
   87   c003                                      5         11         -1
   88   c003                                      4         12         -1
   89   c003                                      5         12         -1
   90   c003                                      4         13         -1
   91   c003                                      5         13         -1
   92   c003                                      4         14         -1
   93   c003                                      5         14         -1
   94   c003                                      4         15         -1
   95   c003                                      5         15         -1
   96   c003                                      6          0          6
   97   c003                                      7          0          7
   98   c003                                      6          1         -1
   99   c003                                      7          1         -1
  100   c003                                      6          2         -1
  101   c003                                      7          2         -1
  102   c003                                      6          3         -1
  103   c003                                      7          3         -1
  104   c003                                      6          4         -1
  105   c003                                      7          4         -1
  106   c003                                      6          5         -1
  107   c003                                      7          5         -1
  108   c003                                      6          6         -1
  109   c003                                      7          6         -1
  110   c003                                      6          7         -1
  111   c003                                      7          7         -1
  112   c003                                      6          8         -1
  113   c003                                      7          8         -1
  114   c003                                      6          9         -1
  115   c003                                      7          9         -1
  116   c003                                      6         10         -1
  117   c003                                      7         10         -1
  118   c003                                      6         11         -1
  119   c003                                      7         11         -1
  120   c003                                      6         12         -1
  121   c003                                      7         12         -1
  122   c003                                      6         13         -1
  123   c003                                      7         13         -1
  124   c003                                      6         14         -1
  125   c003                                      7         14         -1
  126   c003                                      6         15         -1
  127   c003                                      7         15         -1
 ==============================================================================


May use up to 14980MB of RAM as shared memory on node 0
May use up to 15372MB of RAM as shared memory on node 6
May use up to 15377MB of RAM as shared memory on node 7
May use up to 15377MB of RAM as shared memory on node 1
May use up to 15359MB of RAM as shared memory on node 2
May use up to 15377MB of RAM as shared memory on node 3
May use up to 15377MB of RAM as shared memory on node 5
May use up to 15377MB of RAM as shared memory on node 4

 *******************************************************************************
 *                                                                             *
 *  --------------------------------                                           *
 *   Amsterdam Modeling Suite (AMS)              2023.104                      *
 *  --------------------------------                                           *
 *                                               r115785 2023-10-06            *
 *                                                                             *
 *                                                                             *
 *                              =================                              *
 *                              |               |                              *
 *                              |     A M S     |                              *
 *                              |               |                              *
 *                              =================                              *
 *                                                                             *
 *                                                                             *
 *   Online information and documentation:  https://www.scm.com/support/       *
 *   E-mail:  support@scm.com   info@scm.com                                   *
 *                                                                             *
 *   Scientific publications using AMS results must be properly referenced     *
 *   See the User Manuals (or the web site) for recommended citations          *
 *   The terms and conditions of the End User License Agreement apply to       *
 *   the use of AMS, https://www.scm.com/license-terms/                        *
 *                                                                             *
 **********************  x86_64_linux_intel / intelmpi  ************************
 
 Licensed to: Dr. Amanda Morgenstern / University of Colorado / Colorado Springs / Colorado / USA 2024-12-20 19:21:38
 SCM User ID: u21568
  
 AMS 2023.104  RunTime: Mar06-2025 11:28:23  ShM Nodes: 8  Procs: 128

 AMS jobname: TETSHplus_B3LYP_TZP_gas_frag_neutral.CH2
 AMS jobid  : 1053156120

 Start   directory: /home/amorgens/adf_calcs/tetramine/final_ams_calcs/fragments/
 Results directory: /home/amorgens/adf_calcs/tetramine/final_ams_calcs/fragments/TETSHplus_B3LYP_TZP_gas_frag_neutral.CH2.results/
 Scratch directory: /tmp/amstmp_TETSHplus_B3LYP_TZP_gas_frag_neutral.CH2_kid0.1053156120/


 Communication costs MPI_COMM_WORLD:      4.583 usec per message,   0.0418 usec per 8-byte item
 Communication costs for intra-node:      1.656 usec per message,   0.0066 usec per 8-byte item

 RNG seed: 2146769627 -950853003 1891810059 -60175043 1372187083 1514165221 -1883317453 -1255718246



                     **************************************************************************
                     *  ADF 2023.104  RunTime: Mar06-2025 11:28:25  ShM Nodes: 8  Procs: 128  *
                     **************************************************************************
  
 Geometry symmetrized to: Cs
 Geometry reoriented with symmetry: C(S)

       ****************************
       * SINGLE POINT CALCULATION *
       ****************************
 
--------
Geometry
--------
Formula: CH2
Atoms
  Index Symbol   x (angstrom)   y (angstrom)   z (angstrom)
      1      H     0.10604968     2.50234489     0.00000000       region=CH2
      2      C    -0.53674568     1.62647687     0.00000000       region=CH2
      3      H    -1.58522346     1.91457648     0.00000000       region=CH2
 
Total System Charge             0.00000
Bonding info available!
 
 
----------------
ADF Engine Input
----------------
 
 Basis
 Type TZP
 Core None
 End
 XC
 Hybrid B3LYP
 End
 Title CH2 fragment
 Relativity
 Level None
 End
 Symmetry NOSYM
 NOSYMFIT
 

 Title: CH2 fragment

 *** adf ***



 ===========================
 A T T A C H E D   F I L E S
 ===========================
  



 ===============================
 M O D E L   P A R A M E T E R S
 ===============================
  
 DENSITY FUNCTIONAL POTENTIAL (scf)
    Hybrid:                            B3LYP                                   == Not Default ==

 SPIN  (restricted / unrestr.)
    Molecule:                          Restricted                               
    Fragments:                         Restricted                               

 OTHER ASPECTS
    Relativistic Corrections:          ---                                     == Not Default ==

    Nuclear Charge Density Model:      Point Charge Nuclei                      
    Core Treatment:                    Frozen Orbital(s)                        

    Hyperfine or Zeeman Interaction:   ---                                      


 Fragment File(s)
 ----------------
 H:
         file : /home/amorgens/adf_calcs/tetramine/final_ams_calcs/fragments/TETSHplus_B3LYP_TZP_gas_frag_neutral.CH2.results/t21.3526984.H
         jobid: 0
         title: Hydrogen (TZP)
 C:
         file : /home/amorgens/adf_calcs/tetramine/final_ams_calcs/fragments/TETSHplus_B3LYP_TZP_gas_frag_neutral.CH2.results/t21.28079B0C.C
         jobid: 0
         title: Carbon (TZP)



 ===============
 G E O M E T R Y  ***  Planar Molecule  ***
 ===============
  

 ATOMS
 =====                            X Y Z                    CHARGE
                                (Angstrom)             Nucl     +Core       At.Mass
                       --------------------------    ----------------       -------
    1  H               0.1060    2.5023    0.0000      1.00      1.00        1.0078
    2  C              -0.5367    1.6265    0.0000      6.00      6.00       12.0000
    3  H              -1.5852    1.9146    0.0000      1.00      1.00        1.0078


 FRAGMENTS
 =========                                     Atoms in this Fragment     Cart. coord.s (Angstrom)
                                               -------------------------------------------------------
    1  H                                                 1  H            0.1060    2.5023    0.0000
    2  H                                                 3  H           -1.5852    1.9146    0.0000
    3  C                                                 2  C           -0.5367    1.6265    0.0000


 Interatomic Distance Matrix (Angstrom)
 --------------------------------------

   1)     0.000
   2)     1.086   0.000
   3)     1.790   1.087   0.000

 Min. Distance =    1.0864
 Max. Distance =    1.7905



 =====================================
 S Y M M E T R Y ,   E L E C T R O N S
 =====================================
  
 Symmetry: NOSYM

 Irreducible Representations, including subspecies
 -------------------------------------------------
 A

 Symmetry is NOT used when fitting density


 Configuration of Valence Electrons
 ==================================
 ( determined in the SCF procedure )

 Total:   8

 Net Charge: 0 (Nuclei minus Electrons)

 Aufbau principle for MO occupations will be applied through SCF cycle no.     150
 Thereafter, the program will assign electrons to MOs that are spatially
 similar to the occupied MOs in a "reference" cycle ("KeepOrbitals").
 The reference cycle is always the PREVIOUS cycle: it will evolve with
 the SCF procedure.
1
 ***************************************************************************************************



                                      ****************************************
                                      *  B U I L D : (Fragments, Functions)  *
                                      ****************************************
  



 =======
 S F O s  ***  (Symmetrized Fragment Orbitals)  ***
 =======
  
 SFOs are linear combinations of (valence) Fragment Orbitals (FOs), such that the SFOs transform as the
 irreducible representations of the (molecular) symmetry group. Each SFO is therefore characterized by
 an irrep of the molecule and by a few (or only one) generating FOs.
 The SFOs constitute a symmetry-adapted basis for the Fock matrix. The MO eigenvector coefficients in
 this basis provide a direct interpretation of the MOs in terms of Frontier Orbital Theory.

 The SFOs are combined with auxiliary Core Functions (CFs) to ensure orthogonalization on the (frozen)
 Core Orbitals (COs). The Core-orthogonalized SFOs (CSFOs) constitute the true Fock basis.

 The FOs, and hence also the (C)SFOs are combinations of the elementary basis functions (BAS). The basis
 functions that participate in the description of the SFOs depend on the irrep. The indices of the
 involved functions are printed below for each irrep.
 (The complete list of primitive basis functions is printed in another section)

 Total nr. of (C)SFOs (summation over all irreps) :    31

 NOTE: a (C)SFO that is defined as a combination of more than one FO is usually NOT normalized.



                                       === A ===
 Nr. of SFOs :   31
 Cartesian basis functions that participate in this irrep (total number =    32) :
      1     2     3     4     5     6     7     8     9    10
     11    12    13    14    15    16    17    18    21    24
     19    22    25    20    23    26    27    28    29    30
     31    32

    SFO  (index         Fragment          Generating    Expansion in Fragment Orbitals
  indx  incl.CFs)   Occup   Orb.Energy   FragmentType  Coeff.   Orbital     on Fragment
 --------------------------------------------------------------------------------------
     1       1      1.000      -0.244 au  H             1.00      1 S               1
                        (      -6.641 eV)
     2       2       --         0.104 au  H             1.00      2 S               1
                        (       2.836 eV)
     3       3       --         1.564 au  H             1.00      3 S               1
                        (      42.568 eV)
     4       4       --         0.436 au  H             1.00      1 P:x             1
                        (      11.865 eV)
     5       5       --         0.436 au  H             1.00      1 P:y             1
                        (      11.865 eV)
     6       6       --         0.436 au  H             1.00      1 P:z             1
                        (      11.865 eV)
     7       7      1.000      -0.244 au  H             1.00      1 S               2
                        (      -6.641 eV)
     8       8       --         0.104 au  H             1.00      2 S               2
                        (       2.836 eV)
     9       9       --         1.564 au  H             1.00      3 S               2
                        (      42.568 eV)
    10      10       --         0.436 au  H             1.00      1 P:x             2
                        (      11.865 eV)
    11      11       --         0.436 au  H             1.00      1 P:y             2
                        (      11.865 eV)
    12      12       --         0.436 au  H             1.00      1 P:z             2
                        (      11.865 eV)
    13      13      2.000     -10.347 au  C             1.00      1 S               3
                        (    -281.544 eV)
    14      14      2.000      -0.564 au  C             1.00      2 S               3
                        (     -15.345 eV)
    15      15       --         0.402 au  C             1.00      3 S               3
                        (      10.943 eV)
    16      16       --         5.509 au  C             1.00      4 S               3
                        (     149.900 eV)
    17      17       --        50.546 au  C             1.00      5 S               3
                        (    1375.414 eV)
    18      18      0.667      -0.188 au  C             1.00      1 P:x             3
                        (      -5.110 eV)
    19      19       --         0.191 au  C             1.00      2 P:x             3
                        (       5.204 eV)
    20      20       --         2.089 au  C             1.00      3 P:x             3
                        (      56.851 eV)
    21      21      0.667      -0.188 au  C             1.00      1 P:y             3
                        (      -5.110 eV)
    22      22       --         0.191 au  C             1.00      2 P:y             3
                        (       5.204 eV)
    23      23       --         2.089 au  C             1.00      3 P:y             3
                        (      56.851 eV)
    24      24      0.667      -0.188 au  C             1.00      1 P:z             3
                        (      -5.110 eV)
    25      25       --         0.191 au  C             1.00      2 P:z             3
                        (       5.204 eV)
    26      26       --         2.089 au  C             1.00      3 P:z             3
                        (      56.851 eV)
    27      27       --         1.292 au  C             1.00      1 D:z2            3
                        (      35.150 eV)
    28      28       --         1.292 au  C             1.00      1 D:x2-y2         3
                        (      35.150 eV)
    29      29       --         1.292 au  C             1.00      1 D:xy            3
                        (      35.150 eV)
    30      30       --         1.292 au  C             1.00      1 D:xz            3
                        (      35.150 eV)
    31      31       --         1.292 au  C             1.00      1 D:yz            3
                        (      35.150 eV)



 ================================
 (Slater-type)  F U N C T I O N S  ***  (Basis and Fit)  ***
 ================================
  

 Atom Type    1  (H)
 ==============

 Valence Basis Sets:   4
 -----------------------
   1 S    0.690000
   1 S    0.920000
   1 S    1.580000
   2 P    1.250000

 Charge Fitting Sets (for the computation of the Coulomb Potential):  11
 -----------------------------------------------------------------------
   1 S    3.160000
   1 S    2.090000
   1 S    1.380000
   2 S    1.500000
   2 P    4.000000
   2 P    2.650000
   2 P    1.750000
   3 D    4.000000
   3 D    2.500000
   4 F    3.000000
   5 G    4.000000

 Atom Type    2  (C)
 ==============

 Valence Basis Sets:   9
 -----------------------
   1 S    7.680000
   1 S    5.000000
   2 S    1.280000
   2 S    2.100000
   2 S    4.600000
   2 P    0.820000
   2 P    1.480000
   2 P    2.940000
   3 D    2.200000

 Charge Fitting Sets (for the computation of the Coulomb Potential):  22
 -----------------------------------------------------------------------
   1 S   15.360000
   2 S   17.530000
   2 S   12.070000
   2 S    8.310000
   2 S    5.730000
   3 S    5.780000
   3 S    4.220000
   3 S    3.080000
   3 S    2.250000
   3 S    1.640000
   2 P    9.880000
   2 P    5.800000
   3 P    5.050000
   3 P    3.230000
   3 P    2.060000
   3 D    7.200000
   3 D    4.400000
   3 D    2.690000
   3 D    1.640000
   4 F    5.400000
   4 F    3.550000
   5 G    4.500000


 BAS: List of all Elementary Cartesian Basis Functions
 =====================================================

 The numbering in the list below (to the right of the function characteristics) is referred
 to in print-outs of MO eigenvectors and Mulliken populations in the BAS representation
 (as contrasted to the SFO representation).

 Notes:
 1. The functions are characterized by a polynomial prefactor (powers of x,y,z and r) and
    an exponential decay factor alpha.
 2. Since the basis sets are specific for an atom TYPE, the individual functions occur on
    all atoms of that type.
 3. The word 'Core' in the left margin signals that it is a Core Function (CF) : not a
    degree of freedom in the valence set, but only used to ensure orthogonalization of
    the other valence basis functions on the frozen Core Orbitals.


 (power of) X  Y  Z  R     Alpha  on Atom
            ==========     =====     ==========

 H                                    1    2
                                  ---------------------------------------------------------------------------
            0  0  0  0     0.690      1    7
            0  0  0  0     0.920      2    8
            0  0  0  0     1.580      3    9
            1  0  0  0     1.250      4   10
            0  1  0  0     1.250      5   11
            0  0  1  0     1.250      6   12

 C                                    3
                                  ---------------------------------------------------------------------------
            0  0  0  0     7.680     13
            0  0  0  0     5.000     14
            0  0  0  1     1.280     15
            0  0  0  1     2.100     16
            0  0  0  1     4.600     17
            1  0  0  0     0.820     18
            0  1  0  0     0.820     19
            0  0  1  0     0.820     20
            1  0  0  0     1.480     21
            0  1  0  0     1.480     22
            0  0  1  0     1.480     23
            1  0  0  0     2.940     24
            0  1  0  0     2.940     25
            0  0  1  0     2.940     26
            2  0  0  0     2.200     27
            1  1  0  0     2.200     28
            1  0  1  0     2.200     29
            0  2  0  0     2.200     30
            0  1  1  0     2.200     31
            0  0  2  0     2.200     32

 Total number of charge fitting functions (nprimf)       184
 Total number of Cartesian basis functions (naos)         32
 Total number of Cartesian core functions  (ncos)          0

1
 ***************************************************************************************************



                                              ***********************
                                              *  T E C H N I C A L  *
                                              ***********************
  



 =============================================================
 P A R A L L E L I Z A T I O N  and  V E C T O R I Z A T I O N
 =============================================================
  
 Nr of parallel processes:                              128
 Maximum vector length in NumInt loops:                 128



 =====================
 S C F   U P D A T E S
 =====================
  
 Max. nr. of cycles:                               300
 Convergence criterion:                              0.0000010000
   secondary criterion:                              0.0010000000

 Mix parameter (when DIIS does not apply):           0.2000000000
 Mixed ADIIS+SDIIS will be used                  
    Max number of expansion vectors:                10
    Pure ADIIS when Max([F,P]) is above              0.1000000000
    Pure SDIIS when Max([F,P]) is below              0.0010000000
 Automatic ElectronSmearing (in case of problematic SCF convergence) disabled



 =================
 P R E C I S I O N  ***  (General: NumInt, NeglectFunctionTails, ...)  ***
 =================
  

 NumInt:           Target precision:                 4.0000000000
 -------           Initial precision:                4.0000000000
                   Min. precision (optimization):    4.0000000000

 Neglect Functions:          Basis functions:        0.1000000000E-05
 ------------------          Fit functions:          0.1000000000E-05



 ===========================
 L I N E A R   S C A L I N G
 ===========================
  

 Cut-off radii density fit:                        0.1000000000E-07
 Overlap cut-off criterion AO matrix elements:     0.1000000000E-05
 Cut-offs for Coulomb potential and fitted density:0.1000000000E-07
 Cut-off criterion for Coulomb multipole terms:    0.1000000000E-07
 Progressive Convergence parameter:                 0.000000000    
1
 ***************************************************************************************************



                                            ***************************
                                            *  C O M P U T A T I O N  *
                                            ***************************
  

 Number of elements of the density matrix on this node (used, total):       210       528



 ===========================================
 Numerical Integration : Fuzzy Cells (Becke)
 ===========================================
  
 Becke grid quality: NORMAL         
  
 Lebedev angular grid order:             min:  11 max:  23
 Nr. of radial points:                   min:  46 max:  52

 Total nr. of points:      18525
 Nr. of blocks:              145
 Block length:               128
 Nr. of dummy points:         35


 Test of Precision of the Numerical Integration Grid
 ===================================================

 Integral of the Total Core Density:                   0.00000000000000



 ========================
 Density Fitting (zlmFit)
 ========================
  
 ZlmFit Fit Quality: NORMAL         
  
 Max L-expansion:                        min:   5 max:   6
 Nr. of radial interpolation points:     min:  36 max:  48



 ======================
 RI Hartree-Fock Scheme
 ======================
  
 Fit Set Quality     : NORMAL
 Threshold Quality   : NORMAL
 Integration Quality : NORMAL
 Fit Generation Method : AUTO
 Response Quality    : DEFAULT
 Is Range Separated  :  F
 
 RIHartreeFock Dependency: number of modified vectors:           0



 =====
 S C F  ***  ScaSCF  ***
 =====
  
 Initial density matrix is calculated as sum of fragments

 CYCLE    1
 SCF Error: norm([F,P])=      1.538935982093, max([F,P])=      0.881246925013
 orbitals (Q,E):
 ---------------
 A :1...14           ( 2.00   -10.4284)  ( 2.00    -0.8234)  ( 2.00    -0.5210)  ( 2.00    -0.3258)
                     ( 0.00    -0.2649)  ( 0.00    -0.0187)  ( 0.00     0.0352)  ( 0.00     0.1295)
                     ( 0.00     0.1369)  ( 0.00     0.1566)  ( 0.00     0.1799)  ( 0.00     0.3288)
                     ( 0.00     0.4434)  ( 0.00     0.4510)

 CYCLE    2
  SDIIS (wt  0.000):  0.0457  0.9543
 A-DIIS (wt  1.000):  0.0000  1.0000
  DIIS coefficients:  0.0000  1.0000
 SCF Error: norm([F,P])=      0.244076173781, max([F,P])=      0.077593217110
 orbitals (Q,E):
 ---------------
 A :1...5            ( 2.00   -10.0733)  ( 2.00    -0.6183)  ( 2.00    -0.3849)  ( 2.00    -0.1831)
                     ( 0.00    -0.0848)

 CYCLE    3
  SDIIS (wt  0.000):  0.0045  0.4980  0.4976
 A-DIIS (wt  1.000):  0.0000  0.4734  0.5266
  DIIS coefficients:  0.0000  0.4734  0.5266
 SCF Error: norm([F,P])=      0.242545631305, max([F,P])=      0.091793653414
 orbitals (Q,E):
 ---------------
 A :1...5            ( 2.00   -10.2525)  ( 2.00    -0.6763)  ( 2.00    -0.4341)  ( 2.00    -0.2476)
                     ( 0.00    -0.1410)

 CYCLE    4
  SDIIS (wt  0.951):  0.0343  0.0847  0.8810
 A-DIIS (wt  0.049):  0.0000  0.0000  1.0000
  DIIS coefficients:  0.0326  0.0806  0.8868
 SCF Error: norm([F,P])=      0.014755896611, max([F,P])=      0.005807315739
 orbitals (Q,E):
 ---------------
 A :1...5            ( 2.00   -10.2429)  ( 2.00    -0.6749)  ( 2.00    -0.4340)  ( 2.00    -0.2458)
                     ( 0.00    -0.1386)

 CYCLE    5
  SDIIS (wt  1.000): -0.0020 -0.0026  0.0253  0.9793
  DIIS coefficients: -0.0020 -0.0026  0.0253  0.9793
 SCF Error: norm([F,P])=      0.000605563894, max([F,P])=      0.000249548393
 orbitals (Q,E):
 ---------------
 A :1...5            ( 2.00   -10.2431)  ( 2.00    -0.6749)  ( 2.00    -0.4339)  ( 2.00    -0.2459)
                     ( 0.00    -0.1386)

 CYCLE    6
  SDIIS (wt  1.000): -0.0000 -0.0001 -0.0008 -0.0098  1.0108
  DIIS coefficients: -0.0000 -0.0001 -0.0008 -0.0098  1.0108
 SCF Error: norm([F,P])=      0.000027265728, max([F,P])=      0.000007902157
 orbitals (Q,E):
 ---------------
 A :1...5            ( 2.00   -10.2432)  ( 2.00    -0.6749)  ( 2.00    -0.4339)  ( 2.00    -0.2459)
                     ( 0.00    -0.1386)

 CYCLE    7
  SDIIS (wt  1.000): -0.0000 -0.0000 -0.0010 -0.0108  0.1861  0.8258
  DIIS coefficients: -0.0000 -0.0000 -0.0010 -0.0108  0.1861  0.8258
 SCF Error: norm([F,P])=      0.000006685201, max([F,P])=      0.000002351390
 orbitals (Q,E):
 ---------------
 A :1...5            ( 2.00   -10.2432)  ( 2.00    -0.6749)  ( 2.00    -0.4339)  ( 2.00    -0.2459)
                     ( 0.00    -0.1386)

 CYCLE    8
  SDIIS (wt  1.000): -0.0000  0.0000 -0.0000  0.0004 -0.0213 -0.0030  1.0239
  DIIS coefficients: -0.0000  0.0000 -0.0000  0.0004 -0.0213 -0.0030  1.0239
 SCF Error: norm([F,P])=      0.000000778514, max([F,P])=      0.000000291214
 orbitals (Q,E):
 ---------------
 A :1...5            ( 2.00   -10.2432)  ( 2.00    -0.6749)  ( 2.00    -0.4339)  ( 2.00    -0.2459)
                     ( 0.00    -0.1386)

 SCF CONVERGED

 CYCLE    9
1
 ***************************************************************************************************



                                                *******************
                                                *  R E S U L T S  *
                                                *******************
  
  
 Hartree-Fock exchange energy:   -5.78956893226867     
 *** Using FIT density in Focky
  SDIIS (wt  1.000):  0.0000  0.0000  0.0000  0.0000 -0.0007 -0.0082  0.0151  0.9939
  DIIS coefficients:  0.0000  0.0000  0.0000  0.0000 -0.0007 -0.0082  0.0151  0.9939
 SCF Error: norm([F,P])=      0.000000076263, max([F,P])=      0.000000026438

 Orbital Energies, per Irrep and Spin:
 ======================================
                        Occup              E (au)              E (eV)       Diff (eV) with prev. cycle
                        -----      --------------------        ------       --------------------------
 A
               1        2.000     -0.10243153091091E+02      -278.730              -4.62E-08
               2        2.000     -0.67490216997593E+00       -18.365              -2.53E-08
               3        2.000     -0.43394730984248E+00       -11.808              -6.05E-08
               4        2.000     -0.24588893427646E+00        -6.691              -4.61E-07
               5        0.000     -0.13859578339518E+00        -3.771
               6        0.000      0.16868801138209E-01         0.459
               7        0.000      0.69698011307407E-01         1.897
               8        0.000      0.18467419203573E+00         5.025
               9        0.000      0.18797657634208E+00         5.115
              10        0.000      0.20824136129234E+00         5.667
              11        0.000      0.26141345497075E+00         7.113
              12        0.000      0.41314488102824E+00        11.242
              13        0.000      0.51254097381755E+00        13.947
              14        0.000      0.52002378172758E+00        14.151
  
 HOMO :        4 A                -0.24588893427646E+00
 LUMO :        5 A                -0.13859578339518E+00
  


 All Electron Calculation, thus no Orbital Energies of the Core Orbitals are calculated


 Fit test: (difference of exact and fit density, squared integrated, result summed over spins)
         Sum-of-Fragments:                             0.00000000007930
         Orthogonalized Fragments:                     0.00001379948814
         SCF:                                          0.00010137541088



 ==========================
 Electron Density at Nuclei
 ==========================
  
 The electron density is calculated at points on a small sphere around the center of a nucleus.
 The printed electron density is the average electron density on these points.
 The radius of the sphere is the printed approximate finite nuclear radius.

         Atom        Nuclear Radius (Angstrom)             Electron Density (a.u.)
         ----        -------------------------             -----------------------
     1)   H                 0.0000181514                                0.51363
     2)   C                 0.0000320678                              126.90447
     3)   H                 0.0000181514                                0.51308



 =======================================
 M U L L I K E N   P O P U L A T I O N S
 =======================================
  
 The survey below gives for each atom:
 a) the total charge (Z minus electrons)
 b) the net spin polarization (nr of electrons spin-A minus spin-B)
 c) for each spin the atomic electron valence density (integrated) per L-value.

 Atom              Charge    Spin density          S         P         D         F
 ----              ------    ------------       ------    ------    ------    ------
 1 H              -0.0498                       0.9808    0.0690    0.0000    0.0000
 2 C               0.0995                       3.5092    2.3636    0.0277    0.0000
 3 H              -0.0496                       0.9808    0.0689    0.0000    0.0000

 Populations of individual BAS functions
 ----------------------------------------
 1 H            0.0129  0.6241  0.3438  0.0287  0.0403  0.0000
 3 H            0.0133  0.6239  0.3436  0.0271  0.0417  0.0000
 2 C            0.4764  1.5286  0.5665  0.9953 -0.0575 -0.0941  0.2759  0.0000  0.8525  0.8744
                0.0000  0.2045  0.2505  0.0000  0.0173  0.0132 -0.0000 -0.0022  0.0000 -0.0006

 Gross Charges per Atom (Z minus electrons)
 ==========================================
            -0.0498    0.0995   -0.0496
 Net Total: -0.00000000


 Atom-Atom Population Matrix (off-diagonal elements not doubled)
 ===============================================================

     1 :     0.7955
     2 :     0.3525    5.1954
     3 :    -0.0982    0.3526    0.7952



 =================================================
 H I R S H F E L D   C H A R G E   A N A L Y S I S
 =================================================
  
 For each fragment: the (numerical) integral of rho(scf) * rho(fragment)/rho(sum-of-fragments)
 (nuclear charges are included, electrons are counted negative)

 The fragments and their ordering are defined in the early G E O M E T R Y output section.
 If you use single-atom fragments, this usually implies that all atoms of the same
 chemical type are grouped together. This may not be the order in which you listed them
 in the input file!

    1  H                         0.0334
    2  H                         0.0333
    3  C                        -0.0667

 Sum of these charges (accuracy NumInt/Tails) =           0.00000709



 =============================
 V O R O N O I   C H A R G E S
 =============================
  
 For each atom: the (numerical) integral of the total electronic charge density in its Voronoi cell,
 i.e. the region of space that is closer to that atom than to any other atom.
 (cf. Wigner-Seitz cells in crystals)

 Within the Voronoi cell the subintegrals over the atomic sphere and the remaining part are evaluated
 separately to give the numbers of electrons (negative charge) in these regions.
 The net total charge in the cell (including the nuclear charge) is also given.

 Values are provided for
    a) the Initial (sum-of-fragments) density
    b) the Orthogonalized-Fragments density
    c) the SCF density
    d) the Voronoi Deformation Density (VDD): the difference SCF-Initial for the complete atomic cell


  Atom                Initial                    OrthFrag                   SCF
             Sphere RestCell NetTotal   Sphere RestCell NetTotal   Sphere RestCell NetTotal      VDD
 -----       ------------------------   ------------------------   ------------------------    -----
    1 H      -0.073   -1.417   -0.489   -0.092   -1.279   -0.370   -0.111   -1.361   -0.472    0.017
    2 C      -2.249   -2.786    0.965   -2.337   -2.934    0.729   -2.272   -2.796    0.932   -0.033
    3 H      -0.072   -1.403   -0.476   -0.091   -1.267   -0.359   -0.111   -1.349   -0.460    0.016
 ---------------------------------------------------------------------------------------------------
 Total NetCharge:               0.000                      0.000                      0.000    0.000
 (accuracy NumInt/Tails)

 Remark: the 'NetTotal' Voronoi charges often do not match the Mulliken and/or Hirshfeld charges very
 well. This is caused by the fact that chemically different atoms are not treated in accordance with
 their relative sizes. (Voronoi cells are defined by boundary planes halfway between the atoms.)
 However, the CHANGES in charge, comparing 'Initial' to 'SCF' for instance, do give a fair indication
 of the flow of charge caused by the relaxation from sum-of-fragments to self-consistency.

 Warning: the absolute accuracy of the VDD charges obtained using the Fuzzy Cells (Becke) integration
 scheme is much poorer than the one obtained with an 'equivalent' Voronoi integration grid. 



 =================================================================
 M U L T I P O L E   D E R I V E D   C H A R G E   A N A L Y S I S
 =================================================================

 This charge analysis uses the atomic multipoles (obtained from the fitted density) up to some level X,
 and reconstructs these multipoles exactly (up to level X) by distributing charges over all atoms.
 This is achieved by using Lagrange multipliers and a weight function to keep the multipoles local.

 Dummy atoms can be included (by setting INCDUM in MDC-block to 1) to obtain a fractional charge.
 This is generally useful and necessary only for small symmetrical molecules, when there are not
 enough degrees of freedom to reconstruct the multipoles.

 Since the atomic multipoles are reconstructed up to level X,
 the molecular multipoles are represented also up to level X.
 The recommended level is to reconstruct up to quadrupole : -> MDC-q charges.

 See: M. Swart, P.Th. van Duijnen, J.G. Snijders, J.Comput.Chem., (2001), p. 79-88.

 ------------------------------------------------------------- 
 Atomic electronic multipole moments from SCF equations (a.u.)
 ------------------------------------------------------------- 

   atom        charge        dip-x     dip-y     dip-z      quad-xx   quad-xy   quad-xz   quad-yy   quad-yz   quad-zz
 --------------------------------------------------------------------------------------------------------------------
    1 H     -0.069480     0.029364 -0.006318 -0.000000     0.006043  0.169692  0.000000 -0.012739  0.000000  0.006696
    2 C      0.138970    -0.300341  0.865013  0.000000     0.336923  0.452226 -0.000000 -1.375368 -0.000000  1.038444
    3 H     -0.069490    -0.019328 -0.023211  0.000000     0.246144 -0.032928  0.000000 -0.252913 -0.000000  0.006769

 --------------------------------------- 
 Multipole derived atomic charges (a.u.)
 --------------------------------------- 

 The MDC-m charges are just the Monopole terms in the multipole expansion, while for the MDC-d charges
 also the Dipoles are reconstructed. The usually preferred charges are the MDC-q charges.
 These reconstruct the Monopoles, Dipoles and Quadrupoles (both atomic AND molecular).

        Atom    Level:     MDC-m        MDC-d        MDC-q
 ---------------------------------------------------------
     1     H           -0.069480     0.310480    -0.095607
     2     C            0.138970    -0.620455     0.185501
     3     H           -0.069490     0.309974    -0.089894

 ------------------------------------------------ 
 Average absolute deviations in atomic multipoles
 ------------------------------------------------ 

 Stated here are the average differences between the atomic multipoles
 and the reconstructed atomic multipoles (from the distributed charges).
 If these values are not zero, this means there are not enough degrees of freedom,
 to be able to reconstruct the atomic multipoles. (This usually happens only
 for small and/or highly symmetric molecules). If this is the case, one could add
 dummy atoms as extra point charges (and setting INCDUM in MDC-block to 1).

 Level:                                 MDC-d        MDC-q
 ---------------------------------------------------------
 Charge   (a.u.)                       0.0000       0.0000
 Dipole   (Debye)                      0.0000       0.3748
 Quad.    (a.u.)                       0.3817       0.1887

 --------------------------------------- 
 Represented molecular multipole moments
 --------------------------------------- 

 Given here are the Molecular multipole moments from the atomic charges, and from the Fit Density.
 Note that the atomic charges represent the latter, NOT the ones from the Exact density.

            Q (a.u.)             Dipole moment (Debye)                                          Quadrupole moment (a.u.)
                                 x         y         z              xx        xy        xz        yy        yz        zz
------------------------------------------------------------------------------------------------------------------------
MDC-m         0.0000        0.1354   -0.3885    0.0000          0.0918    0.3811    0.0000   -0.9087    0.0000    0.8169
MDC-d         0.0000       -0.6024    1.7351    0.0000         -0.4136   -1.6966    0.0000    4.0609    0.0000   -3.6473
MDC-q         0.0000        0.1575   -0.5266    0.0000          0.1614    0.4581    0.0000   -1.2523    0.0000    1.0909
 
Fit.Dens.     0.0000       -0.6024    1.7351    0.0000         -1.1271   -1.5249   -0.0000    2.1715    0.0000   -1.0444



 =============
 Dipole Moment  ***  (Debye)  ***
 =============
  
 Vector   :        -0.60375291      1.73807523     -0.00000001
 Magnitude:         1.83995192

 This molecular dipole moment is calculated with analytic integration



 =========================================
 Quadrupole Moment (Buckingham convention)  ***  (a.u.)  ***
 =========================================
  
      quad-xx        quad-xy        quad-xz        quad-yy        quad-yz        quad-zz
     -1.12776189    -1.23401193     0.00000000     2.17775133    -0.00000001    -1.04998944

 This molecular quadrupole moment is calculated with analytic integration
1



 ===========================
 B O N D I N G   E N E R G Y  ***  (decomposition)  ***
 ===========================
  
*** IMPORTANT NOTE ***

The bond energy is computed as an energy difference between molecule and
fragments. In particular when the fragments are single atoms, they are usually
computed as SPHERICALLY SYMMETRIC and SPIN-RESTRICTED. Obviously, this usually
does NOT represent the true atomic groundstate.

To obtain the 'real' bond energy, (atomic) correction terms must be applied
for the true (multiplet) fragment ground state. See ref: E.J.Baerends,
V.Branchadell, M.Sodupe, Chem.Phys.Lett.265 (1997) 481

General theoretical background on the bond energy decomposition scheme used
here (Morokuma-Ziegler) can be found in the review paper:
F.M. Bickelhaupt and E.J. Baerends,
"Kohn-Sham Density Functional Theory: Predicting and Understanding Chemistry"
In: Rev. Comput. Chem.; Lipkowitz, K. B. and Boyd, D. B., Eds.;
Wiley-VCH: New York, 2000, Vol. 15, 1-86.

Symbols used in the Bickelhaupt-Baerends (BB) paper are given below to make
the direct connection to that paper, where detailed explanations can be found
on the meaning of the various terms.


                                                   hartree              eV         kcal/mol           kJ/mol
                                      --------------------     -----------       ----------      -----------
  pauli hf:                              0.068204795135745          1.8559            42.80           179.07
  elstat hf:                            -0.113058285954521         -3.0765           -70.95          -296.83

Pauli Repulsion
  Kinetic (Delta T^0):                   2.762640580112397         75.1753          1733.58          7253.31
  Delta V^Pauli Coulomb:                -1.181004223758578        -32.1368          -741.09         -3100.73
  Delta V^Pauli Hybrid-X:               -0.262709853974910         -7.1487          -164.85          -689.74
  Delta V^Pauli Hybrid-C:               -0.025804632424860         -0.7022           -16.19           -67.75
  Delta V^Pauli HF-Exchange:            -0.044853490818776         -1.2205           -28.15          -117.76
                                      --------------------     -----------       ----------      -----------
  Total Pauli Repulsion:                 1.248268379135271         33.9671           783.30          3277.33
 (Total Pauli Repulsion =
  Delta E^Pauli in BB paper)

Steric Interaction
  Pauli Repulsion (Delta E^Pauli):       1.248268379135271         33.9671           783.30          3277.33
  Electrostatic Interaction:            -0.161618395024762         -4.3979          -101.42          -424.33
 (Electrostatic Interaction =
  Delta V_elstat in the BB paper)
                                      --------------------     -----------       ----------      -----------
  Total Steric Interaction:              1.086649984110510         29.5693           681.88          2853.00
 (Total Steric Interaction =
  Delta E^0 in the BB paper)

Orbital Interactions
  A:                                    -1.585274838560466        -43.1375          -994.78         -4162.14
  HF orbital correction:                 0.000000003077131          0.0000             0.00             0.00
                                      --------------------     -----------       ----------      -----------
  Total Orbital Interactions:           -1.585274835483334        -43.1375          -994.78         -4162.14

Alternative Decomposition Orb.Int.
  Kinetic:                              -2.229218927625612        -60.6601         -1398.86         -5852.81
  Coulomb:                               0.821984514300889         22.3673           515.80          2158.12
  XC+HF:                                -0.178040422158611         -4.8447          -111.72          -467.45
  XC only:                              -0.050486074924454         -1.3738           -31.68          -132.55
  HF Orbital:                           -0.127554347234157         -3.4709           -80.04          -334.89
                                      --------------------     -----------       ----------      -----------
  Total Orbital Interactions:           -1.585274835483334        -43.1375          -994.78         -4162.14

  Residu (E=Steric+OrbInt+Res):         -0.000010604350602         -0.0003            -0.01            -0.03

Total Bonding Energy:                   -0.498635455723427        -13.5686          -312.90         -1309.17


Summary of Bonding Energy (energy terms are taken from the energy decomposition above)
======================================================================================

  Electrostatic Energy:                 -0.161618395024762         -4.3979          -101.42          -424.33
  Kinetic Energy:                        0.533421652486784         14.5151           334.73          1400.50
  Coulomb (Steric+OrbInt) Energy:       -0.359030313808291         -9.7697          -225.29          -942.63
  XC Energy:                            -0.511408399377158        -13.9161          -320.91         -1342.70
                                      --------------------     -----------       ----------      -----------
  Total Bonding Energy:                 -0.498635455723427        -13.5686          -312.90         -1309.17


Correction terms (incorporated in energies above; only for test purposes):

1. Indication of fit-quality: 1st-order fit-correction used in the energy (hartree):   0.0000709546
2. Electrostatic (Fit correction):   0.0000000000
1



 =======================================================
 S F O   P O P U L A T I O N S ,   M O   A N A L Y S I S
 =======================================================
  
 A Mulliken population analysis is performed on (input-)selected MOs. All populations refer to SFOs.
 BAS populations may have been printed directly after the SCF part.


                                       === A ===


 SFO contributions (%) per orbital
 (multiplication by the orbital occupation yields the SFO Gross Populations)

 Orb.:        1      2      3      4      5      6      7      8
 occup:     2.00   2.00   2.00   2.00   0.00   0.00   0.00   0.00
 CF+SFO     ----   ----   ----   ----   ----   ----   ----   ----
 ------
      1:    0.01  19.35  25.61   2.45  -0.00  20.78  33.89   1.35
      2:   -0.00  -0.31   1.11   0.97  -0.00  36.49  29.44  -0.28
      3:    0.00  -0.34   0.14   0.05  -0.00  -1.03   2.98  -3.34
      4:    0.01   1.00  -0.32   0.74  -0.00   0.46  -0.05  -2.16
      5:    0.01   0.97   0.33   0.71  -0.00   0.45   0.34   1.10
      6:    0.00   0.00   0.00   0.00   3.29   0.00  -0.00  -0.00
      7:    0.01  19.26  25.69   2.47  -0.00  20.85  33.87   1.31
      8:   -0.00  -0.31   1.11   0.97  -0.00  36.55  29.31  -0.25
      9:    0.00  -0.34   0.14   0.05  -0.00  -1.03   2.98  -3.29
     10:    0.01   1.96  -0.40  -0.21  -0.00   0.93   0.20  -1.07
     11:    0.00   0.01   0.41   1.66   0.00  -0.01   0.09   0.03
     12:    0.00  -0.00   0.00   0.00   3.28   0.00   0.00  -0.00
     13:   99.95   0.00   0.00   0.00  -0.00  -0.01  -0.00   0.01
     14:   -0.00  54.18   0.00  22.10   0.00   0.87  -0.00  12.83
     15:    0.00  -0.43   0.00  -0.35   0.00 -15.64  -0.00 -12.46
     18:    0.00   0.51  40.44   7.38  -0.00   0.09   1.89   0.53
     19:    0.00   0.01   0.17  -0.01  -0.00  -0.08 -32.11  10.86
     21:    0.00   4.30   4.89  60.98  -0.00   0.73   0.22   4.68
     22:    0.00   0.11   0.02  -0.09   0.00  -0.59  -3.88  91.08
     24:   -0.00   0.00  -0.00   0.00  92.95   0.00  -0.00  -0.00


 Summation over all MOs, multiplied by occupation: Total SFO Gross Populations in this Irrep
 ===========================================================================================

     0.95    0.04   -0.00    0.03    0.04    0.00    0.95    0.04   -0.00    0.03    0.04    0.00
     2.00    1.53   -0.02   -0.00   -0.00    0.97    0.00   -0.01    1.40    0.00   -0.00    0.00
     0.00    0.00    0.01    0.01    0.01   -0.00    0.00



 List of selected MOs, ordered by energy, with the most significant SFO gross populations
 ========================================================================================

 Each percentage contribution in the table below corres ponds to the indicated SFO.
 In general, a SFO may be a linear combination of several Fragment Orbitals on the same,
 or on symmetry-related Fragments. Only the first 'member' of such a combination is
 specified here. A full definition of all SFOs is given in an earlier part of the output.
 The numbering of the SFOs in this table does NOT include the Core Orbitals, and starts
 from one for each symmetry representation, as in the SFO definition list earlier.

       E(eV)  Occ       MO           %     SFO (first member)   E(eV)  Occ   Fragment
 -------------------------------------------------------------------------------------

     -18.365  2.00     2 A         54.18%     2 S             -15.345  2.00     3 C
                                   19.35%     1 S              -6.641  1.00     1 H
                                   19.26%     1 S              -6.641  1.00     2 H
                                    4.30%     1 P:y            -5.110  0.67     3 C
                                    1.96%     1 P:x            11.865  0.00     2 H
                                    1.00%     1 P:x            11.865  0.00     1 H
     -11.808  2.00     3 A         40.44%     1 P:x            -5.110  0.67     3 C
                                   25.69%     1 S              -6.641  1.00     2 H
                                   25.61%     1 S              -6.641  1.00     1 H
                                    4.89%     1 P:y            -5.110  0.67     3 C
                                    1.11%     2 S               2.836  0.00     1 H
                                    1.11%     2 S               2.836  0.00     2 H
      -6.691  2.00     4 A         60.98%     1 P:y            -5.110  0.67     3 C
                                   22.10%     2 S             -15.345  2.00     3 C
                                    7.38%     1 P:x            -5.110  0.67     3 C
                                    2.47%     1 S              -6.641  1.00     2 H
                                    2.45%     1 S              -6.641  1.00     1 H
                                    1.66%     1 P:y            11.865  0.00     2 H
      -3.771  0.00     5 A         92.95%     1 P:z            -5.110  0.67     3 C
                                    3.29%     1 P:z            11.865  0.00     1 H
                                    3.28%     1 P:z            11.865  0.00     2 H
       0.459  0.00     6 A         36.55%     2 S               2.836  0.00     2 H
                                   36.49%     2 S               2.836  0.00     1 H
                                   20.85%     1 S              -6.641  1.00     2 H
                                   20.78%     1 S              -6.641  1.00     1 H
                                  -15.64%     3 S              10.943  0.00     3 C
                                   -1.03%     3 S              42.568  0.00     2 H
                                   -1.03%     3 S              42.568  0.00     1 H



 =======================================================================
 Electrostatic potential at the Nuclei due to electrons and other nuclei
 =======================================================================
  
         Atom                  Potential
         ----                  ---------
     1)   H                   1.08154133
     2)   C                  14.72466935
     3)   H                   1.08200656
 Mulliken charges used for AMS results%charges...


    =====================
     CALCULATION RESULTS
    =====================

Energy (hartree)            -0.49863546


--------------
Atomic charges
--------------
  Index   Atom    Charge
      1      H   -0.0498
      2      C    0.0995
      3      H   -0.0496


Dipole moment vector    (Debye):    -0.60375291    1.73807523   -0.00000001
              magnitude (Debye):     1.83995192


-----------------------
Molecular orbitals info
-----------------------
n orbitals:               31
n spin:                    1

Note: only printing virtual orbitals with
      energy smaller than HOMO + 100. eV

HOMO (eV):              -6.6910
LUMO (eV):              -3.7714
HOMO-LUMO gap (eV):      2.9196

   Index   Energy (eV)    Occupation
      27       63.7682         0.000       
      26       61.4835         0.000       
      25       57.8364         0.000       
      24       57.7701         0.000       
      23       55.0772         0.000       
      22       48.1034         0.000       
      21       45.5609         0.000       
      20       44.3390         0.000       
      19       33.3332         0.000       
      18       32.9004         0.000       
      17       23.6827         0.000       
      16       20.4124         0.000       
      15       18.0240         0.000       
      14       14.1506         0.000       
      13       13.9469         0.000       
      12       11.2422         0.000       
      11        7.1134         0.000       
      10        5.6665         0.000       
       9        5.1151         0.000       
       8        5.0252         0.000       
       7        1.8966         0.000       
       6        0.4590         0.000       
       5       -3.7714         0.000 < LUMO
       4       -6.6910         2.000 < HOMO
       3      -11.8083         2.000       
       2      -18.3650         2.000       
       1     -278.7304         2.000       

AMS application finished. Exiting.
NORMAL TERMINATION
     Total cpu time:       3.05
  Total system time:      21.47
 Total elapsed time:      28.21
