

 Parallel Execution: Process Information
 ==============================================================================
 Rank   Node Name                              NodeID   MyNodeRank  NodeMaster
    0   c007                                      0          0          0
    1   c007                                      1          0          1
    2   c007                                      0          1         -1
    3   c007                                      1          1         -1
    4   c007                                      0          2         -1
    5   c007                                      1          2         -1
    6   c007                                      0          3         -1
    7   c007                                      1          3         -1
    8   c007                                      0          4         -1
    9   c007                                      1          4         -1
   10   c007                                      0          5         -1
   11   c007                                      1          5         -1
   12   c007                                      0          6         -1
   13   c007                                      1          6         -1
   14   c007                                      0          7         -1
   15   c007                                      1          7         -1
   16   c007                                      0          8         -1
   17   c007                                      1          8         -1
   18   c007                                      0          9         -1
   19   c007                                      1          9         -1
   20   c007                                      0         10         -1
   21   c007                                      1         10         -1
   22   c007                                      0         11         -1
   23   c007                                      1         11         -1
   24   c007                                      0         12         -1
   25   c007                                      1         12         -1
   26   c007                                      0         13         -1
   27   c007                                      1         13         -1
   28   c007                                      0         14         -1
   29   c007                                      1         14         -1
   30   c007                                      0         15         -1
   31   c007                                      1         15         -1
   32   c007                                      2          0          2
   33   c007                                      3          0          3
   34   c007                                      2          1         -1
   35   c007                                      3          1         -1
   36   c007                                      2          2         -1
   37   c007                                      3          2         -1
   38   c007                                      2          3         -1
   39   c007                                      3          3         -1
   40   c007                                      2          4         -1
   41   c007                                      3          4         -1
   42   c007                                      2          5         -1
   43   c007                                      3          5         -1
   44   c007                                      2          6         -1
   45   c007                                      3          6         -1
   46   c007                                      2          7         -1
   47   c007                                      3          7         -1
   48   c007                                      2          8         -1
   49   c007                                      3          8         -1
   50   c007                                      2          9         -1
   51   c007                                      3          9         -1
   52   c007                                      2         10         -1
   53   c007                                      3         10         -1
   54   c007                                      2         11         -1
   55   c007                                      3         11         -1
   56   c007                                      2         12         -1
   57   c007                                      3         12         -1
   58   c007                                      2         13         -1
   59   c007                                      3         13         -1
   60   c007                                      2         14         -1
   61   c007                                      3         14         -1
   62   c007                                      2         15         -1
   63   c007                                      3         15         -1
   64   c007                                      4          0          4
   65   c007                                      5          0          5
   66   c007                                      4          1         -1
   67   c007                                      5          1         -1
   68   c007                                      4          2         -1
   69   c007                                      5          2         -1
   70   c007                                      4          3         -1
   71   c007                                      5          3         -1
   72   c007                                      4          4         -1
   73   c007                                      5          4         -1
   74   c007                                      4          5         -1
   75   c007                                      5          5         -1
   76   c007                                      4          6         -1
   77   c007                                      5          6         -1
   78   c007                                      4          7         -1
   79   c007                                      5          7         -1
   80   c007                                      4          8         -1
   81   c007                                      5          8         -1
   82   c007                                      4          9         -1
   83   c007                                      5          9         -1
   84   c007                                      4         10         -1
   85   c007                                      5         10         -1
   86   c007                                      4         11         -1
   87   c007                                      5         11         -1
   88   c007                                      4         12         -1
   89   c007                                      5         12         -1
   90   c007                                      4         13         -1
   91   c007                                      5         13         -1
   92   c007                                      4         14         -1
   93   c007                                      5         14         -1
   94   c007                                      4         15         -1
   95   c007                                      5         15         -1
   96   c007                                      6          0          6
   97   c007                                      7          0          7
   98   c007                                      6          1         -1
   99   c007                                      7          1         -1
  100   c007                                      6          2         -1
  101   c007                                      7          2         -1
  102   c007                                      6          3         -1
  103   c007                                      7          3         -1
  104   c007                                      6          4         -1
  105   c007                                      7          4         -1
  106   c007                                      6          5         -1
  107   c007                                      7          5         -1
  108   c007                                      6          6         -1
  109   c007                                      7          6         -1
  110   c007                                      6          7         -1
  111   c007                                      7          7         -1
  112   c007                                      6          8         -1
  113   c007                                      7          8         -1
  114   c007                                      6          9         -1
  115   c007                                      7          9         -1
  116   c007                                      6         10         -1
  117   c007                                      7         10         -1
  118   c007                                      6         11         -1
  119   c007                                      7         11         -1
  120   c007                                      6         12         -1
  121   c007                                      7         12         -1
  122   c007                                      6         13         -1
  123   c007                                      7         13         -1
  124   c007                                      6         14         -1
  125   c007                                      7         14         -1
  126   c007                                      6         15         -1
  127   c007                                      7         15         -1
 ==============================================================================


May use up to 14980MB of RAM as shared memory on node 0
May use up to 15377MB of RAM as shared memory on node 1
May use up to 15377MB of RAM as shared memory on node 2
May use up to 15377MB of RAM as shared memory on node 3
May use up to 15359MB of RAM as shared memory on node 5
May use up to 15372MB of RAM as shared memory on node 6
May use up to 15377MB of RAM as shared memory on node 7
May use up to 15377MB of RAM as shared memory on node 4

 *******************************************************************************
 *                                                                             *
 *  --------------------------------                                           *
 *   Amsterdam Modeling Suite (AMS)              2023.104                      *
 *  --------------------------------                                           *
 *                                               r115785 2023-10-06            *
 *                                                                             *
 *                                                                             *
 *                              =================                              *
 *                              |               |                              *
 *                              |     A M S     |                              *
 *                              |               |                              *
 *                              =================                              *
 *                                                                             *
 *                                                                             *
 *   Online information and documentation:  https://www.scm.com/support/       *
 *   E-mail:  support@scm.com   info@scm.com                                   *
 *                                                                             *
 *   Scientific publications using AMS results must be properly referenced     *
 *   See the User Manuals (or the web site) for recommended citations          *
 *   The terms and conditions of the End User License Agreement apply to       *
 *   the use of AMS, https://www.scm.com/license-terms/                        *
 *                                                                             *
 **********************  x86_64_linux_intel / intelmpi  ************************
 
 Licensed to: Dr. Amanda Morgenstern / University of Colorado / Colorado Springs / Colorado / USA 2024-12-20 19:21:38
 SCM User ID: u21568
  
 AMS 2023.104  RunTime: Apr19-2025 15:48:50  ShM Nodes: 8  Procs: 128

 AMS jobname: TETS_I2_B3LYP_TZP_gas_fragments_noH2O.CH2OH
 AMS jobid  : 1014971291

 Start   directory: /home/amorgens/adf_calcs/tetramine/final_ams_calcs/Intermediate2_stabilities/fragments/
 Results directory: /home/amorgens/adf_calcs/tetramine/final_ams_calcs/Intermediate2_stabilities/fragments/TETS_I2_B3LYP_TZP_gas_fragments_noH2O.CH2OH.results/
 Scratch directory: /tmp/amstmp_TETS_I2_B3LYP_TZP_gas_fragments_noH2O.CH2OH_kid0.1014971291/


 Communication costs MPI_COMM_WORLD:      4.359 usec per message,   0.0929 usec per 8-byte item
 Communication costs for intra-node:      3.061 usec per message,   0.0113 usec per 8-byte item

 RNG seed: -1248530741 -323836514 443536633 -897209632 1605463882 1207646930 -209375694 188687869



                     **************************************************************************
                     *  ADF 2023.104  RunTime: Apr19-2025 15:48:51  ShM Nodes: 8  Procs: 128  *
                     **************************************************************************
  

       ****************************
       * SINGLE POINT CALCULATION *
       ****************************
 
--------
Geometry
--------
Formula: CH3O
Atoms
  Index Symbol   x (angstrom)   y (angstrom)   z (angstrom)
      1      H    -1.65121793    -0.28454155     1.97874197       region=CH2OH
      2      H    -3.80378046     0.30530684     2.12158628       region=CH2OH
      3      C    -1.91569738     0.76540436     2.06108347       region=CH2OH
      4      O    -3.22088462     1.02493262     2.40736818       region=CH2OH
      5      H    -1.25301699     1.27567615     2.75906406       region=CH2OH
 
Total System Charge             1.00000
Bonding info available!
 
 
----------------
ADF Engine Input
----------------
 
 Basis
 Type TZP
 Core None
 End
 XC
 Hybrid B3LYP
 End
 Title CH2OH fragment
 Relativity
 Level None
 End
 Symmetry NOSYM
 

 Title: CH2OH fragment

 *** adf ***



 ===========================
 A T T A C H E D   F I L E S
 ===========================
  



 ===============================
 M O D E L   P A R A M E T E R S
 ===============================
  
 DENSITY FUNCTIONAL POTENTIAL (scf)
    Hybrid:                            B3LYP                                   == Not Default ==

 SPIN  (restricted / unrestr.)
    Molecule:                          Restricted                               
    Fragments:                         Restricted                               

 OTHER ASPECTS
    Relativistic Corrections:          ---                                     == Not Default ==

    Nuclear Charge Density Model:      Point Charge Nuclei                      
    Core Treatment:                    Frozen Orbital(s)                        

    Hyperfine or Zeeman Interaction:   ---                                      


 Fragment File(s)
 ----------------
 H:
         file : /home/amorgens/adf_calcs/tetramine/final_ams_calcs/Intermediate2_stabilities/fragments/TETS_I2_B3LYP_TZP_gas_fragments_noH2O.CH2OH.results/t21.3526984.H
         jobid: 0
         title: Hydrogen (TZP)
 C:
         file : /home/amorgens/adf_calcs/tetramine/final_ams_calcs/Intermediate2_stabilities/fragments/TETS_I2_B3LYP_TZP_gas_fragments_noH2O.CH2OH.results/t21.28079B0C.C
         jobid: 0
         title: Carbon (TZP)
 O:
         file : /home/amorgens/adf_calcs/tetramine/final_ams_calcs/Intermediate2_stabilities/fragments/TETS_I2_B3LYP_TZP_gas_fragments_noH2O.CH2OH.results/t21.5DEA99D5.O
         jobid: 0
         title: Oxygen (TZP)



 ===============
 G E O M E T R Y  ***  3D  Molecule  ***
 ===============
  

 ATOMS
 =====                            X Y Z                    CHARGE
                                (Angstrom)             Nucl     +Core       At.Mass
                       --------------------------    ----------------       -------
    1  H              -1.6512   -0.2845    1.9787      1.00      1.00        1.0078
    2  H              -3.8038    0.3053    2.1216      1.00      1.00        1.0078
    3  C              -1.9157    0.7654    2.0611      6.00      6.00       12.0000
    4  O              -3.2209    1.0249    2.4074      8.00      8.00       15.9949
    5  H              -1.2530    1.2757    2.7591      1.00      1.00        1.0078


 FRAGMENTS
 =========                                     Atoms in this Fragment     Cart. coord.s (Angstrom)
                                               -------------------------------------------------------
    1  H                                                 1  H           -1.6512   -0.2845    1.9787
    2  H                                                 2  H           -3.8038    0.3053    2.1216
    3  H                                                 5  H           -1.2530    1.2757    2.7591
    4  C                                                 3  C           -1.9157    0.7654    2.0611
    5  O                                                 4  O           -3.2209    1.0249    2.4074


 Interatomic Distance Matrix (Angstrom)
 --------------------------------------

   1)     0.000
   2)     2.236   0.000
   3)     1.086   1.944   0.000
   4)     2.089   0.969   1.375   0.000
   5)     1.789   2.803   1.089   2.015   0.000

 Min. Distance =    0.9692
 Max. Distance =    2.8026



 =====================================
 S Y M M E T R Y ,   E L E C T R O N S
 =====================================
  
 Symmetry: NOSYM

 Irreducible Representations, including subspecies
 -------------------------------------------------
 A

 Symmetry is NOT used when fitting density


 Configuration of Valence Electrons
 ==================================
 ( determined in the SCF procedure )

 Total:   16

 Net Charge: 1 (Nuclei minus Electrons)

 Aufbau principle for MO occupations will be applied through SCF cycle no.     150
 Thereafter, the program will assign electrons to MOs that are spatially
 similar to the occupied MOs in a "reference" cycle ("KeepOrbitals").
 The reference cycle is always the PREVIOUS cycle: it will evolve with
 the SCF procedure.
1
 ***************************************************************************************************



                                      ****************************************
                                      *  B U I L D : (Fragments, Functions)  *
                                      ****************************************
  



 =======
 S F O s  ***  (Symmetrized Fragment Orbitals)  ***
 =======
  
 SFOs are linear combinations of (valence) Fragment Orbitals (FOs), such that the SFOs transform as the
 irreducible representations of the (molecular) symmetry group. Each SFO is therefore characterized by
 an irrep of the molecule and by a few (or only one) generating FOs.
 The SFOs constitute a symmetry-adapted basis for the Fock matrix. The MO eigenvector coefficients in
 this basis provide a direct interpretation of the MOs in terms of Frontier Orbital Theory.

 The SFOs are combined with auxiliary Core Functions (CFs) to ensure orthogonalization on the (frozen)
 Core Orbitals (COs). The Core-orthogonalized SFOs (CSFOs) constitute the true Fock basis.

 The FOs, and hence also the (C)SFOs are combinations of the elementary basis functions (BAS). The basis
 functions that participate in the description of the SFOs depend on the irrep. The indices of the
 involved functions are printed below for each irrep.
 (The complete list of primitive basis functions is printed in another section)

 Total nr. of (C)SFOs (summation over all irreps) :    56

 NOTE: a (C)SFO that is defined as a combination of more than one FO is usually NOT normalized.



                                       === A ===
 Nr. of SFOs :   56
 Cartesian basis functions that participate in this irrep (total number =    58) :
      1     2     3     4     5     6     7     8     9    10
     11    12    13    14    15    16    17    18    19    20
     21    22    23    24    27    30    25    28    31    26
     29    32    33    34    35    36    37    38    39    40
     41    42    43    44    47    50    45    48    51    46
     49    52    53    54    55    56    57    58

    SFO  (index         Fragment          Generating    Expansion in Fragment Orbitals
  indx  incl.CFs)   Occup   Orb.Energy   FragmentType  Coeff.   Orbital     on Fragment
 --------------------------------------------------------------------------------------
     1       1      1.000      -0.244 au  H             1.00      1 S               1
                        (      -6.641 eV)
     2       2       --         0.104 au  H             1.00      2 S               1
                        (       2.836 eV)
     3       3       --         1.564 au  H             1.00      3 S               1
                        (      42.568 eV)
     4       4       --         0.436 au  H             1.00      1 P:x             1
                        (      11.865 eV)
     5       5       --         0.436 au  H             1.00      1 P:y             1
                        (      11.865 eV)
     6       6       --         0.436 au  H             1.00      1 P:z             1
                        (      11.865 eV)
     7       7      1.000      -0.244 au  H             1.00      1 S               2
                        (      -6.641 eV)
     8       8       --         0.104 au  H             1.00      2 S               2
                        (       2.836 eV)
     9       9       --         1.564 au  H             1.00      3 S               2
                        (      42.568 eV)
    10      10       --         0.436 au  H             1.00      1 P:x             2
                        (      11.865 eV)
    11      11       --         0.436 au  H             1.00      1 P:y             2
                        (      11.865 eV)
    12      12       --         0.436 au  H             1.00      1 P:z             2
                        (      11.865 eV)
    13      13      1.000      -0.244 au  H             1.00      1 S               3
                        (      -6.641 eV)
    14      14       --         0.104 au  H             1.00      2 S               3
                        (       2.836 eV)
    15      15       --         1.564 au  H             1.00      3 S               3
                        (      42.568 eV)
    16      16       --         0.436 au  H             1.00      1 P:x             3
                        (      11.865 eV)
    17      17       --         0.436 au  H             1.00      1 P:y             3
                        (      11.865 eV)
    18      18       --         0.436 au  H             1.00      1 P:z             3
                        (      11.865 eV)
    19      19      2.000     -10.347 au  C             1.00      1 S               4
                        (    -281.544 eV)
    20      20      2.000      -0.564 au  C             1.00      2 S               4
                        (     -15.345 eV)
    21      21       --         0.402 au  C             1.00      3 S               4
                        (      10.943 eV)
    22      22       --         5.509 au  C             1.00      4 S               4
                        (     149.900 eV)
    23      23       --        50.546 au  C             1.00      5 S               4
                        (    1375.414 eV)
    24      24      0.667      -0.188 au  C             1.00      1 P:x             4
                        (      -5.110 eV)
    25      25       --         0.191 au  C             1.00      2 P:x             4
                        (       5.204 eV)
    26      26       --         2.089 au  C             1.00      3 P:x             4
                        (      56.851 eV)
    27      27      0.667      -0.188 au  C             1.00      1 P:y             4
                        (      -5.110 eV)
    28      28       --         0.191 au  C             1.00      2 P:y             4
                        (       5.204 eV)
    29      29       --         2.089 au  C             1.00      3 P:y             4
                        (      56.851 eV)
    30      30      0.667      -0.188 au  C             1.00      1 P:z             4
                        (      -5.110 eV)
    31      31       --         0.191 au  C             1.00      2 P:z             4
                        (       5.204 eV)
    32      32       --         2.089 au  C             1.00      3 P:z             4
                        (      56.851 eV)
    33      33       --         1.292 au  C             1.00      1 D:z2            4
                        (      35.150 eV)
    34      34       --         1.292 au  C             1.00      1 D:x2-y2         4
                        (      35.150 eV)
    35      35       --         1.292 au  C             1.00      1 D:xy            4
                        (      35.150 eV)
    36      36       --         1.292 au  C             1.00      1 D:xz            4
                        (      35.150 eV)
    37      37       --         1.292 au  C             1.00      1 D:yz            4
                        (      35.150 eV)
    38      38      2.000     -19.301 au  O             1.00      1 S               5
                        (    -525.210 eV)
    39      39      2.000      -0.971 au  O             1.00      2 S               5
                        (     -26.409 eV)
    40      40       --         0.840 au  O             1.00      3 S               5
                        (      22.860 eV)
    41      41       --        13.636 au  O             1.00      4 S               5
                        (     371.062 eV)
    42      42       --       123.735 au  O             1.00      5 S               5
                        (    3367.004 eV)
    43      43      1.333      -0.361 au  O             1.00      1 P:x             5
                        (      -9.826 eV)
    44      44       --         0.380 au  O             1.00      2 P:x             5
                        (      10.335 eV)
    45      45       --         3.936 au  O             1.00      3 P:x             5
                        (     107.096 eV)
    46      46      1.333      -0.361 au  O             1.00      1 P:y             5
                        (      -9.826 eV)
    47      47       --         0.380 au  O             1.00      2 P:y             5
                        (      10.335 eV)
    48      48       --         3.936 au  O             1.00      3 P:y             5
                        (     107.096 eV)
    49      49      1.333      -0.361 au  O             1.00      1 P:z             5
                        (      -9.826 eV)
    50      50       --         0.380 au  O             1.00      2 P:z             5
                        (      10.335 eV)
    51      51       --         3.936 au  O             1.00      3 P:z             5
                        (     107.096 eV)
    52      52       --         1.117 au  O             1.00      1 D:z2            5
                        (      30.395 eV)
    53      53       --         1.117 au  O             1.00      1 D:x2-y2         5
                        (      30.395 eV)
    54      54       --         1.117 au  O             1.00      1 D:xy            5
                        (      30.395 eV)
    55      55       --         1.117 au  O             1.00      1 D:xz            5
                        (      30.395 eV)
    56      56       --         1.117 au  O             1.00      1 D:yz            5
                        (      30.395 eV)



 ================================
 (Slater-type)  F U N C T I O N S  ***  (Basis and Fit)  ***
 ================================
  

 Atom Type    1  (H)
 ==============

 Valence Basis Sets:   4
 -----------------------
   1 S    0.690000
   1 S    0.920000
   1 S    1.580000
   2 P    1.250000

 Charge Fitting Sets (for the computation of the Coulomb Potential):  11
 -----------------------------------------------------------------------
   1 S    3.160000
   1 S    2.090000
   1 S    1.380000
   2 S    1.500000
   2 P    4.000000
   2 P    2.650000
   2 P    1.750000
   3 D    4.000000
   3 D    2.500000
   4 F    3.000000
   5 G    4.000000

 Atom Type    2  (C)
 ==============

 Valence Basis Sets:   9
 -----------------------
   1 S    7.680000
   1 S    5.000000
   2 S    1.280000
   2 S    2.100000
   2 S    4.600000
   2 P    0.820000
   2 P    1.480000
   2 P    2.940000
   3 D    2.200000

 Charge Fitting Sets (for the computation of the Coulomb Potential):  22
 -----------------------------------------------------------------------
   1 S   15.360000
   2 S   17.530000
   2 S   12.070000
   2 S    8.310000
   2 S    5.730000
   3 S    5.780000
   3 S    4.220000
   3 S    3.080000
   3 S    2.250000
   3 S    1.640000
   2 P    9.880000
   2 P    5.800000
   3 P    5.050000
   3 P    3.230000
   3 P    2.060000
   3 D    7.200000
   3 D    4.400000
   3 D    2.690000
   3 D    1.640000
   4 F    5.400000
   4 F    3.550000
   5 G    4.500000

 Atom Type    3  (O)
 ==============

 Valence Basis Sets:   9
 -----------------------
   1 S    9.800000
   1 S    6.800000
   2 S    7.580000
   2 S    2.880000
   2 S    1.720000
   2 P    4.080000
   2 P    2.080000
   2 P    1.120000
   3 D    2.000000

 Charge Fitting Sets (for the computation of the Coulomb Potential):  22
 -----------------------------------------------------------------------
   1 S   19.600000
   2 S   22.600000
   2 S   15.680000
   2 S   10.890000
   2 S    7.560000
   3 S    7.690000
   3 S    5.650000
   3 S    4.150000
   3 S    3.050000
   3 S    2.240000
   2 P   12.860000
   2 P    7.680000
   3 P    6.780000
   3 P    4.390000
   3 P    2.840000
   3 D    8.800000
   3 D    5.580000
   3 D    3.530000
   3 D    2.240000
   4 F    6.200000
   4 F    3.700000
   5 G    4.500000


 BAS: List of all Elementary Cartesian Basis Functions
 =====================================================

 The numbering in the list below (to the right of the function characteristics) is referred
 to in print-outs of MO eigenvectors and Mulliken populations in the BAS representation
 (as contrasted to the SFO representation).

 Notes:
 1. The functions are characterized by a polynomial prefactor (powers of x,y,z and r) and
    an exponential decay factor alpha.
 2. Since the basis sets are specific for an atom TYPE, the individual functions occur on
    all atoms of that type.
 3. The word 'Core' in the left margin signals that it is a Core Function (CF) : not a
    degree of freedom in the valence set, but only used to ensure orthogonalization of
    the other valence basis functions on the frozen Core Orbitals.


 (power of) X  Y  Z  R     Alpha  on Atom
            ==========     =====     ==========

 H                                    1    2    3
                                  ---------------------------------------------------------------------------
            0  0  0  0     0.690      1    7   13
            0  0  0  0     0.920      2    8   14
            0  0  0  0     1.580      3    9   15
            1  0  0  0     1.250      4   10   16
            0  1  0  0     1.250      5   11   17
            0  0  1  0     1.250      6   12   18

 C                                    4
                                  ---------------------------------------------------------------------------
            0  0  0  0     7.680     19
            0  0  0  0     5.000     20
            0  0  0  1     1.280     21
            0  0  0  1     2.100     22
            0  0  0  1     4.600     23
            1  0  0  0     0.820     24
            0  1  0  0     0.820     25
            0  0  1  0     0.820     26
            1  0  0  0     1.480     27
            0  1  0  0     1.480     28
            0  0  1  0     1.480     29
            1  0  0  0     2.940     30
            0  1  0  0     2.940     31
            0  0  1  0     2.940     32
            2  0  0  0     2.200     33
            1  1  0  0     2.200     34
            1  0  1  0     2.200     35
            0  2  0  0     2.200     36
            0  1  1  0     2.200     37
            0  0  2  0     2.200     38

 O                                    5
                                  ---------------------------------------------------------------------------
            0  0  0  0     9.800     39
            0  0  0  0     6.800     40
            0  0  0  1     7.580     41
            0  0  0  1     2.880     42
            0  0  0  1     1.720     43
            1  0  0  0     4.080     44
            0  1  0  0     4.080     45
            0  0  1  0     4.080     46
            1  0  0  0     2.080     47
            0  1  0  0     2.080     48
            0  0  1  0     2.080     49
            1  0  0  0     1.120     50
            0  1  0  0     1.120     51
            0  0  1  0     1.120     52
            2  0  0  0     2.000     53
            1  1  0  0     2.000     54
            1  0  1  0     2.000     55
            0  2  0  0     2.000     56
            0  1  1  0     2.000     57
            0  0  2  0     2.000     58

 Total number of charge fitting functions (nprimf)       318
 Total number of Cartesian basis functions (naos)         58
 Total number of Cartesian core functions  (ncos)          0

1
 ***************************************************************************************************



                                              ***********************
                                              *  T E C H N I C A L  *
                                              ***********************
  



 =============================================================
 P A R A L L E L I Z A T I O N  and  V E C T O R I Z A T I O N
 =============================================================
  
 Nr of parallel processes:                              128
 Maximum vector length in NumInt loops:                 128



 =====================
 S C F   U P D A T E S
 =====================
  
 Max. nr. of cycles:                               300
 Convergence criterion:                              0.0000010000
   secondary criterion:                              0.0010000000

 Mix parameter (when DIIS does not apply):           0.2000000000
 Mixed ADIIS+SDIIS will be used                  
    Max number of expansion vectors:                10
    Pure ADIIS when Max([F,P]) is above              0.1000000000
    Pure SDIIS when Max([F,P]) is below              0.0010000000
 Automatic ElectronSmearing (in case of problematic SCF convergence) disabled



 =================
 P R E C I S I O N  ***  (General: NumInt, NeglectFunctionTails, ...)  ***
 =================
  

 NumInt:           Target precision:                 4.0000000000
 -------           Initial precision:                4.0000000000
                   Min. precision (optimization):    4.0000000000

 Neglect Functions:          Basis functions:        0.1000000000E-05
 ------------------          Fit functions:          0.1000000000E-05



 ===========================
 L I N E A R   S C A L I N G
 ===========================
  

 Cut-off radii density fit:                        0.1000000000E-07
 Overlap cut-off criterion AO matrix elements:     0.1000000000E-05
 Cut-offs for Coulomb potential and fitted density:0.1000000000E-07
 Cut-off criterion for Coulomb multipole terms:    0.1000000000E-07
 Progressive Convergence parameter:                 0.000000000    
1
 ***************************************************************************************************



                                            ***************************
                                            *  C O M P U T A T I O N  *
                                            ***************************
  

 Number of elements of the density matrix on this node (used, total):       210      1711



 ===========================================
 Numerical Integration : Fuzzy Cells (Becke)
 ===========================================
  
 Becke grid quality: NORMAL         
  
 Lebedev angular grid order:             min:  11 max:  23
 Nr. of radial points:                   min:  46 max:  52

 Total nr. of points:      30782
 Nr. of blocks:              241
 Block length:               128
 Nr. of dummy points:         66


 Test of Precision of the Numerical Integration Grid
 ===================================================

 Integral of the Total Core Density:                   0.00000000000000



 ========================
 Density Fitting (zlmFit)
 ========================
  
 ZlmFit Fit Quality: NORMAL         
  
 Max L-expansion:                        min:   5 max:   6
 Nr. of radial interpolation points:     min:  36 max:  54



 ======================
 RI Hartree-Fock Scheme
 ======================
  
 Fit Set Quality     : NORMAL
 Threshold Quality   : NORMAL
 Integration Quality : NORMAL
 Fit Generation Method : AUTO
 Response Quality    : DEFAULT
 Is Range Separated  :  F
 
 RIHartreeFock Dependency: number of modified vectors:           1



 =====
 S C F  ***  ScaSCF  ***
 =====
  
 Initial density matrix is calculated as sum of fragments

 CYCLE    1
 SCF Error: norm([F,P])=      3.257728633664, max([F,P])=      1.374755139274
 orbitals (Q,E):
 ---------------
 A :1...18           ( 2.00   -19.4136)  ( 2.00   -10.4519)  ( 2.00    -1.2645)  ( 2.00    -0.8488)
                     ( 2.00    -0.6697)  ( 2.00    -0.5850)  ( 2.00    -0.5118)  ( 2.00    -0.4756)
                     ( 0.00    -0.2609)  ( 0.00    -0.0552)  ( 0.00    -0.0142)  ( 0.00     0.0190)
                     ( 0.00     0.0652)  ( 0.00     0.1297)  ( 0.00     0.1426)  ( 0.00     0.1626)
                     ( 0.00     0.2002)  ( 0.00     0.2307)

 CYCLE    2
   MIX coefficients:  0.8000  0.2000
 SCF Error: norm([F,P])=      0.416915403199, max([F,P])=      0.126665451435
 orbitals (Q,E):
 ---------------
 A :1...9            ( 2.00   -19.3909)  ( 2.00   -10.5063)  ( 2.00    -1.2775)  ( 2.00    -0.8798)
                     ( 2.00    -0.7029)  ( 2.00    -0.6189)  ( 2.00    -0.5390)  ( 2.00    -0.5107)
                     ( 0.00    -0.2997)

 CYCLE    3
  SDIIS (wt  0.000): -0.4370  1.4370
 A-DIIS (wt  1.000):  0.0000  1.0000
  DIIS coefficients:  0.0000  1.0000
 SCF Error: norm([F,P])=      0.162799298724, max([F,P])=      0.034007535322
 orbitals (Q,E):
 ---------------
 A :1...9            ( 2.00   -19.4759)  ( 2.00   -10.6511)  ( 2.00    -1.3890)  ( 2.00    -1.0097)
                     ( 2.00    -0.8626)  ( 2.00    -0.7810)  ( 2.00    -0.7043)  ( 2.00    -0.6714)
                     ( 0.00    -0.4440)

 CYCLE    4
  SDIIS (wt  0.000):  0.8425 -0.7699  0.9274
 A-DIIS (wt  1.000):  0.0000  0.7047  0.2953
  DIIS coefficients:  0.0000  0.7047  0.2953
 SCF Error: norm([F,P])=      0.266884568947, max([F,P])=      0.095498206495
 orbitals (Q,E):
 ---------------
 A :1...9            ( 2.00   -19.5426)  ( 2.00   -10.6240)  ( 2.00    -1.4090)  ( 2.00    -1.0122)
                     ( 2.00    -0.8684)  ( 2.00    -0.7864)  ( 2.00    -0.7202)  ( 2.00    -0.6844)
                     ( 0.00    -0.4419)

 CYCLE    5
  SDIIS (wt  0.928): -0.1059  0.2926  0.0188  0.7945
 A-DIIS (wt  0.072):  0.0000  0.0000  0.0000  1.0000
  DIIS coefficients: -0.0982  0.2715  0.0174  0.8093
 SCF Error: norm([F,P])=      0.032202023585, max([F,P])=      0.008164791186
 orbitals (Q,E):
 ---------------
 A :1...9            ( 2.00   -19.5366)  ( 2.00   -10.6319)  ( 2.00    -1.4013)  ( 2.00    -1.0119)
                     ( 2.00    -0.8671)  ( 2.00    -0.7869)  ( 2.00    -0.7159)  ( 2.00    -0.6847)
                     ( 0.00    -0.4409)

 CYCLE    6
  SDIIS (wt  0.981):  0.0010  0.0008 -0.0107  0.1620  0.8470
 A-DIIS (wt  0.019):  0.0000  0.0000  0.0000  0.0000  1.0000
  DIIS coefficients:  0.0010  0.0008 -0.0105  0.1590  0.8498
 SCF Error: norm([F,P])=      0.008772540351, max([F,P])=      0.002838971234
 orbitals (Q,E):
 ---------------
 A :1...9            ( 2.00   -19.5375)  ( 2.00   -10.6300)  ( 2.00    -1.4018)  ( 2.00    -1.0111)
                     ( 2.00    -0.8667)  ( 2.00    -0.7861)  ( 2.00    -0.7160)  ( 2.00    -0.6843)
                     ( 0.00    -0.4402)

 CYCLE    7
  SDIIS (wt  1.000):  0.0023 -0.0047 -0.0022  0.0313  0.2446  0.7287
  DIIS coefficients:  0.0023 -0.0047 -0.0022  0.0313  0.2446  0.7287
 SCF Error: norm([F,P])=      0.000949637519, max([F,P])=      0.000246450016
 orbitals (Q,E):
 ---------------
 A :1...9            ( 2.00   -19.5377)  ( 2.00   -10.6304)  ( 2.00    -1.4020)  ( 2.00    -1.0112)
                     ( 2.00    -0.8668)  ( 2.00    -0.7863)  ( 2.00    -0.7161)  ( 2.00    -0.6844)
                     ( 0.00    -0.4403)

 CYCLE    8
  SDIIS (wt  1.000): -0.0006  0.0000 -0.0017  0.0047  0.0444  0.2201  0.7331
  DIIS coefficients: -0.0006  0.0000 -0.0017  0.0047  0.0444  0.2201  0.7331
 SCF Error: norm([F,P])=      0.000211804134, max([F,P])=      0.000058646332
 orbitals (Q,E):
 ---------------
 A :1...9            ( 2.00   -19.5376)  ( 2.00   -10.6303)  ( 2.00    -1.4019)  ( 2.00    -1.0112)
                     ( 2.00    -0.8667)  ( 2.00    -0.7862)  ( 2.00    -0.7161)  ( 2.00    -0.6843)
                     ( 0.00    -0.4403)

 CYCLE    9
  SDIIS (wt  1.000):  0.0001 -0.0002 -0.0000 -0.0005 -0.0001  0.0200  0.2238  0.7568
  DIIS coefficients:  0.0001 -0.0002 -0.0000 -0.0005 -0.0001  0.0200  0.2238  0.7568
 SCF Error: norm([F,P])=      0.000049988571, max([F,P])=      0.000014511393
 orbitals (Q,E):
 ---------------
 A :1...9            ( 2.00   -19.5376)  ( 2.00   -10.6303)  ( 2.00    -1.4019)  ( 2.00    -1.0112)
                     ( 2.00    -0.8667)  ( 2.00    -0.7863)  ( 2.00    -0.7161)  ( 2.00    -0.6843)
                     ( 0.00    -0.4403)

 CYCLE   10
  SDIIS (wt  1.000): -0.0000  0.0000 -0.0000 -0.0001 -0.0012 -0.0037  0.0079  0.0985  0.8985
  DIIS coefficients: -0.0000  0.0000 -0.0000 -0.0001 -0.0012 -0.0037  0.0079  0.0985  0.8985
 SCF Error: norm([F,P])=      0.000007963096, max([F,P])=      0.000002791298
 orbitals (Q,E):
 ---------------
 A :1...9            ( 2.00   -19.5376)  ( 2.00   -10.6303)  ( 2.00    -1.4019)  ( 2.00    -1.0112)
                     ( 2.00    -0.8667)  ( 2.00    -0.7863)  ( 2.00    -0.7161)  ( 2.00    -0.6843)
                     ( 0.00    -0.4403)

 CYCLE   11
  SDIIS (wt  1.000):  0.0000  0.0000 -0.0000  0.0000 -0.0001 -0.0011 -0.0073 -0.0122  0.1428  0.8779
  DIIS coefficients:  0.0000  0.0000 -0.0000  0.0000 -0.0001 -0.0011 -0.0073 -0.0122  0.1428  0.8779
 SCF Error: norm([F,P])=      0.000001065535, max([F,P])=      0.000000335779
 orbitals (Q,E):
 ---------------
 A :1...9            ( 2.00   -19.5376)  ( 2.00   -10.6303)  ( 2.00    -1.4019)  ( 2.00    -1.0112)
                     ( 2.00    -0.8667)  ( 2.00    -0.7863)  ( 2.00    -0.7161)  ( 2.00    -0.6843)
                     ( 0.00    -0.4403)

 SCF CONVERGED

 CYCLE   12
1
 ***************************************************************************************************



                                                *******************
                                                *  R E S U L T S  *
                                                *******************
  
  
 Hartree-Fock exchange energy:   -14.0450796581264     
 *** Using FIT density in Focky
  SDIIS (wt  1.000):  0.0000  0.0000  0.0000  0.0000 -0.0001 -0.0011 -0.0036 -0.0162  0.1114  0.9094
  DIIS coefficients:  0.0000  0.0000  0.0000  0.0000 -0.0001 -0.0011 -0.0036 -0.0162  0.1114  0.9094
 SCF Error: norm([F,P])=      0.000000167411, max([F,P])=      0.000000054009

 Orbital Energies, per Irrep and Spin:
 ======================================
                        Occup              E (au)              E (eV)       Diff (eV) with prev. cycle
                        -----      --------------------        ------       --------------------------
 A
               1        2.000     -0.19537601671588E+02      -531.645              -5.45E-07
               2        2.000     -0.10630298824017E+02      -289.265              -5.01E-07
               3        2.000     -0.14019350389196E+01       -38.149              -4.04E-07
               4        2.000     -0.10111753869606E+01       -27.515              -6.42E-07
               5        2.000     -0.86672286963569E+00       -23.585              -4.38E-07
               6        2.000     -0.78625965257369E+00       -21.395              -1.98E-07
               7        2.000     -0.71607666490582E+00       -19.485              -1.22E-07
               8        2.000     -0.68433470066277E+00       -18.622              -1.79E-07
               9        0.000     -0.44029737359277E+00       -11.981
              10        0.000     -0.22767553365132E+00        -6.195
              11        0.000     -0.17237658145102E+00        -4.691
              12        0.000     -0.14737528383691E+00        -4.010
              13        0.000     -0.10381521160338E+00        -2.825
              14        0.000     -0.55810160568492E-01        -1.519
              15        0.000     -0.39862990957205E-01        -1.085
              16        0.000     -0.99226397879491E-02        -0.270
              17        0.000      0.28048901856391E-01         0.763
              18        0.000      0.56219141388685E-01         1.530
  
 HOMO :        8 A                -0.68433470066277E+00
 LUMO :        9 A                -0.44029737359277E+00
  


 All Electron Calculation, thus no Orbital Energies of the Core Orbitals are calculated


 Fit test: (difference of exact and fit density, squared integrated, result summed over spins)
         Sum-of-Fragments:                             0.00000000026336
         Orthogonalized Fragments:                     0.00004553096097
         SCF:                                          0.00019178948344



 ==========================
 Electron Density at Nuclei
 ==========================
  
 The electron density is calculated at points on a small sphere around the center of a nucleus.
 The printed electron density is the average electron density on these points.
 The radius of the sphere is the printed approximate finite nuclear radius.

         Atom        Nuclear Radius (Angstrom)             Electron Density (a.u.)
         ----        -------------------------             -----------------------
     1)   H                 0.0000181514                                0.48709
     2)   H                 0.0000181514                                0.46219
     3)   C                 0.0000320678                              126.44868
     4)   O                 0.0000345546                              310.78023
     5)   H                 0.0000181514                                0.48333



 =======================================
 M U L L I K E N   P O P U L A T I O N S
 =======================================
  
 The survey below gives for each atom:
 a) the total charge (Z minus electrons)
 b) the net spin polarization (nr of electrons spin-A minus spin-B)
 c) for each spin the atomic electron valence density (integrated) per L-value.

 Atom              Charge    Spin density          S         P         D         F
 ----              ------    ------------       ------    ------    ------    ------
 1 H               0.0362                       0.8991    0.0647    0.0000    0.0000
 2 H               0.3754                       0.5434    0.0813    0.0000    0.0000
 3 C               0.8070                       2.9999    2.1242    0.0690    0.0000
 4 O              -0.2663                       3.8146    4.3913    0.0603    0.0000
 5 H               0.0477                       0.8924    0.0598    0.0000    0.0000

 Populations of individual BAS functions
 ----------------------------------------
 1 H           -0.0157  0.5633  0.3515  0.0132  0.0425  0.0089
 2 H            0.0454  0.0747  0.4233  0.0227  0.0304  0.0282
 5 H            0.0052  0.5347  0.3526  0.0184  0.0153  0.0262
 3 C            0.4797  1.5296  0.0276  1.0376 -0.0747 -0.1464 -0.1755 -0.0748  0.6857  0.8764
                0.4919  0.1722  0.1967  0.0980  0.0173  0.0193  0.0203  0.0149  0.0024 -0.0052
 4 O            0.6109  1.3836 -0.0262  1.0599  0.7864  0.2352  0.2892  0.2552  0.9250  1.0053
                0.9090  0.1189  0.3193  0.3343  0.0282  0.0209  0.0134 -0.0004  0.0069 -0.0087

 Gross Charges per Atom (Z minus electrons)
 ==========================================
             0.0362    0.3754    0.8070   -0.2663    0.0477
 Net Total:  1.00000000


 Atom-Atom Population Matrix (off-diagonal elements not doubled)
 ===============================================================

     1 :     0.6551
     2 :    -0.0123    0.3053
     3 :     0.4093   -0.0284    4.0651
     4 :    -0.0162    0.3640    0.3367    7.6151
     5 :    -0.0721   -0.0040    0.4104   -0.0333    0.6513



 =================================================
 H I R S H F E L D   C H A R G E   A N A L Y S I S
 =================================================
  
 For each fragment: the (numerical) integral of rho(scf) * rho(fragment)/rho(sum-of-fragments)
 (nuclear charges are included, electrons are counted negative)

 The fragments and their ordering are defined in the early G E O M E T R Y output section.
 If you use single-atom fragments, this usually implies that all atoms of the same
 chemical type are grouped together. This may not be the order in which you listed them
 in the input file!

    1  H                         0.1614
    2  H                         0.2712
    3  H                         0.1657
    4  C                         0.3520
    5  O                         0.0498

 Sum of these charges (accuracy NumInt/Tails) =           1.00000907



 =============================
 V O R O N O I   C H A R G E S
 =============================
  
 For each atom: the (numerical) integral of the total electronic charge density in its Voronoi cell,
 i.e. the region of space that is closer to that atom than to any other atom.
 (cf. Wigner-Seitz cells in crystals)

 Within the Voronoi cell the subintegrals over the atomic sphere and the remaining part are evaluated
 separately to give the numbers of electrons (negative charge) in these regions.
 The net total charge in the cell (including the nuclear charge) is also given.

 Values are provided for
    a) the Initial (sum-of-fragments) density
    b) the Orthogonalized-Fragments density
    c) the SCF density
    d) the Voronoi Deformation Density (VDD): the difference SCF-Initial for the complete atomic cell


  Atom                Initial                    OrthFrag                   SCF
             Sphere RestCell NetTotal   Sphere RestCell NetTotal   Sphere RestCell NetTotal      VDD
 -----       ------------------------   ------------------------   ------------------------    -----
    1 H      -0.072   -1.415   -0.487   -0.093   -1.283   -0.376   -0.104   -1.196   -0.300    0.187
    2 H      -0.079   -1.474   -0.554   -0.082   -1.340   -0.422   -0.100   -1.131   -0.230    0.323
    3 C      -2.258   -2.630    1.112   -2.388   -2.764    0.848   -2.276   -2.334    1.390    0.278
    4 O      -2.821   -4.754    0.425   -2.995   -4.671    0.335   -2.837   -4.724    0.439    0.014
    5 H      -0.072   -1.424   -0.496   -0.092   -1.292   -0.384   -0.103   -1.195   -0.298    0.198
 ---------------------------------------------------------------------------------------------------
 Total NetCharge:               0.000                      0.000                      1.000    1.000
 (accuracy NumInt/Tails)

 Remark: the 'NetTotal' Voronoi charges often do not match the Mulliken and/or Hirshfeld charges very
 well. This is caused by the fact that chemically different atoms are not treated in accordance with
 their relative sizes. (Voronoi cells are defined by boundary planes halfway between the atoms.)
 However, the CHANGES in charge, comparing 'Initial' to 'SCF' for instance, do give a fair indication
 of the flow of charge caused by the relaxation from sum-of-fragments to self-consistency.

 Warning: the absolute accuracy of the VDD charges obtained using the Fuzzy Cells (Becke) integration
 scheme is much poorer than the one obtained with an 'equivalent' Voronoi integration grid. 



 =================================================================
 M U L T I P O L E   D E R I V E D   C H A R G E   A N A L Y S I S
 =================================================================

 This charge analysis uses the atomic multipoles (obtained from the fitted density) up to some level X,
 and reconstructs these multipoles exactly (up to level X) by distributing charges over all atoms.
 This is achieved by using Lagrange multipliers and a weight function to keep the multipoles local.

 Dummy atoms can be included (by setting INCDUM in MDC-block to 1) to obtain a fractional charge.
 This is generally useful and necessary only for small symmetrical molecules, when there are not
 enough degrees of freedom to reconstruct the multipoles.

 Since the atomic multipoles are reconstructed up to level X,
 the molecular multipoles are represented also up to level X.
 The recommended level is to reconstruct up to quadrupole : -> MDC-q charges.

 See: M. Swart, P.Th. van Duijnen, J.G. Snijders, J.Comput.Chem., (2001), p. 79-88.

 ------------------------------------------------------------- 
 Atomic electronic multipole moments from SCF equations (a.u.)
 ------------------------------------------------------------- 

   atom        charge        dip-x     dip-y     dip-z      quad-xx   quad-xy   quad-xz   quad-yy   quad-yz   quad-zz
 --------------------------------------------------------------------------------------------------------------------
    1 H      0.069666     0.028565 -0.074576  0.030854    -0.056597 -0.038162  0.000055  0.149436  0.015646 -0.092839
    2 H      0.202501    -0.099811 -0.080953 -0.020736     0.025105  0.054650  0.015956  0.035713  0.035098 -0.060818
    3 C      0.610725     0.015007  0.029302 -0.026197    -0.029346 -0.034109  0.003855 -0.027999 -0.040839  0.057345
    4 O      0.036903    -0.063364 -0.267173 -0.111553     0.495003  0.193423 -0.020810 -0.120389  0.110203 -0.374615
    5 H      0.080205     0.041220  0.013229  0.077918     0.015647  0.042797  0.065972 -0.022808  0.053385  0.007160

 --------------------------------------- 
 Multipole derived atomic charges (a.u.)
 --------------------------------------- 

 The MDC-m charges are just the Monopole terms in the multipole expansion, while for the MDC-d charges
 also the Dipoles are reconstructed. The usually preferred charges are the MDC-q charges.
 These reconstruct the Monopoles, Dipoles and Quadrupoles (both atomic AND molecular).

        Atom    Level:     MDC-m        MDC-d        MDC-q
 ---------------------------------------------------------
     1     H            0.069666     0.138310     0.032354
     2     H            0.202501     0.425509     0.291909
     3     C            0.610725     0.489448     0.713862
     4     O            0.036903    -0.204133    -0.122640
     5     H            0.080205     0.150866     0.084515

 ------------------------------------------------ 
 Average absolute deviations in atomic multipoles
 ------------------------------------------------ 

 Stated here are the average differences between the atomic multipoles
 and the reconstructed atomic multipoles (from the distributed charges).
 If these values are not zero, this means there are not enough degrees of freedom,
 to be able to reconstruct the atomic multipoles. (This usually happens only
 for small and/or highly symmetric molecules). If this is the case, one could add
 dummy atoms as extra point charges (and setting INCDUM in MDC-block to 1).

 Level:                                 MDC-d        MDC-q
 ---------------------------------------------------------
 Charge   (a.u.)                       0.0000       0.0000
 Dipole   (Debye)                      0.0000       0.1456
 Quad.    (a.u.)                       0.1089       0.0186

 --------------------------------------- 
 Represented molecular multipole moments
 --------------------------------------- 

 Given here are the Molecular multipole moments from the atomic charges, and from the Fit Density.
 Note that the atomic charges represent the latter, NOT the ones from the Exact density.

            Q (a.u.)             Dipole moment (Debye)                                          Quadrupole moment (a.u.)
                                 x         y         z              xx        xy        xz        yy        yz        zz
------------------------------------------------------------------------------------------------------------------------
MDC-m         1.0000      -10.9255    3.1201   10.2614         11.7581   -7.2205  -25.9079  -16.7302    7.6532    4.9720
MDC-d         1.0000      -11.1247    2.1538   10.1350         14.3343   -3.8252  -25.4817  -18.2360    5.3416    3.9016
MDC-q         1.0000      -10.7698    2.9224   10.0512         12.0014   -5.8963  -24.7544  -16.5773    6.9201    4.5759
 
Fit.Dens.     1.0000      -11.1247    2.1538   10.1350         14.5529   -3.6587  -25.3421  -18.3068    5.2311    3.7540



 =============
 Dipole Moment  ***  (Debye)  ***
 =============
  
 Vector   :       -11.12132124      2.15009074     10.13552979
 Magnitude:        15.19985659

 This molecular dipole moment is calculated with analytic integration
 ************************************************************************************
 Since the molecule is NOT NEUTRAL, the dipole moment depends on the choice of origin
 ************************************************************************************



 =========================================
 Quadrupole Moment (Buckingham convention)  ***  (a.u.)  ***
 =========================================
  
      quad-xx        quad-xy        quad-xz        quad-yy        quad-yz        quad-zz
     14.54554402    -3.53428150   -25.29953162   -18.30590939     5.31073543     3.76036538

 This molecular quadrupole moment is calculated with analytic integration
1



 ===========================
 B O N D I N G   E N E R G Y  ***  (decomposition)  ***
 ===========================
  
*** IMPORTANT NOTE ***

The bond energy is computed as an energy difference between molecule and
fragments. In particular when the fragments are single atoms, they are usually
computed as SPHERICALLY SYMMETRIC and SPIN-RESTRICTED. Obviously, this usually
does NOT represent the true atomic groundstate.

To obtain the 'real' bond energy, (atomic) correction terms must be applied
for the true (multiplet) fragment ground state. See ref: E.J.Baerends,
V.Branchadell, M.Sodupe, Chem.Phys.Lett.265 (1997) 481

General theoretical background on the bond energy decomposition scheme used
here (Morokuma-Ziegler) can be found in the review paper:
F.M. Bickelhaupt and E.J. Baerends,
"Kohn-Sham Density Functional Theory: Predicting and Understanding Chemistry"
In: Rev. Comput. Chem.; Lipkowitz, K. B. and Boyd, D. B., Eds.;
Wiley-VCH: New York, 2000, Vol. 15, 1-86.

Symbols used in the Bickelhaupt-Baerends (BB) paper are given below to make
the direct connection to that paper, where detailed explanations can be found
on the meaning of the various terms.


                                                   hartree              eV         kcal/mol           kJ/mol
                                      --------------------     -----------       ----------      -----------
  pauli hf:                              0.157720895047927          4.2918            98.97           414.10
  elstat hf:                            -0.294704875324218         -8.0193          -184.93          -773.75

Pauli Repulsion
  Kinetic (Delta T^0):                   7.965042856251596        216.7398          4998.14         20912.22
  Delta V^Pauli Coulomb:                -4.084353039095968       -111.1409         -2562.97        -10723.47
  Delta V^Pauli Hybrid-X:               -0.726984818970109        -19.7823          -456.19         -1908.70
  Delta V^Pauli Hybrid-C:               -0.066693732778198         -1.8148           -41.85          -175.10
  Delta V^Pauli HF-Exchange:            -0.136983980276292         -3.7275           -85.96          -359.65
                                      --------------------     -----------       ----------      -----------
  Total Pauli Repulsion:                 2.950027285131029         80.2743          1851.17          7745.30
 (Total Pauli Repulsion =
  Delta E^Pauli in BB paper)

Steric Interaction
  Pauli Repulsion (Delta E^Pauli):       2.950027285131029         80.2743          1851.17          7745.30
  Electrostatic Interaction:            -0.554929653751456        -15.1004          -348.22         -1456.97
 (Electrostatic Interaction =
  Delta V_elstat in the BB paper)
                                      --------------------     -----------       ----------      -----------
  Total Steric Interaction:              2.395097631379574         65.1739          1502.95          6288.33
 (Total Steric Interaction =
  Delta E^0 in the BB paper)

Orbital Interactions
  A:                                    -3.137886969488388        -85.3862         -1969.05         -8238.52
  HF orbital correction:                -0.000004114936017         -0.0001            -0.00            -0.01
                                      --------------------     -----------       ----------      -----------
  Total Orbital Interactions:           -3.137891084424405        -85.3864         -1969.06         -8238.53

Alternative Decomposition Orb.Int.
  Kinetic:                              -7.446795425202133       -202.6376         -4672.94        -19551.56
  Coulomb:                               4.054126986091720        110.3184          2544.00         10644.11
  XC+HF:                                 0.254777354686009          6.9328           159.88           668.92
  XC only:                               0.393076577497542         10.6962           246.66          1032.02
  HF Orbital:                           -0.138299222811533         -3.7633           -86.78          -363.10
                                      --------------------     -----------       ----------      -----------
  Total Orbital Interactions:           -3.137891084424404        -85.3864         -1969.06         -8238.53

  Residu (E=Steric+OrbInt+Res):         -0.000082949830771         -0.0023            -0.05            -0.22

Total Bonding Energy:                   -0.742876402875601        -20.2147          -466.16         -1950.42


Summary of Bonding Energy (energy terms are taken from the energy decomposition above)
======================================================================================

  Electrostatic Energy:                 -0.554929653751456        -15.1004          -348.22         -1456.97
  Kinetic Energy:                        0.518247431049463         14.1022           325.21          1360.66
  Coulomb (Steric+OrbInt) Energy:       -0.030309002835019         -0.8247           -19.02           -79.58
  XC Energy:                            -0.675885177338590        -18.3918          -424.12         -1774.54
                                      --------------------     -----------       ----------      -----------
  Total Bonding Energy:                 -0.742876402875602        -20.2147          -466.16         -1950.42


Correction terms (incorporated in energies above; only for test purposes):

1. Indication of fit-quality: 1st-order fit-correction used in the energy (hartree):  -0.0003932107
2. Electrostatic (Fit correction):   0.0000000000
1



 =======================================================
 S F O   P O P U L A T I O N S ,   M O   A N A L Y S I S
 =======================================================
  
 A Mulliken population analysis is performed on (input-)selected MOs. All populations refer to SFOs.
 BAS populations may have been printed directly after the SCF part.


                                       === A ===


 SFO contributions (%) per orbital
 (multiplication by the orbital occupation yields the SFO Gross Populations)

 Orb.:        1      2      3      4      5      6      7      8      9     10     11     12
 occup:     2.00   2.00   2.00   2.00   2.00   2.00   2.00   2.00   0.00   0.00   0.00   0.00
 CF+SFO     ----   ----   ----   ----   ----   ----   ----   ----   ----   ----   ----   ----
 ------
      1:    0.00  -0.01   0.82   9.59  18.25   0.94   0.12  13.69   1.75   8.17  26.14  16.51
      2:    0.00  -0.00  -0.39   0.21   0.57   0.08   0.04   1.07   0.29   7.41  23.08  -1.64
      3:   -0.00  -0.00  -0.01  -0.28   0.00  -0.02  -0.00   0.30  -0.01  -0.58  -0.50   1.13
      4:    0.00   0.00   0.12  -0.00   0.01   0.47   0.07  -0.02  -0.01   1.64   1.30   1.07
      5:    0.00  -0.00   0.26   1.41   0.71  -0.09  -0.01  -0.14  -0.16   0.76   1.53   0.55
      6:   -0.00  -0.00   0.01   0.03  -0.00   0.10   0.26   0.04   1.70   0.00   0.18  -0.01
      7:   -0.02  -0.00   8.06   5.24   7.21  -0.08   0.12   2.46   0.05  42.88   2.86   5.72
      8:   -0.00  -0.00   0.01   1.76   0.64  -0.17  -0.04   1.20  -0.01  14.62  -2.76  -1.67
     10:   -0.00  -0.00   0.83  -0.24   0.04   0.39   0.07   0.05   0.00   1.60   0.90  -0.03
     11:   -0.01  -0.00   0.69   0.44  -0.13   0.12   0.39   0.02   0.07   3.25   0.00   0.36
     13:    0.00  -0.01   0.85  11.49   0.86  20.40   0.58   8.80   1.37   1.71  16.98  57.82
     14:   -0.00  -0.00  -0.27   0.27  -0.23   0.74  -0.01   1.17   0.54   1.54  15.71  19.52
     16:    0.00  -0.00   0.25   0.55   0.00   0.09   0.01   0.02  -0.01   0.77   2.02   0.01
     18:    0.00  -0.00   0.06   0.60   0.11   0.16   0.37   0.01   0.68   0.27   0.09   1.85
     19:   -0.00 100.03   0.00   0.00  -0.00  -0.00  -0.00   0.00  -0.00  -0.00  -0.00  -0.00
     20:   -0.01   0.00   5.89  37.07   4.66   0.11   2.59   0.00   8.29  -2.34   8.61   0.51
     21:   -0.00  -0.00  -1.16   1.04  -0.29  -0.03   0.01   0.11  -0.33  -2.63 -11.82   0.32
     24:   -0.00  -0.00   4.64   0.27   8.34  18.04   0.86  -0.03   0.15  14.32   3.59  19.93
     25:   -0.00   0.00  -0.82  -0.45   1.50   3.48   0.20   0.11   0.02   3.98   4.99  -7.12
     27:    0.00  -0.00   0.09  -0.01  14.78   7.69   5.91  15.55  10.83   0.44  -0.11  -1.10
     28:    0.00   0.00  -0.00  -0.00  -0.08  -0.25  -0.12   1.68   0.22  -0.31   0.12 -10.23
     30:   -0.00  -0.00   0.18   0.67   1.01   6.68  12.98   4.45  50.53   0.20   1.56  -1.08
     31:    0.00   0.00  -0.04   0.11   0.04  -0.38  -0.30   0.52   0.72   0.00  -0.26  -4.31
     38:  100.04   0.00   0.00  -0.00   0.00   0.00  -0.00   0.00  -0.00  -0.00  -0.00  -0.00
     39:    0.00   0.00  75.72   4.12   1.88   3.51   0.00   5.70   0.01   2.13   1.24   0.05
     40:   -0.00   0.00  -0.11   0.09  -0.09   0.06  -0.01  -0.18  -0.06  -4.42  -1.21  -1.01
     43:   -0.00   0.00   1.16  25.57  18.29  13.08   4.90   1.33  -0.01  -0.11   3.49   3.84
     44:    0.00  -0.00   0.03  -2.06   1.06   0.55   0.11  -0.01  -0.00  -0.50   0.63  -3.68
     46:    0.00   0.00   2.07   1.18  19.07   9.26  15.71  33.63   3.67   2.07   0.79  -0.15
     49:    0.00   0.00   0.86   0.00   0.69  14.07  53.07   6.51  18.75   0.73   0.18   0.37


 Summation over all MOs, multiplied by occupation: Total SFO Gross Populations in this Irrep
 ===========================================================================================

     0.87    0.03   -0.00    0.01    0.04    0.01    0.46    0.07    0.02    0.02    0.03    0.03
     0.86    0.03   -0.00    0.02    0.02    0.03    2.00    1.01   -0.01   -0.00   -0.00    0.64
     0.08   -0.01    0.88    0.02   -0.01    0.52   -0.00   -0.00    0.01    0.02    0.02    0.02
     0.00    2.00    1.82   -0.00   -0.00    0.00    1.29   -0.01   -0.00    1.62   -0.00   -0.00
     1.50   -0.01   -0.00    0.01    0.01    0.02    0.01    0.01



 List of selected MOs, ordered by energy, with the most significant SFO gross populations
 ========================================================================================

 Each percentage contribution in the table below corres ponds to the indicated SFO.
 In general, a SFO may be a linear combination of several Fragment Orbitals on the same,
 or on symmetry-related Fragments. Only the first 'member' of such a combination is
 specified here. A full definition of all SFOs is given in an earlier part of the output.
 The numbering of the SFOs in this table does NOT include the Core Orbitals, and starts
 from one for each symmetry representation, as in the SFO definition list earlier.

       E(eV)  Occ       MO           %     SFO (first member)   E(eV)  Occ   Fragment
 -------------------------------------------------------------------------------------

     -27.515  2.00     4 A         37.07%     2 S             -15.345  2.00     4 C
                                   25.57%     1 P:x            -9.826  1.33     5 O
                                   11.49%     1 S              -6.641  1.00     3 H
                                    9.59%     1 S              -6.641  1.00     1 H
                                    5.24%     1 S              -6.641  1.00     2 H
                                    4.12%     2 S             -26.409  2.00     5 O
                                   -2.06%     2 P:x            10.335  0.00     5 O
                                    1.76%     2 S               2.836  0.00     2 H
                                    1.41%     1 P:y            11.865  0.00     1 H
                                    1.18%     1 P:y            -9.826  1.33     5 O
                                    1.04%     3 S              10.943  0.00     4 C
     -23.585  2.00     5 A         19.07%     1 P:y            -9.826  1.33     5 O
                                   18.29%     1 P:x            -9.826  1.33     5 O
                                   18.25%     1 S              -6.641  1.00     1 H
                                   14.78%     1 P:y            -5.110  0.67     4 C
                                    8.34%     1 P:x            -5.110  0.67     4 C
                                    7.21%     1 S              -6.641  1.00     2 H
                                    4.66%     2 S             -15.345  2.00     4 C
                                    1.88%     2 S             -26.409  2.00     5 O
                                    1.50%     2 P:x             5.204  0.00     4 C
                                    1.06%     2 P:x            10.335  0.00     5 O
                                    1.01%     1 P:z            -5.110  0.67     4 C
     -21.395  2.00     6 A         20.40%     1 S              -6.641  1.00     3 H
                                   18.04%     1 P:x            -5.110  0.67     4 C
                                   14.07%     1 P:z            -9.826  1.33     5 O
                                   13.08%     1 P:x            -9.826  1.33     5 O
                                    9.26%     1 P:y            -9.826  1.33     5 O
                                    7.69%     1 P:y            -5.110  0.67     4 C
                                    6.68%     1 P:z            -5.110  0.67     4 C
                                    3.51%     2 S             -26.409  2.00     5 O
                                    3.48%     2 P:x             5.204  0.00     4 C
     -19.485  2.00     7 A         53.07%     1 P:z            -9.826  1.33     5 O
                                   15.71%     1 P:y            -9.826  1.33     5 O
                                   12.98%     1 P:z            -5.110  0.67     4 C
                                    5.91%     1 P:y            -5.110  0.67     4 C
                                    4.90%     1 P:x            -9.826  1.33     5 O
                                    2.59%     2 S             -15.345  2.00     4 C
     -18.622  2.00     8 A         33.63%     1 P:y            -9.826  1.33     5 O
                                   15.55%     1 P:y            -5.110  0.67     4 C
                                   13.69%     1 S              -6.641  1.00     1 H
                                    8.80%     1 S              -6.641  1.00     3 H
                                    6.51%     1 P:z            -9.826  1.33     5 O
                                    5.70%     2 S             -26.409  2.00     5 O
                                    4.45%     1 P:z            -5.110  0.67     4 C
                                    2.46%     1 S              -6.641  1.00     2 H
                                    1.68%     2 P:y             5.204  0.00     4 C
                                    1.33%     1 P:x            -9.826  1.33     5 O
                                    1.20%     2 S               2.836  0.00     2 H
                                    1.17%     2 S               2.836  0.00     3 H
                                    1.07%     2 S               2.836  0.00     1 H
     -11.981  0.00     9 A         50.53%     1 P:z            -5.110  0.67     4 C
                                   18.75%     1 P:z            -9.826  1.33     5 O
                                   10.83%     1 P:y            -5.110  0.67     4 C
                                    8.29%     2 S             -15.345  2.00     4 C
                                    3.67%     1 P:y            -9.826  1.33     5 O
                                    1.75%     1 S              -6.641  1.00     1 H
                                    1.70%     1 P:z            11.865  0.00     1 H
                                    1.37%     1 S              -6.641  1.00     3 H



 =======================================================================
 Electrostatic potential at the Nuclei due to electrons and other nuclei
 =======================================================================
  
         Atom                  Potential
         ----                  ---------
     1)   H                   0.74684129
     2)   H                   0.64346128
     3)   C                  14.32149564
     4)   O                  21.95489141
     5)   H                   0.75521400
 Mulliken charges used for AMS results%charges...


    =====================
     CALCULATION RESULTS
    =====================

Energy (hartree)            -0.74287640


--------------
Atomic charges
--------------
  Index   Atom    Charge
      1      H    0.0362
      2      H    0.3754
      3      C    0.8070
      4      O   -0.2663
      5      H    0.0477


Dipole moment vector    (Debye):   -11.12132124    2.15009074   10.13552979
              magnitude (Debye):    15.19985659


-----------------------
Molecular orbitals info
-----------------------
n orbitals:               56
n spin:                    1

Note: only printing virtual orbitals with
      energy smaller than HOMO + 100. eV

HOMO (eV):             -18.6217
LUMO (eV):             -11.9811
HOMO-LUMO gap (eV):      6.6406

   Index   Energy (eV)    Occupation
      47       75.7287         0.000       
      46       70.9590         0.000       
      45       61.1804         0.000       
      44       59.7193         0.000       
      43       57.0884         0.000       
      42       56.1322         0.000       
      41       51.8410         0.000       
      40       48.0327         0.000       
      39       46.4264         0.000       
      38       45.7972         0.000       
      37       38.0729         0.000       
      36       37.2765         0.000       
      35       34.1807         0.000       
      34       30.5241         0.000       
      33       28.3428         0.000       
      32       26.3104         0.000       
      31       25.0089         0.000       
      30       23.5639         0.000       
      29       19.6448         0.000       
      28       17.6218         0.000       
      27       16.2979         0.000       
      26       14.7053         0.000       
      25       11.5374         0.000       
      24        9.8187         0.000       
      23        8.0513         0.000       
      22        7.6799         0.000       
      21        5.2810         0.000       
      20        4.4999         0.000       
      19        3.7315         0.000       
      18        1.5298         0.000       
      17        0.7632         0.000       
      16       -0.2700         0.000       
      15       -1.0847         0.000       
      14       -1.5187         0.000       
      13       -2.8250         0.000       
      12       -4.0103         0.000       
      11       -4.6906         0.000       
      10       -6.1954         0.000       
       9      -11.9811         0.000 < LUMO
       8      -18.6217         2.000 < HOMO
       7      -19.4854         2.000       
       6      -21.3952         2.000       
       5      -23.5847         2.000       
       4      -27.5155         2.000       
       3      -38.1486         2.000       
       2     -289.2651         2.000       
       1     -531.6452         2.000       

AMS application finished. Exiting.
NORMAL TERMINATION
     Total cpu time:       4.26
  Total system time:      23.10
 Total elapsed time:      31.18
